#
# A fatal error has been detected by the Java Runtime Environment:
#
#  EXCEPTION_ACCESS_VIOLATION (0xc0000005) at pc=0x00000000ee138d70, pid=11472, tid=8104
#
# JRE version: Java(TM) SE Runtime Environment (8.0_31-b13) (build 1.8.0_31-b13)
# Java VM: Java HotSpot(TM) 64-Bit Server VM (25.31-b07 mixed mode windows-amd64 compressed oops)
# Problematic frame:
# C  0x00000000ee138d70
#
# Failed to write core dump. Minidumps are not enabled by default on client versions of Windows
#
# If you would like to submit a bug report, please visit:
#   http://bugreport.java.com/bugreport/crash.jsp
#

---------------  T H R E A D  ---------------

Current thread (0x00000000197fb000):  JavaThread "Daemon worker Thread 5" [_thread_in_Java, id=8104, stack(0x0000000026990000,0x0000000026a90000)]

siginfo: ExceptionCode=0xc0000005, ExceptionInformation=0x0000000000000008 0x00000000ee138d70

Registers:
RAX=0x00000000c0d79bb8, RBX=0x000000001883bb78, RCX=0x0000000002a03f40, RDX=0x00000000c0d79bb8
RSP=0x0000000026a8c4a0, RBP=0x00000000c0708ce0, RSI=0x000000010014b228, RDI=0x000000001df15028
R8 =0x00000000c0062b40, R9 =0x0000000000000000, R10=0x00000000c0d79bb8, R11=0x0000000002a946c0
R12=0x0000000000000000, R13=0x0000000026a8c490, R14=0x0000000026a8c538, R15=0x00000000197fb000
RIP=0x00000000ee138d70, EFLAGS=0x0000000000010246

Top of Stack: (sp=0x0000000026a8c4a0)
0x0000000026a8c4a0:   00000000ef11fcc0 0000000026a8c4a8
0x0000000026a8c4b0:   0000000026a8c520 00000000029077b0
0x0000000026a8c4c0:   000000001d733d68 00000000029077b0
0x0000000026a8c4d0:   00000000c0d79bb8 00000000c0062b20
0x0000000026a8c4e0:   0000000026a8c4e0 00000000009991e6
0x0000000026a8c4f0:   0000000026a8c538 0000000000999268
0x0000000026a8c500:   0000000000000000 00000000009991f8
0x0000000026a8c510:   0000000026a8c4d0 0000000026a8c540
0x0000000026a8c520:   0000000026a8c540 0000000003edc9c4
0x0000000026a8c530:   00000000c0d79bb8 00000000c0d79ab8
0x0000000026a8c540:   0000000026a8c580 000000001d767140
0x0000000026a8c550:   0000000000000000 000000001d7655f8
0x0000000026a8c560:   0000000000000000 0000000026a8c580
0x0000000026a8c570:   0000000026a8c5e8 0000000002907958
0x0000000026a8c580:   00000000ef120310 0000000002907958
0x0000000026a8c590:   00000000c0d79ab8 00000000ef120208 

Instructions: (pc=0x00000000ee138d70)
0x00000000ee138d50:   00 00 00 00 00 00 00 00 00 00 00 00 00 00 00 00
0x00000000ee138d60:   00 00 40 3f 00 00 00 00 00 00 00 00 00 00 00 00
0x00000000ee138d70:   05 00 00 00 00 00 00 00 7f 32 00 20 00 00 00 00
0x00000000ee138d80:   00 00 00 00 f0 0c 00 c0 05 00 00 00 00 00 00 00 


Register to memory mapping:

RAX=0x00000000c0d79bb8 is an oop
com.android.build.gradle.internal.core.GradleVariantConfiguration$$Lambda$8/804623086 
 - klass: 'com/android/build/gradle/internal/core/GradleVariantConfiguration$$Lambda$8'
RBX={method} {0x000000001883bb80} 'identity' '(Ljava/lang/Object;)Ljava/lang/Object;' in 'sun/invoke/util/ValueConversions'
RCX=0x0000000002a03f40 is at begin+12 in a stub
MethodHandle::interpreter_entry::_linkToStatic [0x0000000002a03f34, 0x0000000002a03f58[ (36 bytes)
RDX=0x00000000c0d79bb8 is an oop
com.android.build.gradle.internal.core.GradleVariantConfiguration$$Lambda$8/804623086 
 - klass: 'com/android/build/gradle/internal/core/GradleVariantConfiguration$$Lambda$8'
RSP=0x0000000026a8c4a0 is pointing into the stack for thread: 0x00000000197fb000
RBP=0x00000000c0708ce0 is an oop
java.lang.String 
 - klass: 'java/lang/String'
RSI=0x000000010014b228 is pointing into metadata
RDI=0x000000001df15028 is pointing into metadata
R8 =0x00000000c0062b40 is an oop
java.lang.invoke.MemberName 
 - klass: 'java/lang/invoke/MemberName'
R9 =0x0000000000000000 is an unknown value
R10=0x00000000c0d79bb8 is an oop
com.android.build.gradle.internal.core.GradleVariantConfiguration$$Lambda$8/804623086 
 - klass: 'com/android/build/gradle/internal/core/GradleVariantConfiguration$$Lambda$8'
R11=0x0000000002a946c0 is at entry_point+0 in (nmethod*)0x0000000002a94590
R12=0x0000000000000000 is an unknown value
R13=0x0000000026a8c490 is pointing into the stack for thread: 0x00000000197fb000
R14=0x0000000026a8c538 is pointing into the stack for thread: 0x00000000197fb000
R15=0x00000000197fb000 is a thread


Stack: [0x0000000026990000,0x0000000026a90000],  sp=0x0000000026a8c4a0,  free space=1009k
Native frames: (J=compiled Java code, j=interpreted, Vv=VM code, C=native code)
C  0x00000000ee138d70


---------------  P R O C E S S  ---------------

Java Threads: ( => current thread )
  0x00000000197fc000 JavaThread "Stdin handler" [_thread_blocked, id=11328, stack(0x0000000026a90000,0x0000000026b90000)]
=>0x00000000197fb000 JavaThread "Daemon worker Thread 5" [_thread_in_Java, id=8104, stack(0x0000000026990000,0x0000000026a90000)]
  0x00000000197fa800 JavaThread "Cancel handler" [_thread_blocked, id=12020, stack(0x0000000026890000,0x0000000026990000)]
  0x0000000019801000 JavaThread "Handler for socket connection from /127.0.0.1:54398 to /127.0.0.1:60405" [_thread_in_native, id=11752, stack(0x0000000026790000,0x0000000026890000)]
  0x0000000019800800 JavaThread "Daemon Thread 5" [_thread_blocked, id=6452, stack(0x0000000026690000,0x0000000026790000)]
  0x0000000019802800 JavaThread "pool-2-thread-4" [_thread_blocked, id=12268, stack(0x0000000022690000,0x0000000022790000)]
  0x00000000197fc800 JavaThread "pool-2-thread-3" [_thread_blocked, id=12024, stack(0x0000000021690000,0x0000000021790000)]
  0x0000000019802000 JavaThread "pool-2-thread-2" [_thread_blocked, id=11360, stack(0x0000000020a90000,0x0000000020b90000)]
  0x000000001c044000 JavaThread "pool-2-thread-1" [_thread_blocked, id=11800, stack(0x000000001efc0000,0x000000001f0c0000)]
  0x000000001c0e3000 JavaThread "File lock request listener" [_thread_in_native, id=288, stack(0x000000001ceb0000,0x000000001cfb0000)]
  0x0000000017b98800 JavaThread "Incoming local TCP Connector on port 54398" [_thread_in_native, id=1128, stack(0x0000000017670000,0x0000000017770000)]
  0x00000000166d9800 JavaThread "Service Thread" daemon [_thread_blocked, id=3172, stack(0x0000000016c50000,0x0000000016d50000)]
  0x0000000016657800 JavaThread "C1 CompilerThread2" daemon [_thread_blocked, id=12072, stack(0x0000000016b50000,0x0000000016c50000)]
  0x0000000016650800 JavaThread "C2 CompilerThread1" daemon [_thread_blocked, id=1372, stack(0x0000000016a50000,0x0000000016b50000)]
  0x000000001504c800 JavaThread "C2 CompilerThread0" daemon [_thread_in_native, id=11932, stack(0x0000000016550000,0x0000000016650000)]
  0x000000001504a000 JavaThread "Attach Listener" daemon [_thread_blocked, id=12192, stack(0x0000000016450000,0x0000000016550000)]
  0x0000000015049800 JavaThread "Signal Dispatcher" daemon [_thread_blocked, id=6356, stack(0x0000000016350000,0x0000000016450000)]
  0x00000000028e5800 JavaThread "Finalizer" daemon [_thread_blocked, id=12140, stack(0x0000000016240000,0x0000000016340000)]
  0x00000000028dd000 JavaThread "Reference Handler" daemon [_thread_blocked, id=12160, stack(0x0000000016140000,0x0000000016240000)]
  0x00000000027f2800 JavaThread "main" [_thread_blocked, id=11376, stack(0x0000000000c50000,0x0000000000d50000)]

Other Threads:
  0x0000000014fb6800 VMThread [stack: 0x0000000016040000,0x0000000016140000] [id=11780]
  0x00000000166dc800 WatcherThread [stack: 0x0000000016d50000,0x0000000016e50000] [id=11680]

VM state:not at safepoint (normal execution)

VM Mutex/Monitor currently owned by a thread: None

Heap:
 PSYoungGen      total 237568K, used 72135K [0x00000000eab00000, 0x00000000faa80000, 0x0000000100000000)
  eden space 215552K, 33% used [0x00000000eab00000,0x00000000ef171c98,0x00000000f7d80000)
  from space 22016K, 0% used [0x00000000f9500000,0x00000000f9500000,0x00000000faa80000)
  to   space 23040K, 0% used [0x00000000f7d80000,0x00000000f7d80000,0x00000000f9400000)
 ParOldGen       total 164352K, used 46354K [0x00000000c0000000, 0x00000000ca080000, 0x00000000eab00000)
  object space 164352K, 28% used [0x00000000c0000000,0x00000000c2d449d0,0x00000000ca080000)
 Metaspace       used 62115K, capacity 64884K, committed 65176K, reserved 1105920K
  class space    used 7838K, capacity 8249K, committed 8360K, reserved 1048576K

Card table byte_map: [0x0000000011cc0000,0x0000000011ed0000] byte_map_base: 0x00000000116c0000

Marking Bits: (ParMarkBitMap*) 0x000000006441d4f0
 Begin Bits: [0x0000000012430000, 0x0000000013430000)
 End Bits:   [0x0000000013430000, 0x0000000014430000)

Polling page: 0x0000000000840000

CodeCache: size=245760Kb used=41938Kb max_used=41954Kb free=203821Kb
 bounds [0x0000000002900000, 0x0000000005230000, 0x0000000011900000]
 total_blobs=12379 nmethods=11653 adapters=637
 compilation: enabled

Compilation events (10 events):
Event: 946.278 Thread 0x0000000016657800 25756       3       org.gradle.internal.resolve.result.DefaultBuildableComponentResolveResult::resolved (6 bytes)
Event: 946.278 Thread 0x0000000016657800 nmethod 25756 0x00000000051f9010 code [0x00000000051f9160, 0x00000000051f92d0]
Event: 946.284 Thread 0x0000000016650800 nmethod 25739 0x0000000005222190 code [0x00000000052224a0, 0x0000000005224d40]
Event: 946.284 Thread 0x0000000016650800 25740   !   4       com.sun.org.apache.xerces.internal.parsers.AbstractSAXParser::startElement (318 bytes)
Event: 946.297 Thread 0x0000000016657800 25758   !   3       org.gradle.api.internal.artifacts.ivyservice.DefaultIvyContextManager::getIvy (98 bytes)
Event: 946.298 Thread 0x0000000016657800 nmethod 25758 0x00000000052200d0 code [0x00000000052203a0, 0x00000000052216d8]
Event: 946.298 Thread 0x0000000016657800 25759   !   3       org.gradle.api.internal.artifacts.ivyservice.DefaultIvyContextManager::releaseIvy (74 bytes)
Event: 946.299 Thread 0x0000000016657800 nmethod 25759 0x000000000521f310 code [0x000000000521f500, 0x000000000521fce8]
Event: 946.302 Thread 0x0000000016657800 25760       3       java.lang.Class::getDeclaredMethod (67 bytes)
Event: 946.303 Thread 0x0000000016657800 nmethod 25760 0x000000000521de50 code [0x000000000521e0a0, 0x000000000521ed58]

GC Heap History (10 events):
Event: 588.680 GC heap before
{Heap before GC invocations=29 (full 6):
 PSYoungGen      total 239104K, used 211968K [0x00000000eab00000, 0x00000000fb000000, 0x0000000100000000)
  eden space 211968K, 100% used [0x00000000eab00000,0x00000000f7a00000,0x00000000f7a00000)
  from space 27136K, 0% used [0x00000000f9580000,0x00000000f9580000,0x00000000fb000000)
  to   space 27648K, 0% used [0x00000000f7a00000,0x00000000f7a00000,0x00000000f9500000)
 ParOldGen       total 164352K, used 45790K [0x00000000c0000000, 0x00000000ca080000, 0x00000000eab00000)
  object space 164352K, 27% used [0x00000000c0000000,0x00000000c2cb7800,0x00000000ca080000)
 Metaspace       used 60937K, capacity 63386K, committed 63512K, reserved 1103872K
  class space    used 7774K, capacity 8168K, committed 8232K, reserved 1048576K
Event: 588.692 GC heap after
Heap after GC invocations=29 (full 6):
 PSYoungGen      total 239616K, used 7255K [0x00000000eab00000, 0x00000000fba80000, 0x0000000100000000)
  eden space 211968K, 0% used [0x00000000eab00000,0x00000000eab00000,0x00000000f7a00000)
  from space 27648K, 26% used [0x00000000f7a00000,0x00000000f8115e20,0x00000000f9500000)
  to   space 26112K, 0% used [0x00000000fa100000,0x00000000fa100000,0x00000000fba80000)
 ParOldGen       total 164352K, used 45798K [0x00000000c0000000, 0x00000000ca080000, 0x00000000eab00000)
  object space 164352K, 27% used [0x00000000c0000000,0x00000000c2cb9800,0x00000000ca080000)
 Metaspace       used 60937K, capacity 63386K, committed 63512K, reserved 1103872K
  class space    used 7774K, capacity 8168K, committed 8232K, reserved 1048576K
}
Event: 647.084 GC heap before
{Heap before GC invocations=30 (full 6):
 PSYoungGen      total 239616K, used 219223K [0x00000000eab00000, 0x00000000fba80000, 0x0000000100000000)
  eden space 211968K, 100% used [0x00000000eab00000,0x00000000f7a00000,0x00000000f7a00000)
  from space 27648K, 26% used [0x00000000f7a00000,0x00000000f8115e20,0x00000000f9500000)
  to   space 26112K, 0% used [0x00000000fa100000,0x00000000fa100000,0x00000000fba80000)
 ParOldGen       total 164352K, used 45798K [0x00000000c0000000, 0x00000000ca080000, 0x00000000eab00000)
  object space 164352K, 27% used [0x00000000c0000000,0x00000000c2cb9800,0x00000000ca080000)
 Metaspace       used 61324K, capacity 63946K, committed 64024K, reserved 1105920K
  class space    used 7798K, capacity 8194K, committed 8232K, reserved 1048576K
Event: 647.095 GC heap after
Heap after GC invocations=30 (full 6):
 PSYoungGen      total 243712K, used 7663K [0x00000000eab00000, 0x00000000fb580000, 0x0000000100000000)
  eden space 222720K, 0% used [0x00000000eab00000,0x00000000eab00000,0x00000000f8480000)
  from space 20992K, 36% used [0x00000000fa100000,0x00000000fa87bc40,0x00000000fb580000)
  to   space 25088K, 0% used [0x00000000f8480000,0x00000000f8480000,0x00000000f9d00000)
 ParOldGen       total 164352K, used 45806K [0x00000000c0000000, 0x00000000ca080000, 0x00000000eab00000)
  object space 164352K, 27% used [0x00000000c0000000,0x00000000c2cbb800,0x00000000ca080000)
 Metaspace       used 61324K, capacity 63946K, committed 64024K, reserved 1105920K
  class space    used 7798K, capacity 8194K, committed 8232K, reserved 1048576K
}
Event: 872.388 GC heap before
{Heap before GC invocations=31 (full 6):
 PSYoungGen      total 243712K, used 230383K [0x00000000eab00000, 0x00000000fb580000, 0x0000000100000000)
  eden space 222720K, 100% used [0x00000000eab00000,0x00000000f8480000,0x00000000f8480000)
  from space 20992K, 36% used [0x00000000fa100000,0x00000000fa87bc40,0x00000000fb580000)
  to   space 25088K, 0% used [0x00000000f8480000,0x00000000f8480000,0x00000000f9d00000)
 ParOldGen       total 164352K, used 45806K [0x00000000c0000000, 0x00000000ca080000, 0x00000000eab00000)
  object space 164352K, 27% used [0x00000000c0000000,0x00000000c2cbb800,0x00000000ca080000)
 Metaspace       used 61786K, capacity 64644K, committed 64920K, reserved 1105920K
  class space    used 7842K, capacity 8255K, committed 8360K, reserved 1048576K
Event: 872.401 GC heap after
Heap after GC invocations=31 (full 6):
 PSYoungGen      total 223744K, used 7999K [0x00000000eab00000, 0x00000000fac80000, 0x0000000100000000)
  eden space 215552K, 0% used [0x00000000eab00000,0x00000000eab00000,0x00000000f7d80000)
  from space 8192K, 97% used [0x00000000f8480000,0x00000000f8c4fc70,0x00000000f8c80000)
  to   space 24064K, 0% used [0x00000000f9500000,0x00000000f9500000,0x00000000fac80000)
 ParOldGen       total 164352K, used 45814K [0x00000000c0000000, 0x00000000ca080000, 0x00000000eab00000)
  object space 164352K, 27% used [0x00000000c0000000,0x00000000c2cbd800,0x00000000ca080000)
 Metaspace       used 61786K, capacity 64644K, committed 64920K, reserved 1105920K
  class space    used 7842K, capacity 8255K, committed 8360K, reserved 1048576K
}
Event: 877.723 GC heap before
{Heap before GC invocations=32 (full 6):
 PSYoungGen      total 223744K, used 45906K [0x00000000eab00000, 0x00000000fac80000, 0x0000000100000000)
  eden space 215552K, 17% used [0x00000000eab00000,0x00000000ed004c68,0x00000000f7d80000)
  from space 8192K, 97% used [0x00000000f8480000,0x00000000f8c4fc70,0x00000000f8c80000)
  to   space 24064K, 0% used [0x00000000f9500000,0x00000000f9500000,0x00000000fac80000)
 ParOldGen       total 164352K, used 45814K [0x00000000c0000000, 0x00000000ca080000, 0x00000000eab00000)
  object space 164352K, 27% used [0x00000000c0000000,0x00000000c2cbd800,0x00000000ca080000)
 Metaspace       used 62002K, capacity 64838K, committed 65176K, reserved 1105920K
  class space    used 7846K, capacity 8256K, committed 8360K, reserved 1048576K
Event: 877.731 GC heap after
Heap after GC invocations=32 (full 6):
 PSYoungGen      total 237568K, used 5680K [0x00000000eab00000, 0x00000000faa80000, 0x0000000100000000)
  eden space 215552K, 0% used [0x00000000eab00000,0x00000000eab00000,0x00000000f7d80000)
  from space 22016K, 25% used [0x00000000f9500000,0x00000000f9a8c050,0x00000000faa80000)
  to   space 23040K, 0% used [0x00000000f7d80000,0x00000000f7d80000,0x00000000f9400000)
 ParOldGen       total 164352K, used 45822K [0x00000000c0000000, 0x00000000ca080000, 0x00000000eab00000)
  object space 164352K, 27% used [0x00000000c0000000,0x00000000c2cbf800,0x00000000ca080000)
 Metaspace       used 62002K, capacity 64838K, committed 65176K, reserved 1105920K
  class space    used 7846K, capacity 8256K, committed 8360K, reserved 1048576K
}
Event: 877.731 GC heap before
{Heap before GC invocations=33 (full 7):
 PSYoungGen      total 237568K, used 5680K [0x00000000eab00000, 0x00000000faa80000, 0x0000000100000000)
  eden space 215552K, 0% used [0x00000000eab00000,0x00000000eab00000,0x00000000f7d80000)
  from space 22016K, 25% used [0x00000000f9500000,0x00000000f9a8c050,0x00000000faa80000)
  to   space 23040K, 0% used [0x00000000f7d80000,0x00000000f7d80000,0x00000000f9400000)
 ParOldGen       total 164352K, used 45822K [0x00000000c0000000, 0x00000000ca080000, 0x00000000eab00000)
  object space 164352K, 27% used [0x00000000c0000000,0x00000000c2cbf800,0x00000000ca080000)
 Metaspace       used 62002K, capacity 64838K, committed 65176K, reserved 1105920K
  class space    used 7846K, capacity 8256K, committed 8360K, reserved 1048576K
Event: 878.160 GC heap after
Heap after GC invocations=33 (full 7):
 PSYoungGen      total 237568K, used 0K [0x00000000eab00000, 0x00000000faa80000, 0x0000000100000000)
  eden space 215552K, 0% used [0x00000000eab00000,0x00000000eab00000,0x00000000f7d80000)
  from space 22016K, 0% used [0x00000000f9500000,0x00000000f9500000,0x00000000faa80000)
  to   space 23040K, 0% used [0x00000000f7d80000,0x00000000f7d80000,0x00000000f9400000)
 ParOldGen       total 164352K, used 46354K [0x00000000c0000000, 0x00000000ca080000, 0x00000000eab00000)
  object space 164352K, 28% used [0x00000000c0000000,0x00000000c2d449d0,0x00000000ca080000)
 Metaspace       used 61923K, capacity 64574K, committed 65176K, reserved 1105920K
  class space    used 7822K, capacity 8232K, committed 8360K, reserved 1048576K
}

Deoptimization events (10 events):
Event: 644.652 Thread 0x00000000197fb000 Uncommon trap: reason=class_check action=maybe_recompile pc=0x0000000004ddc518 method=org.gradle.cache.internal.btree.FileBackedBlockStore$BlockImpl.read()V @ 135
Event: 644.654 Thread 0x00000000197fb000 Uncommon trap: reason=class_check action=maybe_recompile pc=0x0000000004ddc518 method=org.gradle.cache.internal.btree.FileBackedBlockStore$BlockImpl.read()V @ 135
Event: 644.654 Thread 0x00000000197fb000 Uncommon trap: reason=class_check action=maybe_recompile pc=0x0000000004df2148 method=org.gradle.cache.internal.btree.FileBackedBlockStore$BlockImpl.read()V @ 135
Event: 644.750 Thread 0x00000000197fb000 Uncommon trap: reason=class_check action=maybe_recompile pc=0x0000000004df2148 method=org.gradle.cache.internal.btree.FileBackedBlockStore$BlockImpl.read()V @ 135
Event: 644.930 Thread 0x00000000197fb000 Uncommon trap: reason=class_check action=maybe_recompile pc=0x0000000004ddc518 method=org.gradle.cache.internal.btree.FileBackedBlockStore$BlockImpl.read()V @ 135
Event: 645.577 Thread 0x00000000197fb000 Uncommon trap: reason=class_check action=maybe_recompile pc=0x000000000349a124 method=com.sun.org.apache.xerces.internal.impl.dtd.XMLDTDValidator.handleStartElement(Lcom/sun/org/apache/xerces/internal/xni/QName;Lcom/sun/org/apache/xerces/internal/xni/XMLAtHuåêâ2Ñ@
Event: 646.317 Thread 0x00000000197fb000 Uncommon trap: reason=class_check action=maybe_recompile pc=0x0000000002b8f5f0 method=com.sun.tools.javac.comp.Lower.boxIfNeeded(Lcom/sun/tools/javac/tree/JCTree;Lcom/sun/tools/javac/code/Type;)Lcom/sun/tools/javac/tree/JCTree; @ 87
Event: 867.577 Thread 0x00000000197fc000 Uncommon trap: reason=predicate action=maybe_recompile pc=0x00000000033cb72c method=java.util.TimSort.reverseRange([Ljava/lang/Object;II)V @ 8
Event: 945.650 Thread 0x00000000197fb000 Uncommon trap: reason=array_check action=maybe_recompile pc=0x00000000037f8c2c method=java.util.TimSort.reverseRange([Ljava/lang/Object;II)V @ 20
Event: 946.114 Thread 0x00000000197fb000 Uncommon trap: reason=unreached action=reinterpret pc=0x000000000468c084 method=com.google.common.cache.LocalCache$Segment.drainReferenceQueues()V @ 7

Internal exceptions (10 events):
Event: 945.702 Thread 0x00000000197fb000 Exception <a 'java/security/PrivilegedActionException'> (0x00000000ebaa9538) thrown at [C:\workspace\8-2-build-windows-amd64-cygwin\jdk8u31\2394\hotspot\src\share\vm\prims\jvm.cpp, line 1312]
Event: 945.702 Thread 0x00000000197fb000 Exception <a 'java/security/PrivilegedActionException'> (0x00000000ebab3b48) thrown at [C:\workspace\8-2-build-windows-amd64-cygwin\jdk8u31\2394\hotspot\src\share\vm\prims\jvm.cpp, line 1312]
Event: 945.703 Thread 0x00000000197fb000 Exception <a 'java/security/PrivilegedActionException'> (0x00000000ebab7760) thrown at [C:\workspace\8-2-build-windows-amd64-cygwin\jdk8u31\2394\hotspot\src\share\vm\prims\jvm.cpp, line 1312]
Event: 945.704 Thread 0x00000000197fb000 Exception <a 'java/security/PrivilegedActionException'> (0x00000000ebac57e8) thrown at [C:\workspace\8-2-build-windows-amd64-cygwin\jdk8u31\2394\hotspot\src\share\vm\prims\jvm.cpp, line 1312]
Event: 945.704 Thread 0x00000000197fb000 Exception <a 'java/security/PrivilegedActionException'> (0x00000000ebac68d8) thrown at [C:\workspace\8-2-build-windows-amd64-cygwin\jdk8u31\2394\hotspot\src\share\vm\prims\jvm.cpp, line 1312]
Event: 945.704 Thread 0x00000000197fb000 Exception <a 'java/security/PrivilegedActionException'> (0x00000000ebacf080) thrown at [C:\workspace\8-2-build-windows-amd64-cygwin\jdk8u31\2394\hotspot\src\share\vm\prims\jvm.cpp, line 1312]
Event: 945.705 Thread 0x00000000197fb000 Exception <a 'java/security/PrivilegedActionException'> (0x00000000ebad3460) thrown at [C:\workspace\8-2-build-windows-amd64-cygwin\jdk8u31\2394\hotspot\src\share\vm\prims\jvm.cpp, line 1312]
Event: 945.706 Thread 0x00000000197fb000 Exception <a 'java/security/PrivilegedActionException'> (0x00000000ebae1ba8) thrown at [C:\workspace\8-2-build-windows-amd64-cygwin\jdk8u31\2394\hotspot\src\share\vm\prims\jvm.cpp, line 1312]
Event: 945.706 Thread 0x00000000197fb000 Exception <a 'java/security/PrivilegedActionException'> (0x00000000ebae3070) thrown at [C:\workspace\8-2-build-windows-amd64-cygwin\jdk8u31\2394\hotspot\src\share\vm\prims\jvm.cpp, line 1312]
Event: 945.706 Thread 0x00000000197fb000 Exception <a 'java/security/PrivilegedActionException'> (0x00000000ebaec898) thrown at [C:\workspace\8-2-build-windows-amd64-cygwin\jdk8u31\2394\hotspot\src\share\vm\prims\jvm.cpp, line 1312]

Events (10 events):
Event: 945.713 Thread 0x00000000197fb000 DEOPT UNPACKING pc=0x00000000029475bf sp=0x0000000026a8c418 mode 0
Event: 945.759 Executing VM operation: ForceSafepoint
Event: 945.759 Executing VM operation: ForceSafepoint done
Event: 946.094 Executing VM operation: ForceSafepoint
Event: 946.094 Executing VM operation: ForceSafepoint done
Event: 946.114 Thread 0x00000000197fb000 Uncommon trap: trap_request=0xffffffad fr.pc=0x000000000468c084
Event: 946.114 Thread 0x00000000197fb000 DEOPT PACKING pc=0x000000000468c084 sp=0x0000000026a8c050
Event: 946.114 Thread 0x00000000197fb000 DEOPT UNPACKING pc=0x000000000294556a sp=0x0000000026a8bfb0 mode 2
Event: 946.171 Executing VM operation: ForceSafepoint
Event: 946.171 Executing VM operation: ForceSafepoint done


Dynamic libraries:
0x00007ff6fbac0000 - 0x00007ff6fbaf4000 	C:\Program Files\Java\jdk1.8.0_31\bin\java.exe
0x00007ff9c91e0000 - 0x00007ff9c93a1000 	C:\WINDOWS\SYSTEM32\ntdll.dll
0x00007ff9c8380000 - 0x00007ff9c842d000 	C:\WINDOWS\system32\KERNEL32.DLL
0x00007ff9c5cb0000 - 0x00007ff9c5e98000 	C:\WINDOWS\system32\KERNELBASE.dll
0x00007ff9c9090000 - 0x00007ff9c9137000 	C:\WINDOWS\system32\ADVAPI32.dll
0x00007ff9c9140000 - 0x00007ff9c91dd000 	C:\WINDOWS\system32\msvcrt.dll
0x00007ff9c6bc0000 - 0x00007ff9c6c1b000 	C:\WINDOWS\system32\sechost.dll
0x00007ff9c8580000 - 0x00007ff9c869c000 	C:\WINDOWS\system32\RPCRT4.dll
0x00007ff9c6ca0000 - 0x00007ff9c6df6000 	C:\WINDOWS\system32\USER32.dll
0x00007ff9c6a30000 - 0x00007ff9c6bb6000 	C:\WINDOWS\system32\GDI32.dll
0x00007ff9bfc10000 - 0x00007ff9bfe84000 	C:\WINDOWS\WinSxS\amd64_microsoft.windows.common-controls_6595b64144ccf1df_6.0.10586.0_none_8c15ae12515e1c22\COMCTL32.dll
0x00007ff9c67b0000 - 0x00007ff9c6a2d000 	C:\WINDOWS\system32\combase.dll
0x00007ff9c5920000 - 0x00007ff9c598a000 	C:\WINDOWS\system32\bcryptPrimitives.dll
0x00007ff9c8930000 - 0x00007ff9c896b000 	C:\WINDOWS\system32\IMM32.DLL
0x00000000644a0000 - 0x0000000064572000 	C:\Program Files\Java\jdk1.8.0_31\jre\bin\msvcr100.dll
0x0000000063c40000 - 0x000000006449a000 	C:\Program Files\Java\jdk1.8.0_31\jre\bin\server\jvm.dll
0x00007ff9c6690000 - 0x00007ff9c6698000 	C:\WINDOWS\system32\PSAPI.DLL
0x00007ff9bb060000 - 0x00007ff9bb069000 	C:\WINDOWS\SYSTEM32\WSOCK32.dll
0x00007ff9c65c0000 - 0x00007ff9c662b000 	C:\WINDOWS\system32\WS2_32.dll
0x00007ff9c3f60000 - 0x00007ff9c3f83000 	C:\WINDOWS\SYSTEM32\WINMM.dll
0x00000000007f0000 - 0x000000000081c000 	C:\WINDOWS\SYSTEM32\WINMMBASE.dll
0x00007ff9c6570000 - 0x00007ff9c65b3000 	C:\WINDOWS\system32\cfgmgr32.dll
0x0000000063c30000 - 0x0000000063c3f000 	C:\Program Files\Java\jdk1.8.0_31\jre\bin\verify.dll
0x0000000063c00000 - 0x0000000063c28000 	C:\Program Files\Java\jdk1.8.0_31\jre\bin\java.dll
0x0000000063be0000 - 0x0000000063bf6000 	C:\Program Files\Java\jdk1.8.0_31\jre\bin\zip.dll
0x00007ff9c6e00000 - 0x00007ff9c835c000 	C:\WINDOWS\system32\SHELL32.dll
0x00007ff9c5ec0000 - 0x00007ff9c6504000 	C:\WINDOWS\system32\windows.storage.dll
0x00007ff9c9030000 - 0x00007ff9c9082000 	C:\WINDOWS\system32\shlwapi.dll
0x00007ff9c5830000 - 0x00007ff9c583f000 	C:\WINDOWS\system32\kernel.appcore.dll
0x00007ff9c5990000 - 0x00007ff9c5a45000 	C:\WINDOWS\system32\shcore.dll
0x00007ff9c57e0000 - 0x00007ff9c582b000 	C:\WINDOWS\system32\powrprof.dll
0x00007ff9c5840000 - 0x00007ff9c5854000 	C:\WINDOWS\system32\profapi.dll
0x0000000063bc0000 - 0x0000000063bda000 	C:\Program Files\Java\jdk1.8.0_31\jre\bin\net.dll
0x00007ff9c50b0000 - 0x00007ff9c510c000 	C:\WINDOWS\system32\mswsock.dll
0x0000000063ba0000 - 0x0000000063bb1000 	C:\Program Files\Java\jdk1.8.0_31\jre\bin\nio.dll
0x00007ff9b08f0000 - 0x00007ff9b0902000 	C:\Users\Administrator\.gradle\native\19\windows-amd64\native-platform.dll
0x00007ff9c0190000 - 0x00007ff9c01c8000 	C:\WINDOWS\SYSTEM32\IPHLPAPI.DLL
0x00007ff9c8920000 - 0x00007ff9c8928000 	C:\WINDOWS\system32\NSI.dll
0x00007ff9bfb60000 - 0x00007ff9bfb76000 	C:\WINDOWS\SYSTEM32\dhcpcsvc6.DLL
0x00007ff9bf600000 - 0x00007ff9bf61a000 	C:\WINDOWS\SYSTEM32\dhcpcsvc.DLL
0x00007ff9c5160000 - 0x00007ff9c5177000 	C:\WINDOWS\SYSTEM32\CRYPTSP.dll
0x00007ff9c4df0000 - 0x00007ff9c4e24000 	C:\WINDOWS\system32\rsaenh.dll
0x00007ff9c5720000 - 0x00007ff9c5749000 	C:\WINDOWS\SYSTEM32\bcrypt.dll
0x00007ff9c4f40000 - 0x00007ff9c4f5f000 	C:\WINDOWS\SYSTEM32\USERENV.dll
0x00007ff9c5700000 - 0x00007ff9c570b000 	C:\WINDOWS\SYSTEM32\CRYPTBASE.dll
0x0000000063b90000 - 0x0000000063b9d000 	C:\Program Files\Java\jdk1.8.0_31\jre\bin\management.dll
0x00007ff9b7420000 - 0x00007ff9b7436000 	C:\WINDOWS\system32\napinsp.dll
0x00007ff9b7440000 - 0x00007ff9b745a000 	C:\WINDOWS\system32\pnrpnsp.dll
0x00007ff9c1ef0000 - 0x00007ff9c1f08000 	C:\WINDOWS\system32\NLAapi.dll
0x00007ff9c4200000 - 0x00007ff9c42aa000 	C:\WINDOWS\SYSTEM32\DNSAPI.dll
0x00007ff9b8d60000 - 0x00007ff9b8d6d000 	C:\WINDOWS\System32\winrnr.dll
0x00007ff9b7460000 - 0x00007ff9b7475000 	C:\WINDOWS\System32\wshbth.dll
0x00007ff9beef0000 - 0x00007ff9beefa000 	C:\Windows\System32\rasadhlp.dll
0x00007ff9bfb90000 - 0x00007ff9bfbf7000 	C:\WINDOWS\System32\fwpuclnt.dll
0x00000000638f0000 - 0x00000000638f9000 	C:\Program Files\Java\jdk1.8.0_31\jre\bin\attach.dll
0x00000000638c0000 - 0x00000000638e3000 	C:\Program Files\Java\jdk1.8.0_31\jre\bin\instrument.dll
0x00007ff9945b0000 - 0x00007ff99473c000 	C:\WINDOWS\SYSTEM32\dbghelp.dll

VM Arguments:
jvm_args: -XX:MaxPermSize=256m -XX:+HeapDumpOnOutOfMemoryError -Xmx1024m -Dfile.encoding=GBK -Duser.country=CN -Duser.language=zh -Duser.variant 
java_command: org.gradle.launcher.daemon.bootstrap.GradleDaemon 2.10
java_class_path (initial): C:\Users\Administrator\.gradle\wrapper\dists\gradle-2.10-all\a4w5fzrkeut1ox71xslb49gst\gradle-2.10\lib\gradle-launcher-2.10.jar
Launcher Type: SUN_STANDARD

Environment Variables:
JAVA_HOME=C:\Program Files\Java\jdk1.8.0_31
CLASSPATH=C:\Program Files\Java\jdk1.8.0_31/lib/rt.jar;C:\Program Files\Java\jdk1.8.0_31/lib/tools.jar
PATH=C:\ProgramData\Oracle\Java\javapath;C:\WINDOWS\system32;C:\WINDOWS;C:\WINDOWS\System32\Wbem;C:\WINDOWS\System32\WindowsPowerShell\v1.0\;C:\Program Files (x86)\Intel\OpenCL SDK\2.0\bin\x86;C:\Program Files (x86)\Intel\OpenCL SDK\2.0\bin\x64;C:\Program Files (x86)\ATI Technologies\ATI.ACE\Core-Static;C:\Program Files (x86)\Skype\Phone\;C:\Program Files\Java\jdk1.8.0_31/bin;C:\Program Files\TortoiseSVN\bin;C:\Program Files (x86)\SSH Communications Security\SSH Secure Shell;F:\cubieboard\PhoenixSuit1.0.7\
USERNAME=Administrator
OS=Windows_NT
PROCESSOR_IDENTIFIER=Intel64 Family 6 Model 58 Stepping 9, GenuineIntel



---------------  S Y S T E M  ---------------

OS: Windows 8.1 , 64 bit Build 9600 

CPU:total 4 (2 cores per cpu, 2 threads per core) family 6 model 58 stepping 9, cmov, cx8, fxsr, mmx, sse, sse2, sse3, ssse3, sse4.1, sse4.2, popcnt, avx, aes, clmul, erms, ht, tsc, tscinvbit, tscinv

Memory: 4k page, physical 8260968k(2164112k free), swap 16649576k(8669400k free)

vm_info: Java HotSpot(TM) 64-Bit Server VM (25.31-b07) for windows-amd64 JRE (1.8.0_31-b13), built on Dec 17 2014 21:00:28 by "java_re" with MS VC++ 10.0 (VS2010)

time: Wed Jun 22 17:06:32 2016
elapsed time: 946 seconds (0d 0h 15m 46s)

