#
# A fatal error has been detected by the Java Runtime Environment:
#
#  EXCEPTION_ACCESS_VIOLATION (0xc0000005) at pc=0x0000000000000000, pid=8188, tid=9576
#
# JRE version: Java(TM) SE Runtime Environment (8.0_31-b13) (build 1.8.0_31-b13)
# Java VM: Java HotSpot(TM) 64-Bit Server VM (25.31-b07 mixed mode windows-amd64 compressed oops)
# Problematic frame:
# C  0x0000000000000000
#
# Failed to write core dump. Minidumps are not enabled by default on client versions of Windows
#
# If you would like to submit a bug report, please visit:
#   http://bugreport.java.com/bugreport/crash.jsp
#

---------------  T H R E A D  ---------------

Current thread (0x000000001cb86800):  JavaThread "Daemon worker Thread 9" [_thread_in_Java, id=9576, stack(0x000000002d1f0000,0x000000002d2f0000)]

siginfo: ExceptionCode=0xc0000005, ExceptionInformation=0x0000000000000008 0x0000000000000000

Registers:
RAX=0x00000000c1af7bc8, RBX=0x00000000189bc510, RCX=0x0000000002b80380, RDX=0x00000000c1af7bc8
RSP=0x000000002d2ecc90, RBP=0x000000001e2b2758, RSI=0x000000010014b228, RDI=0x000000001e330028
R8 =0x00000000c005ba50, R9 =0x000000000000000a, R10=0x00000000c1af7bc8, R11=0x0000000002dcd8c0
R12=0x0000000000000000, R13=0x000000002d2ecc80, R14=0x000000002d2ecd28, R15=0x000000001cb86800
RIP=0x0000000000000000, EFLAGS=0x0000000000010246

Top of Stack: (sp=0x000000002d2ecc90)
0x000000002d2ecc90:   000000002d2eccc0 000000002d2ecd68
0x000000002d2ecca0:   000000002d2ecd10 0000000002b177b0
0x000000002d2eccb0:   00000000f02e5200 0000000002b177b0
0x000000002d2eccc0:   00000000c1af7bc8 00000000c005ba88
0x000000002d2eccd0:   000000002d2eccd0 000000002081f9e6
0x000000002d2ecce0:   000000002d2ecd28 000000002081fa68
0x000000002d2eccf0:   0000000000000000 000000002081f9f8
0x000000002d2ecd00:   000000002d2eccc0 000000002d2ecd30
0x000000002d2ecd10:   000000002d2ecd30 0000000002ea65c4
0x000000002d2ecd20:   00000000c1af7bc8 00000000c1af7ac8
0x000000002d2ecd30:   00000000118d0000 00000000f0068ce8
0x000000002d2ecd40:   00000000efcea1f8 00000000f0064ba8
0x000000002d2ecd50:   000000001b9bb668 0000000000000000
0x000000002d2ecd60:   000000002d2ecdd8 0000000002b17958
0x000000002d2ecd70:   000000002d2ecdd8 0000000002b17958
0x000000002d2ecd80:   00000000c1af7ac8 00000000edc1ca30 

Instructions: (pc=0x0000000000000000)
0xffffffffffffffe0:   


Register to memory mapping:

RAX=0x00000000c1af7bc8 is an oop
com.android.build.gradle.internal.TaskManager$$Lambda$114/1886679187 
 - klass: 'com/android/build/gradle/internal/TaskManager$$Lambda$114'
RBX={method} {0x00000000189bc518} 'identity' '(Ljava/lang/Object;)Ljava/lang/Object;' in 'sun/invoke/util/ValueConversions'
RCX=0x0000000002b80380 is at begin+12 in a stub
MethodHandle::interpreter_entry::_linkToStatic [0x0000000002b80374, 0x0000000002b80398[ (36 bytes)
RDX=0x00000000c1af7bc8 is an oop
com.android.build.gradle.internal.TaskManager$$Lambda$114/1886679187 
 - klass: 'com/android/build/gradle/internal/TaskManager$$Lambda$114'
RSP=0x000000002d2ecc90 is pointing into the stack for thread: 0x000000001cb86800
RBP={method} {0x000000001e2b2760} 'execute' '(Ljava/lang/Object;)V' in 'com/android/build/gradle/internal/TaskManager$$Lambda$113'
RSI=0x000000010014b228 is pointing into metadata
RDI=0x000000001e330028 is pointing into metadata
R8 =0x00000000c005ba50 is an oop
java.lang.invoke.MemberName 
 - klass: 'java/lang/invoke/MemberName'
R9 =0x000000000000000a is an unknown value
R10=0x00000000c1af7bc8 is an oop
com.android.build.gradle.internal.TaskManager$$Lambda$114/1886679187 
 - klass: 'com/android/build/gradle/internal/TaskManager$$Lambda$114'
R11=0x0000000002dcd8c0 is at entry_point+0 in (nmethod*)0x0000000002dcd790
R12=0x0000000000000000 is an unknown value
R13=0x000000002d2ecc80 is pointing into the stack for thread: 0x000000001cb86800
R14=0x000000002d2ecd28 is pointing into the stack for thread: 0x000000001cb86800
R15=0x000000001cb86800 is a thread


Stack: [0x000000002d1f0000,0x000000002d2f0000],  sp=0x000000002d2ecc90,  free space=1011k
Native frames: (J=compiled Java code, j=interpreted, Vv=VM code, C=native code)


---------------  P R O C E S S  ---------------

Java Threads: ( => current thread )
  0x000000001cb8c800 JavaThread "Stdin handler" [_thread_blocked, id=9036, stack(0x000000002d2f0000,0x000000002d3f0000)]
=>0x000000001cb86800 JavaThread "Daemon worker Thread 9" [_thread_in_Java, id=9576, stack(0x000000002d1f0000,0x000000002d2f0000)]
  0x000000001cb84000 JavaThread "Cancel handler" [_thread_blocked, id=6060, stack(0x000000002d0f0000,0x000000002d1f0000)]
  0x000000001cb8b000 JavaThread "Handler for socket connection from /127.0.0.1:51139 to /127.0.0.1:63786" [_thread_in_native, id=2204, stack(0x000000002cff0000,0x000000002d0f0000)]
  0x000000001cb82000 JavaThread "Daemon Thread 9" [_thread_blocked, id=11556, stack(0x000000002cef0000,0x000000002cff0000)]
  0x000000001cb81000 JavaThread "pool-5-thread-4" [_thread_blocked, id=4160, stack(0x00000000245f0000,0x00000000246f0000)]
  0x000000001cb87000 JavaThread "pool-5-thread-3" [_thread_blocked, id=12132, stack(0x0000000022620000,0x0000000022720000)]
  0x000000001cb85000 JavaThread "pool-5-thread-2" [_thread_blocked, id=11312, stack(0x0000000021820000,0x0000000021920000)]
  0x0000000017fbc000 JavaThread "pool-5-thread-1" [_thread_blocked, id=8736, stack(0x0000000020a20000,0x0000000020b20000)]
  0x0000000017fb9000 JavaThread "File lock request listener" [_thread_in_native, id=10504, stack(0x000000001b830000,0x000000001b930000)]
  0x0000000017a7f000 JavaThread "Incoming local TCP Connector on port 51139" [_thread_in_native, id=7916, stack(0x0000000018820000,0x0000000018920000)]
  0x00000000168a6800 JavaThread "Service Thread" daemon [_thread_blocked, id=11460, stack(0x0000000016e50000,0x0000000016f50000)]
  0x00000000168a1000 JavaThread "C1 CompilerThread2" daemon [_thread_blocked, id=216, stack(0x0000000016d50000,0x0000000016e50000)]
  0x0000000016850800 JavaThread "C2 CompilerThread1" daemon [_thread_in_native, id=7360, stack(0x0000000016c50000,0x0000000016d50000)]
  0x000000001523c800 JavaThread "C2 CompilerThread0" daemon [_thread_in_native, id=9496, stack(0x0000000016750000,0x0000000016850000)]
  0x000000001523a800 JavaThread "Attach Listener" daemon [_thread_blocked, id=12124, stack(0x0000000016650000,0x0000000016750000)]
  0x00000000151ee800 JavaThread "Signal Dispatcher" daemon [_thread_blocked, id=10768, stack(0x0000000016550000,0x0000000016650000)]
  0x0000000002b05800 JavaThread "Finalizer" daemon [_thread_blocked, id=7620, stack(0x0000000016450000,0x0000000016550000)]
  0x0000000002afd000 JavaThread "Reference Handler" daemon [_thread_blocked, id=9480, stack(0x0000000016350000,0x0000000016450000)]
  0x0000000002a12800 JavaThread "main" [_thread_blocked, id=11236, stack(0x0000000002850000,0x0000000002950000)]

Other Threads:
  0x00000000151a6800 VMThread [stack: 0x0000000016250000,0x0000000016350000] [id=8704]
  0x00000000168a9800 WatcherThread [stack: 0x0000000016f50000,0x0000000017050000] [id=648]

VM state:not at safepoint (normal execution)

VM Mutex/Monitor currently owned by a thread: None

Heap:
 PSYoungGen      total 187392K, used 90230K [0x00000000eab00000, 0x00000000f7980000, 0x0000000100000000)
  eden space 169472K, 53% used [0x00000000eab00000,0x00000000f031d880,0x00000000f5080000)
  from space 17920K, 0% used [0x00000000f6700000,0x00000000f6700000,0x00000000f7880000)
  to   space 20992K, 0% used [0x00000000f5080000,0x00000000f5080000,0x00000000f6500000)
 ParOldGen       total 103936K, used 53301K [0x00000000c0000000, 0x00000000c6580000, 0x00000000eab00000)
  object space 103936K, 51% used [0x00000000c0000000,0x00000000c340d5d8,0x00000000c6580000)
 Metaspace       used 64715K, capacity 68112K, committed 68352K, reserved 1110016K
  class space    used 8162K, capacity 8617K, committed 8704K, reserved 1048576K

Card table byte_map: [0x0000000011ed0000,0x00000000120e0000] byte_map_base: 0x00000000118d0000

Marking Bits: (ParMarkBitMap*) 0x0000000077f7d4f0
 Begin Bits: [0x0000000012640000, 0x0000000013640000)
 End Bits:   [0x0000000013640000, 0x0000000014640000)

Polling page: 0x0000000000d90000

CodeCache: size=245760Kb used=48167Kb max_used=48180Kb free=197592Kb
 bounds [0x0000000002b10000, 0x0000000005a60000, 0x0000000011b10000]
 total_blobs=13952 nmethods=13225 adapters=638
 compilation: enabled

Compilation events (10 events):
Event: 1163.750 Thread 0x00000000168a1000 nmethod 26683 0x0000000005a46110 code [0x0000000005a46260, 0x0000000005a46370]
Event: 1163.750 Thread 0x00000000168a1000 26684       1       com.android.build.gradle.internal.CompileOptions::getIncremental (5 bytes)
Event: 1163.750 Thread 0x00000000168a1000 nmethod 26684 0x0000000005a45e10 code [0x0000000005a45f60, 0x0000000005a46070]
Event: 1163.750 Thread 0x00000000168a1000 26685       1       org.gradle.api.internal.AbstractTask::access$400 (5 bytes)
Event: 1163.750 Thread 0x00000000168a1000 nmethod 26685 0x0000000005a4ce50 code [0x0000000005a4cfa0, 0x0000000005a4d090]
Event: 1163.750 Thread 0x00000000168a1000 26686       1       com.android.build.gradle.internal.dependency.VariantDependencies::getClassesConfiguration (5 bytes)
Event: 1163.751 Thread 0x00000000168a1000 nmethod 26686 0x0000000005a4cb90 code [0x0000000005a4cce0, 0x0000000005a4cdf0]
Event: 1163.751 Thread 0x00000000168a1000 26687   !   3       org.gradle.messaging.dispatch.ProxyDispatchAdapter::<init> (158 bytes)
Event: 1163.751 Thread 0x000000001523c800 26688       4       java.util.Collections$UnmodifiableMap$UnmodifiableEntrySet$1::next (5 bytes)
Event: 1163.754 Thread 0x00000000168a1000 nmethod 26687 0x0000000005a526d0 code [0x0000000005a52b00, 0x0000000005a556b8]

GC Heap History (10 events):
Event: 708.771 GC heap before
{Heap before GC invocations=43 (full 7):
 PSYoungGen      total 188928K, used 46966K [0x00000000eab00000, 0x00000000f7800000, 0x0000000100000000)
  eden space 171008K, 23% used [0x00000000eab00000,0x00000000ed1c9858,0x00000000f5200000)
  from space 17920K, 40% used [0x00000000f5200000,0x00000000f5914030,0x00000000f6380000)
  to   space 17408K, 0% used [0x00000000f6700000,0x00000000f6700000,0x00000000f7800000)
 ParOldGen       total 103936K, used 47274K [0x00000000c0000000, 0x00000000c6580000, 0x00000000eab00000)
  object space 103936K, 45% used [0x00000000c0000000,0x00000000c2e2a8b8,0x00000000c6580000)
 Metaspace       used 64578K, capacity 67862K, committed 68096K, reserved 1107968K
  class space    used 8168K, capacity 8636K, committed 8704K, reserved 1048576K
Event: 708.777 GC heap after
Heap after GC invocations=43 (full 7):
 PSYoungGen      total 192512K, used 5440K [0x00000000eab00000, 0x00000000f7800000, 0x0000000100000000)
  eden space 175104K, 0% used [0x00000000eab00000,0x00000000eab00000,0x00000000f5600000)
  from space 17408K, 31% used [0x00000000f6700000,0x00000000f6c50020,0x00000000f7800000)
  to   space 17408K, 0% used [0x00000000f5600000,0x00000000f5600000,0x00000000f6700000)
 ParOldGen       total 103936K, used 47282K [0x00000000c0000000, 0x00000000c6580000, 0x00000000eab00000)
  object space 103936K, 45% used [0x00000000c0000000,0x00000000c2e2c8b8,0x00000000c6580000)
 Metaspace       used 64578K, capacity 67862K, committed 68096K, reserved 1107968K
  class space    used 8168K, capacity 8636K, committed 8704K, reserved 1048576K
}
Event: 708.777 GC heap before
{Heap before GC invocations=44 (full 8):
 PSYoungGen      total 192512K, used 5440K [0x00000000eab00000, 0x00000000f7800000, 0x0000000100000000)
  eden space 175104K, 0% used [0x00000000eab00000,0x00000000eab00000,0x00000000f5600000)
  from space 17408K, 31% used [0x00000000f6700000,0x00000000f6c50020,0x00000000f7800000)
  to   space 17408K, 0% used [0x00000000f5600000,0x00000000f5600000,0x00000000f6700000)
 ParOldGen       total 103936K, used 47282K [0x00000000c0000000, 0x00000000c6580000, 0x00000000eab00000)
  object space 103936K, 45% used [0x00000000c0000000,0x00000000c2e2c8b8,0x00000000c6580000)
 Metaspace       used 64578K, capacity 67862K, committed 68096K, reserved 1107968K
  class space    used 8168K, capacity 8636K, committed 8704K, reserved 1048576K
Event: 709.103 GC heap after
Heap after GC invocations=44 (full 8):
 PSYoungGen      total 192512K, used 0K [0x00000000eab00000, 0x00000000f7800000, 0x0000000100000000)
  eden space 175104K, 0% used [0x00000000eab00000,0x00000000eab00000,0x00000000f5600000)
  from space 17408K, 0% used [0x00000000f6700000,0x00000000f6700000,0x00000000f7800000)
  to   space 17408K, 0% used [0x00000000f5600000,0x00000000f5600000,0x00000000f6700000)
 ParOldGen       total 103936K, used 47577K [0x00000000c0000000, 0x00000000c6580000, 0x00000000eab00000)
  object space 103936K, 45% used [0x00000000c0000000,0x00000000c2e76630,0x00000000c6580000)
 Metaspace       used 64552K, capacity 67774K, committed 68096K, reserved 1107968K
  class space    used 8160K, capacity 8628K, committed 8704K, reserved 1048576K
}
Event: 1079.135 GC heap before
{Heap before GC invocations=45 (full 8):
 PSYoungGen      total 192512K, used 175104K [0x00000000eab00000, 0x00000000f7800000, 0x0000000100000000)
  eden space 175104K, 100% used [0x00000000eab00000,0x00000000f5600000,0x00000000f5600000)
  from space 17408K, 0% used [0x00000000f6700000,0x00000000f6700000,0x00000000f7800000)
  to   space 17408K, 0% used [0x00000000f5600000,0x00000000f5600000,0x00000000f6700000)
 ParOldGen       total 103936K, used 47577K [0x00000000c0000000, 0x00000000c6580000, 0x00000000eab00000)
  object space 103936K, 45% used [0x00000000c0000000,0x00000000c2e76630,0x00000000c6580000)
 Metaspace       used 64767K, capacity 68146K, committed 68352K, reserved 1110016K
  class space    used 8176K, capacity 8644K, committed 8704K, reserved 1048576K
Event: 1079.164 GC heap after
Heap after GC invocations=45 (full 8):
 PSYoungGen      total 186880K, used 17407K [0x00000000eab00000, 0x00000000f7880000, 0x0000000100000000)
  eden space 169472K, 0% used [0x00000000eab00000,0x00000000eab00000,0x00000000f5080000)
  from space 17408K, 99% used [0x00000000f5600000,0x00000000f66fff90,0x00000000f6700000)
  to   space 17920K, 0% used [0x00000000f6700000,0x00000000f6700000,0x00000000f7880000)
 ParOldGen       total 103936K, used 49051K [0x00000000c0000000, 0x00000000c6580000, 0x00000000eab00000)
  object space 103936K, 47% used [0x00000000c0000000,0x00000000c2fe6df8,0x00000000c6580000)
 Metaspace       used 64767K, capacity 68146K, committed 68352K, reserved 1110016K
  class space    used 8176K, capacity 8644K, committed 8704K, reserved 1048576K
}
Event: 1083.247 GC heap before
{Heap before GC invocations=46 (full 8):
 PSYoungGen      total 186880K, used 83256K [0x00000000eab00000, 0x00000000f7880000, 0x0000000100000000)
  eden space 169472K, 38% used [0x00000000eab00000,0x00000000eeb4e360,0x00000000f5080000)
  from space 17408K, 99% used [0x00000000f5600000,0x00000000f66fff90,0x00000000f6700000)
  to   space 17920K, 0% used [0x00000000f6700000,0x00000000f6700000,0x00000000f7880000)
 ParOldGen       total 103936K, used 49051K [0x00000000c0000000, 0x00000000c6580000, 0x00000000eab00000)
  object space 103936K, 47% used [0x00000000c0000000,0x00000000c2fe6df8,0x00000000c6580000)
 Metaspace       used 64784K, capacity 68210K, committed 68352K, reserved 1110016K
  class space    used 8176K, capacity 8644K, committed 8704K, reserved 1048576K
Event: 1083.263 GC heap after
Heap after GC invocations=46 (full 8):
 PSYoungGen      total 187392K, used 14859K [0x00000000eab00000, 0x00000000f7980000, 0x0000000100000000)
  eden space 169472K, 0% used [0x00000000eab00000,0x00000000eab00000,0x00000000f5080000)
  from space 17920K, 82% used [0x00000000f6700000,0x00000000f7582d90,0x00000000f7880000)
  to   space 20992K, 0% used [0x00000000f5080000,0x00000000f5080000,0x00000000f6500000)
 ParOldGen       total 103936K, used 49051K [0x00000000c0000000, 0x00000000c6580000, 0x00000000eab00000)
  object space 103936K, 47% used [0x00000000c0000000,0x00000000c2fe6df8,0x00000000c6580000)
 Metaspace       used 64784K, capacity 68210K, committed 68352K, reserved 1110016K
  class space    used 8176K, capacity 8644K, committed 8704K, reserved 1048576K
}
Event: 1083.263 GC heap before
{Heap before GC invocations=47 (full 9):
 PSYoungGen      total 187392K, used 14859K [0x00000000eab00000, 0x00000000f7980000, 0x0000000100000000)
  eden space 169472K, 0% used [0x00000000eab00000,0x00000000eab00000,0x00000000f5080000)
  from space 17920K, 82% used [0x00000000f6700000,0x00000000f7582d90,0x00000000f7880000)
  to   space 20992K, 0% used [0x00000000f5080000,0x00000000f5080000,0x00000000f6500000)
 ParOldGen       total 103936K, used 49051K [0x00000000c0000000, 0x00000000c6580000, 0x00000000eab00000)
  object space 103936K, 47% used [0x00000000c0000000,0x00000000c2fe6df8,0x00000000c6580000)
 Metaspace       used 64784K, capacity 68210K, committed 68352K, reserved 1110016K
  class space    used 8176K, capacity 8644K, committed 8704K, reserved 1048576K
Event: 1083.655 GC heap after
Heap after GC invocations=47 (full 9):
 PSYoungGen      total 187392K, used 0K [0x00000000eab00000, 0x00000000f7980000, 0x0000000100000000)
  eden space 169472K, 0% used [0x00000000eab00000,0x00000000eab00000,0x00000000f5080000)
  from space 17920K, 0% used [0x00000000f6700000,0x00000000f6700000,0x00000000f7880000)
  to   space 20992K, 0% used [0x00000000f5080000,0x00000000f5080000,0x00000000f6500000)
 ParOldGen       total 103936K, used 53301K [0x00000000c0000000, 0x00000000c6580000, 0x00000000eab00000)
  object space 103936K, 51% used [0x00000000c0000000,0x00000000c340d5d8,0x00000000c6580000)
 Metaspace       used 64638K, capacity 67930K, committed 68352K, reserved 1110016K
  class space    used 8151K, capacity 8604K, committed 8704K, reserved 1048576K
}

Deoptimization events (10 events):
Event: 705.653 Thread 0x000000001cb86800 Uncommon trap: reason=predicate action=maybe_recompile pc=0x00000000040492ac method=java.util.TimSort.reverseRange([Ljava/lang/Object;II)V @ 8
Event: 1077.727 Thread 0x000000001cb86800 Uncommon trap: reason=unloaded action=reinterpret pc=0x0000000005712394 method=org.gradle.internal.component.model.DefaultDependencyMetaData.getArtifacts(Lorg/gradle/internal/component/model/ConfigurationMetaData;Lorg/gradle/internal/component/model/Config2É
”Àÿê@
Event: 1078.199 Thread 0x000000001cb86800 Uncommon trap: reason=class_check action=maybe_recompile pc=0x0000000003c43ad0 method=com.sun.org.apache.xerces.internal.dom.NamedNodeMapImpl.getNamedItem(Ljava/lang/String;)Lorg/w3c/dom/Node; @ 28
Event: 1078.199 Thread 0x000000001cb86800 Uncommon trap: reason=class_check action=maybe_recompile pc=0x0000000003c43ad0 method=com.sun.org.apache.xerces.internal.dom.NamedNodeMapImpl.getNamedItem(Ljava/lang/String;)Lorg/w3c/dom/Node; @ 28
Event: 1078.199 Thread 0x000000001cb86800 Uncommon trap: reason=class_check action=maybe_recompile pc=0x0000000003c43ad0 method=com.sun.org.apache.xerces.internal.dom.NamedNodeMapImpl.getNamedItem(Ljava/lang/String;)Lorg/w3c/dom/Node; @ 28
Event: 1078.199 Thread 0x000000001cb86800 Uncommon trap: reason=class_check action=maybe_recompile pc=0x0000000003c43ad0 method=com.sun.org.apache.xerces.internal.dom.NamedNodeMapImpl.getNamedItem(Ljava/lang/String;)Lorg/w3c/dom/Node; @ 28
Event: 1078.676 Thread 0x000000001cb86800 Uncommon trap: reason=unloaded action=reinterpret pc=0x0000000004c123b8 method=com.sun.tools.javac.jvm.ClassReader.readPool(I)Ljava/lang/Object; @ 413
Event: 1080.297 Thread 0x000000001cb86800 Uncommon trap: reason=class_check action=maybe_recompile pc=0x00000000043150dc method=org.gradle.api.internal.changedetection.state.DefaultFileCollectionSnapshotter$FileCollectionSnapshotImpl$2.next(Lorg/gradle/util/ChangeListener;)Z @ 45
Event: 1080.358 Thread 0x000000001cb86800 Uncommon trap: reason=class_check action=maybe_recompile pc=0x00000000043150dc method=org.gradle.api.internal.changedetection.state.DefaultFileCollectionSnapshotter$FileCollectionSnapshotImpl$2.next(Lorg/gradle/util/ChangeListener;)Z @ 45
Event: 1083.669 Thread 0x000000001cb88800 Uncommon trap: reason=unreached action=reinterpret pc=0x00000000047c6890 method=sun.util.locale.provider.LocaleResources.removeEmptyReferences()V @ 9

Internal exceptions (10 events):
Event: 1162.975 Thread 0x000000001cb86800 Exception <a 'java/security/PrivilegedActionException'> (0x00000000eb01ffc8) thrown at [C:\workspace\8-2-build-windows-amd64-cygwin\jdk8u31\2394\hotspot\src\share\vm\prims\jvm.cpp, line 1312]
Event: 1162.975 Thread 0x000000001cb86800 Exception <a 'java/security/PrivilegedActionException'> (0x00000000eb0210b8) thrown at [C:\workspace\8-2-build-windows-amd64-cygwin\jdk8u31\2394\hotspot\src\share\vm\prims\jvm.cpp, line 1312]
Event: 1162.975 Thread 0x000000001cb86800 Exception <a 'java/security/PrivilegedActionException'> (0x00000000eb029860) thrown at [C:\workspace\8-2-build-windows-amd64-cygwin\jdk8u31\2394\hotspot\src\share\vm\prims\jvm.cpp, line 1312]
Event: 1162.976 Thread 0x000000001cb86800 Exception <a 'java/security/PrivilegedActionException'> (0x00000000eb02dc28) thrown at [C:\workspace\8-2-build-windows-amd64-cygwin\jdk8u31\2394\hotspot\src\share\vm\prims\jvm.cpp, line 1312]
Event: 1162.978 Thread 0x000000001cb86800 Exception <a 'java/security/PrivilegedActionException'> (0x00000000eb045280) thrown at [C:\workspace\8-2-build-windows-amd64-cygwin\jdk8u31\2394\hotspot\src\share\vm\prims\jvm.cpp, line 1312]
Event: 1162.978 Thread 0x000000001cb86800 Exception <a 'java/security/PrivilegedActionException'> (0x00000000eb046748) thrown at [C:\workspace\8-2-build-windows-amd64-cygwin\jdk8u31\2394\hotspot\src\share\vm\prims\jvm.cpp, line 1312]
Event: 1162.978 Thread 0x000000001cb86800 Exception <a 'java/security/PrivilegedActionException'> (0x00000000eb04ff70) thrown at [C:\workspace\8-2-build-windows-amd64-cygwin\jdk8u31\2394\hotspot\src\share\vm\prims\jvm.cpp, line 1312]
Event: 1163.668 Thread 0x000000001cb86800 Exception <a 'java/security/PrivilegedActionException'> (0x00000000ef910c48) thrown at [C:\workspace\8-2-build-windows-amd64-cygwin\jdk8u31\2394\hotspot\src\share\vm\prims\jvm.cpp, line 1312]
Event: 1163.668 Thread 0x000000001cb86800 Exception <a 'java/security/PrivilegedActionException'> (0x00000000ef912230) thrown at [C:\workspace\8-2-build-windows-amd64-cygwin\jdk8u31\2394\hotspot\src\share\vm\prims\jvm.cpp, line 1312]
Event: 1163.668 Thread 0x000000001cb86800 Exception <a 'java/security/PrivilegedActionException'> (0x00000000ef9199d0) thrown at [C:\workspace\8-2-build-windows-amd64-cygwin\jdk8u31\2394\hotspot\src\share\vm\prims\jvm.cpp, line 1312]

Events (10 events):
Event: 1163.024 Executing VM operation: ForceSafepoint
Event: 1163.024 Executing VM operation: ForceSafepoint done
Event: 1163.377 Executing VM operation: ForceSafepoint
Event: 1163.377 Executing VM operation: ForceSafepoint done
Event: 1163.426 Executing VM operation: ForceSafepoint
Event: 1163.426 Executing VM operation: ForceSafepoint done
Event: 1163.641 Executing VM operation: ForceSafepoint
Event: 1163.641 Executing VM operation: ForceSafepoint done
Event: 1163.668 loading class org/gradle/internal/component/model/AbstractModuleDescriptorBackedMetaData$1
Event: 1163.668 loading class org/gradle/internal/component/model/AbstractModuleDescriptorBackedMetaData$1 done


Dynamic libraries:
0x00007ff782fb0000 - 0x00007ff782fe4000 	C:\Program Files\Java\jdk1.8.0_31\bin\java.exe
0x00007ff908e40000 - 0x00007ff909001000 	C:\WINDOWS\SYSTEM32\ntdll.dll
0x00007ff908230000 - 0x00007ff9082dd000 	C:\WINDOWS\system32\KERNEL32.DLL
0x00007ff906030000 - 0x00007ff906218000 	C:\WINDOWS\system32\KERNELBASE.dll
0x00007ff906920000 - 0x00007ff9069c7000 	C:\WINDOWS\system32\ADVAPI32.dll
0x00007ff9069d0000 - 0x00007ff906a6d000 	C:\WINDOWS\system32\msvcrt.dll
0x00007ff907fd0000 - 0x00007ff90802b000 	C:\WINDOWS\system32\sechost.dll
0x00007ff906650000 - 0x00007ff90676c000 	C:\WINDOWS\system32\RPCRT4.dll
0x00007ff9082e0000 - 0x00007ff908436000 	C:\WINDOWS\system32\USER32.dll
0x00007ff906790000 - 0x00007ff906916000 	C:\WINDOWS\system32\GDI32.dll
0x00007ff8fffd0000 - 0x00007ff900244000 	C:\WINDOWS\WinSxS\amd64_microsoft.windows.common-controls_6595b64144ccf1df_6.0.10586.0_none_8c15ae12515e1c22\COMCTL32.dll
0x00007ff9088a0000 - 0x00007ff908b1d000 	C:\WINDOWS\system32\combase.dll
0x00007ff9054d0000 - 0x00007ff90553a000 	C:\WINDOWS\system32\bcryptPrimitives.dll
0x00007ff9081f0000 - 0x00007ff90822b000 	C:\WINDOWS\system32\IMM32.DLL
0x00000000507f0000 - 0x00000000508c2000 	C:\Program Files\Java\jdk1.8.0_31\jre\bin\msvcr100.dll
0x00000000777a0000 - 0x0000000077ffa000 	C:\Program Files\Java\jdk1.8.0_31\jre\bin\server\jvm.dll
0x00007ff908b20000 - 0x00007ff908b28000 	C:\WINDOWS\system32\PSAPI.DLL
0x00007ff8fa220000 - 0x00007ff8fa229000 	C:\WINDOWS\SYSTEM32\WSOCK32.dll
0x00007ff903330000 - 0x00007ff903353000 	C:\WINDOWS\SYSTEM32\WINMM.dll
0x00007ff9087c0000 - 0x00007ff90882b000 	C:\WINDOWS\system32\WS2_32.dll
0x0000000000d40000 - 0x0000000000d6c000 	C:\WINDOWS\SYSTEM32\WINMMBASE.dll
0x00007ff905ca0000 - 0x00007ff905ce3000 	C:\WINDOWS\system32\cfgmgr32.dll
0x00000000507e0000 - 0x00000000507ef000 	C:\Program Files\Java\jdk1.8.0_31\jre\bin\verify.dll
0x00000000507b0000 - 0x00000000507d8000 	C:\Program Files\Java\jdk1.8.0_31\jre\bin\java.dll
0x0000000050790000 - 0x00000000507a6000 	C:\Program Files\Java\jdk1.8.0_31\jre\bin\zip.dll
0x00007ff906a70000 - 0x00007ff907fcc000 	C:\WINDOWS\system32\SHELL32.dll
0x00007ff905650000 - 0x00007ff905c94000 	C:\WINDOWS\system32\windows.storage.dll
0x00007ff908c60000 - 0x00007ff908cb2000 	C:\WINDOWS\system32\shlwapi.dll
0x00007ff9054c0000 - 0x00007ff9054cf000 	C:\WINDOWS\system32\kernel.appcore.dll
0x00007ff905da0000 - 0x00007ff905e55000 	C:\WINDOWS\system32\shcore.dll
0x00007ff905440000 - 0x00007ff90548b000 	C:\WINDOWS\system32\powrprof.dll
0x00007ff9054a0000 - 0x00007ff9054b4000 	C:\WINDOWS\system32\profapi.dll
0x0000000050770000 - 0x000000005078a000 	C:\Program Files\Java\jdk1.8.0_31\jre\bin\net.dll
0x00007ff904d10000 - 0x00007ff904d6c000 	C:\WINDOWS\system32\mswsock.dll
0x0000000050750000 - 0x0000000050761000 	C:\Program Files\Java\jdk1.8.0_31\jre\bin\nio.dll
0x00007ff8fafc0000 - 0x00007ff8fafd2000 	C:\Users\Administrator\.gradle\native\19\windows-amd64\native-platform.dll
0x00007ff8fe430000 - 0x00007ff8fe468000 	C:\WINDOWS\SYSTEM32\IPHLPAPI.DLL
0x00007ff908030000 - 0x00007ff908038000 	C:\WINDOWS\system32\NSI.dll
0x00007ff8fe4b0000 - 0x00007ff8fe4c6000 	C:\WINDOWS\SYSTEM32\dhcpcsvc6.DLL
0x00007ff8fe490000 - 0x00007ff8fe4aa000 	C:\WINDOWS\SYSTEM32\dhcpcsvc.DLL
0x00007ff904dc0000 - 0x00007ff904dd7000 	C:\WINDOWS\SYSTEM32\CRYPTSP.dll
0x00007ff904a50000 - 0x00007ff904a84000 	C:\WINDOWS\system32\rsaenh.dll
0x00007ff905370000 - 0x00007ff905399000 	C:\WINDOWS\SYSTEM32\bcrypt.dll
0x00007ff904ba0000 - 0x00007ff904bbf000 	C:\WINDOWS\SYSTEM32\USERENV.dll
0x00007ff904ee0000 - 0x00007ff904eeb000 	C:\WINDOWS\SYSTEM32\CRYPTBASE.dll
0x0000000050740000 - 0x000000005074d000 	C:\Program Files\Java\jdk1.8.0_31\jre\bin\management.dll
0x00007ff8f6610000 - 0x00007ff8f6626000 	C:\WINDOWS\system32\napinsp.dll
0x00007ff8f65f0000 - 0x00007ff8f660a000 	C:\WINDOWS\system32\pnrpnsp.dll
0x00007ff902f20000 - 0x00007ff902f38000 	C:\WINDOWS\system32\NLAapi.dll
0x00007ff903e60000 - 0x00007ff903f0a000 	C:\WINDOWS\SYSTEM32\DNSAPI.dll
0x00007ff8f7a70000 - 0x00007ff8f7a7d000 	C:\WINDOWS\System32\winrnr.dll
0x00007ff8f6630000 - 0x00007ff8f6645000 	C:\WINDOWS\System32\wshbth.dll
0x00007ff8fd3c0000 - 0x00007ff8fd3ca000 	C:\Windows\System32\rasadhlp.dll
0x00007ff8fe030000 - 0x00007ff8fe097000 	C:\WINDOWS\System32\fwpuclnt.dll
0x0000000050730000 - 0x0000000050739000 	C:\Program Files\Java\jdk1.8.0_31\jre\bin\attach.dll
0x0000000050700000 - 0x0000000050723000 	C:\Program Files\Java\jdk1.8.0_31\jre\bin\instrument.dll
0x00007ff8dc390000 - 0x00007ff8dc51c000 	C:\WINDOWS\SYSTEM32\dbghelp.dll

VM Arguments:
jvm_args: -XX:MaxPermSize=256m -XX:+HeapDumpOnOutOfMemoryError -Xmx1024m -Dfile.encoding=GBK -Duser.country=CN -Duser.language=zh -Duser.variant 
java_command: org.gradle.launcher.daemon.bootstrap.GradleDaemon 2.10
java_class_path (initial): C:\Users\Administrator\.gradle\wrapper\dists\gradle-2.10-all\a4w5fzrkeut1ox71xslb49gst\gradle-2.10\lib\gradle-launcher-2.10.jar
Launcher Type: SUN_STANDARD

Environment Variables:
JAVA_HOME=C:\Program Files\Java\jdk1.8.0_31
CLASSPATH=C:\Program Files\Java\jdk1.8.0_31/lib/rt.jar;C:\Program Files\Java\jdk1.8.0_31/lib/tools.jar
PATH=C:\ProgramData\Oracle\Java\javapath;C:\WINDOWS\system32;C:\WINDOWS;C:\WINDOWS\System32\Wbem;C:\WINDOWS\System32\WindowsPowerShell\v1.0\;C:\Program Files (x86)\Intel\OpenCL SDK\2.0\bin\x86;C:\Program Files (x86)\Intel\OpenCL SDK\2.0\bin\x64;C:\Program Files (x86)\ATI Technologies\ATI.ACE\Core-Static;C:\Program Files (x86)\Skype\Phone\;C:\Program Files\Java\jdk1.8.0_31/bin;C:\Program Files\TortoiseSVN\bin;C:\Program Files (x86)\SSH Communications Security\SSH Secure Shell;F:\cubieboard\PhoenixSuit1.0.7\
USERNAME=Administrator
OS=Windows_NT
PROCESSOR_IDENTIFIER=Intel64 Family 6 Model 58 Stepping 9, GenuineIntel



---------------  S Y S T E M  ---------------

OS: Windows 8.1 , 64 bit Build 9600 

CPU:total 4 (2 cores per cpu, 2 threads per core) family 6 model 58 stepping 9, cmov, cx8, fxsr, mmx, sse, sse2, sse3, ssse3, sse4.1, sse4.2, popcnt, avx, aes, clmul, erms, ht, tsc, tscinvbit, tscinv

Memory: 4k page, physical 8260968k(2092028k free), swap 16649576k(8798212k free)

vm_info: Java HotSpot(TM) 64-Bit Server VM (25.31-b07) for windows-amd64 JRE (1.8.0_31-b13), built on Dec 17 2014 21:00:28 by "java_re" with MS VC++ 10.0 (VS2010)

time: Wed Jul 06 15:14:03 2016
elapsed time: 1163 seconds (0d 0h 19m 23s)

