#
# A fatal error has been detected by the Java Runtime Environment:
#
#  EXCEPTION_ACCESS_VIOLATION (0xc0000005) at pc=0x0000000000004050, pid=3952, tid=11072
#
# JRE version: Java(TM) SE Runtime Environment (8.0_31-b13) (build 1.8.0_31-b13)
# Java VM: Java HotSpot(TM) 64-Bit Server VM (25.31-b07 mixed mode windows-amd64 compressed oops)
# Problematic frame:
# C  0x0000000000004050
#
# Failed to write core dump. Minidumps are not enabled by default on client versions of Windows
#
# If you would like to submit a bug report, please visit:
#   http://bugreport.java.com/bugreport/crash.jsp
#

---------------  T H R E A D  ---------------

Current thread (0x000000001af49800):  JavaThread "Daemon worker Thread 6" [_thread_in_Java, id=11072, stack(0x0000000026160000,0x0000000026260000)]

siginfo: ExceptionCode=0xc0000005, ExceptionInformation=0x0000000000000008 0x0000000000004050

Registers:
RAX=0x00000000c23c95d8, RBX=0x0000000018cabb78, RCX=0x0000000002ed3740, RDX=0x00000000c23c95d8
RSP=0x000000002625c670, RBP=0x00000000f1bd52c8, RSI=0x000000010014b228, RDI=0x000000001e6ce428
R8 =0x00000000c004e000, R9 =0x000000000000005f, R10=0x00000000c23c95d8, R11=0x0000000003053240
R12=0x0000000000000000, R13=0x000000002625c660, R14=0x000000002625c708, R15=0x000000001af49800
RIP=0x0000000000004050, EFLAGS=0x0000000000010246

Top of Stack: (sp=0x000000002625c670)
0x000000002625c670:   00000000c00006b0 00000000c03effd0
0x000000002625c680:   000000002625c6f0 0000000002dd77b0
0x000000002625c690:   00000000f1bd5108 0000000002dd77b0
0x000000002625c6a0:   00000000c23c95d8 00000000c004e038
0x000000002625c6b0:   000000002625c6b0 0000000020bf35e6
0x000000002625c6c0:   000000002625c708 0000000020bf3668
0x000000002625c6d0:   0000000000000000 0000000020bf35f8
0x000000002625c6e0:   000000002625c6a0 000000002625c710
0x000000002625c6f0:   000000002625c710 000000000499d5c4
0x000000002625c700:   00000000c23c95d8 00000000c23c93c0
0x000000002625c710:   0000000002dd77b0 000000002625c718
0x000000002625c720:   000000001d83dfe0 00000000f1bd52c8
0x000000002625c730:   00000000f1bd52f0 0000000000000000
0x000000002625c740:   000000002625c7b0 0000000002dd7958
0x000000002625c750:   000000002625c7b0 0000000002dd7958
0x000000002625c760:   00000000c23c93c0 00000000f1bd52f0 

Instructions: (pc=0x0000000000004050)
0x0000000000004030:   
[error occurred during error reporting (printing registers, top of stack, instructions near pc), id 0xc0000005]

Register to memory mapping:

RAX=0x00000000c23c95d8 is an oop
com.android.build.gradle.internal.pipeline.TransformTask$$Lambda$118/426026040 
 - klass: 'com/android/build/gradle/internal/pipeline/TransformTask$$Lambda$118'
RBX={method} {0x0000000018cabb80} 'identity' '(Ljava/lang/Object;)Ljava/lang/Object;' in 'sun/invoke/util/ValueConversions'
RCX=0x0000000002ed3740 is at begin+12 in a stub
MethodHandle::interpreter_entry::_linkToStatic [0x0000000002ed3734, 0x0000000002ed3758[ (36 bytes)
RDX=0x00000000c23c95d8 is an oop
com.android.build.gradle.internal.pipeline.TransformTask$$Lambda$118/426026040 
 - klass: 'com/android/build/gradle/internal/pipeline/TransformTask$$Lambda$118'
RSP=0x000000002625c670 is pointing into the stack for thread: 0x000000001af49800
RBP=0x00000000f1bd52c8 is an oop
java.util.Spliterators$IteratorSpliterator 
 - klass: 'java/util/Spliterators$IteratorSpliterator'
RSI=0x000000010014b228 is pointing into metadata
RDI=0x000000001e6ce428 is pointing into metadata
R8 =0x00000000c004e000 is an oop
java.lang.invoke.MemberName 
 - klass: 'java/lang/invoke/MemberName'
R9 =0x000000000000005f is an unknown value
R10=0x00000000c23c95d8 is an oop
com.android.build.gradle.internal.pipeline.TransformTask$$Lambda$118/426026040 
 - klass: 'com/android/build/gradle/internal/pipeline/TransformTask$$Lambda$118'
R11=0x0000000003053240 is at entry_point+0 in (nmethod*)0x0000000003053110
R12=0x0000000000000000 is an unknown value
R13=0x000000002625c660 is pointing into the stack for thread: 0x000000001af49800
R14=0x000000002625c708 is pointing into the stack for thread: 0x000000001af49800
R15=0x000000001af49800 is a thread


Stack: [0x0000000026160000,0x0000000026260000],  sp=0x000000002625c670,  free space=1009k
Native frames: (J=compiled Java code, j=interpreted, Vv=VM code, C=native code)
C  0x0000000000004050


---------------  P R O C E S S  ---------------

Java Threads: ( => current thread )
  0x000000001af48800 JavaThread "Stdin handler" [_thread_blocked, id=10432, stack(0x0000000026a60000,0x0000000026b60000)]
  0x000000001af46800 JavaThread "Cancel handler" [_thread_blocked, id=2076, stack(0x0000000026960000,0x0000000026a60000)]
  0x000000001af41000 JavaThread "Handler for socket connection from /127.0.0.1:63655 to /127.0.0.1:52445" [_thread_in_native, id=4740, stack(0x0000000026860000,0x0000000026960000)]
=>0x000000001af49800 JavaThread "Daemon worker Thread 6" [_thread_in_Java, id=11072, stack(0x0000000026160000,0x0000000026260000)]
  0x000000001af45800 JavaThread "Daemon Thread 6" [_thread_blocked, id=6468, stack(0x0000000025e60000,0x0000000025f60000)]
  0x000000001af43800 JavaThread "pool-4-thread-1" [_thread_blocked, id=7068, stack(0x0000000021660000,0x0000000021760000)]
  0x000000001af40800 JavaThread "pool-4-thread-4" [_thread_blocked, id=4332, stack(0x0000000021560000,0x0000000021660000)]
  0x000000001af45000 JavaThread "pool-4-thread-3" [_thread_blocked, id=7340, stack(0x0000000021460000,0x0000000021560000)]
  0x000000001af44000 JavaThread "pool-4-thread-2" [_thread_blocked, id=8240, stack(0x0000000021360000,0x0000000021460000)]
  0x00000000199fe000 JavaThread "File lock request listener" [_thread_in_native, id=7164, stack(0x000000001a940000,0x000000001aa40000)]
  0x0000000017ea2000 JavaThread "Incoming local TCP Connector on port 63655" [_thread_in_native, id=5524, stack(0x0000000017b20000,0x0000000017c20000)]
  0x0000000016ba9000 JavaThread "Service Thread" daemon [_thread_blocked, id=6188, stack(0x0000000017120000,0x0000000017220000)]
  0x0000000016b42800 JavaThread "C1 CompilerThread2" daemon [_thread_blocked, id=6452, stack(0x0000000017020000,0x0000000017120000)]
  0x0000000016b21000 JavaThread "C2 CompilerThread1" daemon [_thread_blocked, id=7496, stack(0x0000000016f20000,0x0000000017020000)]
  0x00000000154b1000 JavaThread "C2 CompilerThread0" daemon [_thread_blocked, id=2492, stack(0x0000000016a20000,0x0000000016b20000)]
  0x00000000154af000 JavaThread "Attach Listener" daemon [_thread_blocked, id=9700, stack(0x0000000016920000,0x0000000016a20000)]
  0x00000000154fe800 JavaThread "Signal Dispatcher" daemon [_thread_blocked, id=5996, stack(0x0000000016820000,0x0000000016920000)]
  0x0000000002dc8800 JavaThread "Finalizer" daemon [_thread_blocked, id=9956, stack(0x0000000016720000,0x0000000016820000)]
  0x0000000002dbf800 JavaThread "Reference Handler" daemon [_thread_blocked, id=9268, stack(0x0000000016620000,0x0000000016720000)]
  0x0000000002cd2800 JavaThread "main" [_thread_blocked, id=380, stack(0x0000000002b60000,0x0000000002c60000)]

Other Threads:
  0x0000000015466800 VMThread [stack: 0x0000000016520000,0x0000000016620000] [id=6348]
  0x0000000016bb5000 WatcherThread [stack: 0x0000000017220000,0x0000000017320000] [id=3880]

VM state:not at safepoint (normal execution)

VM Mutex/Monitor currently owned by a thread: None

Heap:
 PSYoungGen      total 289280K, used 117987K [0x00000000eab00000, 0x00000000ffd80000, 0x0000000100000000)
  eden space 283136K, 41% used [0x00000000eab00000,0x00000000f1e38f48,0x00000000fbf80000)
  from space 6144K, 0% used [0x00000000fbf80000,0x00000000fbf80000,0x00000000fc580000)
  to   space 31744K, 0% used [0x00000000fde80000,0x00000000fde80000,0x00000000ffd80000)
 ParOldGen       total 98816K, used 50121K [0x00000000c0000000, 0x00000000c6080000, 0x00000000eab00000)
  object space 98816K, 50% used [0x00000000c0000000,0x00000000c30f2600,0x00000000c6080000)
 Metaspace       used 69857K, capacity 72734K, committed 73728K, reserved 1114112K
  class space    used 9072K, capacity 9503K, committed 9984K, reserved 1048576K

Card table byte_map: [0x0000000012190000,0x00000000123a0000] byte_map_base: 0x0000000011b90000

Marking Bits: (ParMarkBitMap*) 0x000000005a38d4f0
 Begin Bits: [0x0000000012900000, 0x0000000013900000)
 End Bits:   [0x0000000013900000, 0x0000000014900000)

Polling page: 0x00000000027e0000

CodeCache: size=245760Kb used=38446Kb max_used=42297Kb free=207313Kb
 bounds [0x0000000002dd0000, 0x0000000005760000, 0x0000000011dd0000]
 total_blobs=12798 nmethods=12037 adapters=672
 compilation: enabled

Compilation events (10 events):
Event: 4685.895 Thread 0x0000000016b42800 nmethod 28731 0x00000000051a6b90 code [0x00000000051a6d20, 0x00000000051a7428]
Event: 4685.911 Thread 0x00000000154b1000 nmethod 28728 0x0000000005175f50 code [0x0000000005176300, 0x0000000005177d70]
Event: 4685.911 Thread 0x00000000154b1000 28730   !   4       sun.nio.fs.WindowsDirectoryStream::<init> (175 bytes)
Event: 4685.922 Thread 0x0000000016b21000 nmethod 28729 0x0000000005170910 code [0x0000000005170c80, 0x0000000005172b78]
Event: 4685.933 Thread 0x0000000016b21000 28732       4       java.lang.Throwable::<init> (34 bytes)
Event: 4685.934 Thread 0x0000000016b21000 nmethod 28732 0x00000000051a4990 code [0x00000000051a4ae0, 0x00000000051a4b98]
Event: 4685.935 Thread 0x0000000016b21000 28733       4       java.lang.invoke.LambdaForm$DMH/243990359::invokeStatic_L_L (14 bytes)
Event: 4685.935 Thread 0x0000000016b21000 nmethod 28733 0x00000000051a4610 code [0x00000000051a4760, 0x00000000051a4808]
Event: 4685.951 Thread 0x0000000016b21000 28734       4       java.util.SubList::<init> (145 bytes)
Event: 4685.952 Thread 0x0000000016b21000 nmethod 28734 0x00000000051a6790 code [0x00000000051a68e0, 0x00000000051a69f8]

GC Heap History (10 events):
Event: 4335.700 GC heap before
{Heap before GC invocations=32 (full 5):
 PSYoungGen      total 313856K, used 281088K [0x00000000eab00000, 0x00000000fff00000, 0x0000000100000000)
  eden space 281088K, 100% used [0x00000000eab00000,0x00000000fbd80000,0x00000000fbd80000)
  from space 32768K, 0% used [0x00000000fde00000,0x00000000fde00000,0x00000000ffe00000)
  to   space 33280K, 0% used [0x00000000fbd80000,0x00000000fbd80000,0x00000000fde00000)
 ParOldGen       total 98816K, used 48694K [0x00000000c0000000, 0x00000000c6080000, 0x00000000eab00000)
  object space 98816K, 49% used [0x00000000c0000000,0x00000000c2f8d838,0x00000000c6080000)
 Metaspace       used 69332K, capacity 72034K, committed 73216K, reserved 1112064K
  class space    used 9038K, capacity 9455K, committed 9984K, reserved 1048576K
Event: 4335.712 GC heap after
Heap after GC invocations=32 (full 5):
 PSYoungGen      total 314368K, used 7376K [0x00000000eab00000, 0x00000000fff80000, 0x0000000100000000)
  eden space 281088K, 0% used [0x00000000eab00000,0x00000000eab00000,0x00000000fbd80000)
  from space 33280K, 22% used [0x00000000fbd80000,0x00000000fc4b4030,0x00000000fde00000)
  to   space 32768K, 0% used [0x00000000fdf80000,0x00000000fdf80000,0x00000000fff80000)
 ParOldGen       total 98816K, used 48702K [0x00000000c0000000, 0x00000000c6080000, 0x00000000eab00000)
  object space 98816K, 49% used [0x00000000c0000000,0x00000000c2f8f838,0x00000000c6080000)
 Metaspace       used 69332K, capacity 72034K, committed 73216K, reserved 1112064K
  class space    used 9038K, capacity 9455K, committed 9984K, reserved 1048576K
}
Event: 4340.970 GC heap before
{Heap before GC invocations=33 (full 5):
 PSYoungGen      total 314368K, used 50646K [0x00000000eab00000, 0x00000000fff80000, 0x0000000100000000)
  eden space 281088K, 15% used [0x00000000eab00000,0x00000000ed541ac0,0x00000000fbd80000)
  from space 33280K, 22% used [0x00000000fbd80000,0x00000000fc4b4030,0x00000000fde00000)
  to   space 32768K, 0% used [0x00000000fdf80000,0x00000000fdf80000,0x00000000fff80000)
 ParOldGen       total 98816K, used 48702K [0x00000000c0000000, 0x00000000c6080000, 0x00000000eab00000)
  object space 98816K, 49% used [0x00000000c0000000,0x00000000c2f8f838,0x00000000c6080000)
 Metaspace       used 69554K, capacity 72262K, committed 73472K, reserved 1112064K
  class space    used 9044K, capacity 9461K, committed 9984K, reserved 1048576K
Event: 4340.977 GC heap after
Heap after GC invocations=33 (full 5):
 PSYoungGen      total 315904K, used 160K [0x00000000eab00000, 0x00000000fff80000, 0x0000000100000000)
  eden space 283136K, 0% used [0x00000000eab00000,0x00000000eab00000,0x00000000fbf80000)
  from space 32768K, 0% used [0x00000000fdf80000,0x00000000fdfa8000,0x00000000fff80000)
  to   space 32768K, 0% used [0x00000000fbf80000,0x00000000fbf80000,0x00000000fdf80000)
 ParOldGen       total 98816K, used 53790K [0x00000000c0000000, 0x00000000c6080000, 0x00000000eab00000)
  object space 98816K, 54% used [0x00000000c0000000,0x00000000c34879e8,0x00000000c6080000)
 Metaspace       used 69554K, capacity 72262K, committed 73472K, reserved 1112064K
  class space    used 9044K, capacity 9461K, committed 9984K, reserved 1048576K
}
Event: 4340.977 GC heap before
{Heap before GC invocations=34 (full 6):
 PSYoungGen      total 315904K, used 160K [0x00000000eab00000, 0x00000000fff80000, 0x0000000100000000)
  eden space 283136K, 0% used [0x00000000eab00000,0x00000000eab00000,0x00000000fbf80000)
  from space 32768K, 0% used [0x00000000fdf80000,0x00000000fdfa8000,0x00000000fff80000)
  to   space 32768K, 0% used [0x00000000fbf80000,0x00000000fbf80000,0x00000000fdf80000)
 ParOldGen       total 98816K, used 53790K [0x00000000c0000000, 0x00000000c6080000, 0x00000000eab00000)
  object space 98816K, 54% used [0x00000000c0000000,0x00000000c34879e8,0x00000000c6080000)
 Metaspace       used 69554K, capacity 72262K, committed 73472K, reserved 1112064K
  class space    used 9044K, capacity 9461K, committed 9984K, reserved 1048576K
Event: 4341.399 GC heap after
Heap after GC invocations=34 (full 6):
 PSYoungGen      total 315904K, used 0K [0x00000000eab00000, 0x00000000fff80000, 0x0000000100000000)
  eden space 283136K, 0% used [0x00000000eab00000,0x00000000eab00000,0x00000000fbf80000)
  from space 32768K, 0% used [0x00000000fdf80000,0x00000000fdf80000,0x00000000fff80000)
  to   space 32768K, 0% used [0x00000000fbf80000,0x00000000fbf80000,0x00000000fdf80000)
 ParOldGen       total 98816K, used 48871K [0x00000000c0000000, 0x00000000c6080000, 0x00000000eab00000)
  object space 98816K, 49% used [0x00000000c0000000,0x00000000c2fb9fa8,0x00000000c6080000)
 Metaspace       used 69528K, capacity 72174K, committed 73472K, reserved 1112064K
  class space    used 9036K, capacity 9453K, committed 9984K, reserved 1048576K
}
Event: 4678.149 GC heap before
{Heap before GC invocations=35 (full 6):
 PSYoungGen      total 315904K, used 192274K [0x00000000eab00000, 0x00000000fff80000, 0x0000000100000000)
  eden space 283136K, 67% used [0x00000000eab00000,0x00000000f66c48b8,0x00000000fbf80000)
  from space 32768K, 0% used [0x00000000fdf80000,0x00000000fdf80000,0x00000000fff80000)
  to   space 32768K, 0% used [0x00000000fbf80000,0x00000000fbf80000,0x00000000fdf80000)
 ParOldGen       total 98816K, used 48871K [0x00000000c0000000, 0x00000000c6080000, 0x00000000eab00000)
  object space 98816K, 49% used [0x00000000c0000000,0x00000000c2fb9fa8,0x00000000c6080000)
 Metaspace       used 69722K, capacity 72486K, committed 73472K, reserved 1112064K
  class space    used 9055K, capacity 9479K, committed 9984K, reserved 1048576K
Event: 4678.161 GC heap after
Heap after GC invocations=35 (full 6):
 PSYoungGen      total 289280K, used 5943K [0x00000000eab00000, 0x00000000ffd80000, 0x0000000100000000)
  eden space 283136K, 0% used [0x00000000eab00000,0x00000000eab00000,0x00000000fbf80000)
  from space 6144K, 96% used [0x00000000fbf80000,0x00000000fc54de40,0x00000000fc580000)
  to   space 31744K, 0% used [0x00000000fde80000,0x00000000fde80000,0x00000000ffd80000)
 ParOldGen       total 98816K, used 48879K [0x00000000c0000000, 0x00000000c6080000, 0x00000000eab00000)
  object space 98816K, 49% used [0x00000000c0000000,0x00000000c2fbbfa8,0x00000000c6080000)
 Metaspace       used 69722K, capacity 72486K, committed 73472K, reserved 1112064K
  class space    used 9055K, capacity 9479K, committed 9984K, reserved 1048576K
}
Event: 4678.161 GC heap before
{Heap before GC invocations=36 (full 7):
 PSYoungGen      total 289280K, used 5943K [0x00000000eab00000, 0x00000000ffd80000, 0x0000000100000000)
  eden space 283136K, 0% used [0x00000000eab00000,0x00000000eab00000,0x00000000fbf80000)
  from space 6144K, 96% used [0x00000000fbf80000,0x00000000fc54de40,0x00000000fc580000)
  to   space 31744K, 0% used [0x00000000fde80000,0x00000000fde80000,0x00000000ffd80000)
 ParOldGen       total 98816K, used 48879K [0x00000000c0000000, 0x00000000c6080000, 0x00000000eab00000)
  object space 98816K, 49% used [0x00000000c0000000,0x00000000c2fbbfa8,0x00000000c6080000)
 Metaspace       used 69722K, capacity 72486K, committed 73472K, reserved 1112064K
  class space    used 9055K, capacity 9479K, committed 9984K, reserved 1048576K
Event: 4678.484 GC heap after
Heap after GC invocations=36 (full 7):
 PSYoungGen      total 289280K, used 0K [0x00000000eab00000, 0x00000000ffd80000, 0x0000000100000000)
  eden space 283136K, 0% used [0x00000000eab00000,0x00000000eab00000,0x00000000fbf80000)
  from space 6144K, 0% used [0x00000000fbf80000,0x00000000fbf80000,0x00000000fc580000)
  to   space 31744K, 0% used [0x00000000fde80000,0x00000000fde80000,0x00000000ffd80000)
 ParOldGen       total 98816K, used 50121K [0x00000000c0000000, 0x00000000c6080000, 0x00000000eab00000)
  object space 98816K, 50% used [0x00000000c0000000,0x00000000c30f2600,0x00000000c6080000)
 Metaspace       used 69722K, capacity 72486K, committed 73472K, reserved 1112064K
  class space    used 9055K, capacity 9479K, committed 9984K, reserved 1048576K
}

Deoptimization events (10 events):
Event: 4153.272 Thread 0x000000001af46800 Uncommon trap: reason=predicate action=maybe_recompile pc=0x0000000004d1722c method=java.util.TimSort.reverseRange([Ljava/lang/Object;II)V @ 8
Event: 4167.100 Thread 0x000000001af46800 Uncommon trap: reason=null_check action=make_not_entrant pc=0x0000000004d32ca0 method=org.gradle.api.internal.collections.CollectionFilter.filter(Ljava/lang/Object;)Ljava/lang/Object; @ 5
Event: 4169.305 Thread 0x000000001af46800 Uncommon trap: reason=unreached action=reinterpret pc=0x00000000056d1ec8 method=com.google.common.collect.MapMakerInternalMap$Segment.getEntry(Ljava/lang/Object;I)Lcom/google/common/collect/MapMakerInternalMap$ReferenceEntry; @ 40
Event: 4334.682 Thread 0x000000001af47000 Uncommon trap: reason=unreached action=reinterpret pc=0x00000000054f3f60 method=com.google.common.cache.LocalCache.usesKeyReferences()Z @ 7
Event: 4678.108 Thread 0x000000001af43800 Uncommon trap: reason=class_check action=maybe_recompile pc=0x0000000005607d0c method=java.lang.AbstractStringBuilder.append(Ljava/lang/CharSequence;)Ljava/lang/AbstractStringBuilder; @ 26
Event: 4678.108 Thread 0x000000001af43800 Uncommon trap: reason=class_check action=maybe_recompile pc=0x00000000033f1540 method=java.lang.AbstractStringBuilder.append(Ljava/lang/CharSequence;II)Ljava/lang/AbstractStringBuilder; @ 18
Event: 4678.109 Thread 0x000000001af49800 Uncommon trap: reason=class_check action=maybe_recompile pc=0x00000000030651c0 method=java.lang.Throwable.<init>(Ljava/lang/String;Ljava/lang/Throwable;)V @ 24
Event: 4678.116 Thread 0x000000001af49800 Uncommon trap: reason=bimorphic action=maybe_recompile pc=0x0000000003cb361c method=org.gradle.logging.internal.AbstractStyledTextOutput.text(Ljava/lang/Object;)Lorg/gradle/logging/StyledTextOutput; @ 11
Event: 4678.500 Thread 0x000000001af45800 Uncommon trap: reason=unreached action=reinterpret pc=0x0000000003f9b664 method=org.gradle.messaging.remote.internal.Message$ExceptionReplacingObjectOutputStream.replaceObject(Ljava/lang/Object;)Ljava/lang/Object; @ 4
Event: 4684.482 Thread 0x000000001af49800 Uncommon trap: reason=array_check action=maybe_recompile pc=0x0000000003ad71fc method=java.util.TimSort.reverseRange([Ljava/lang/Object;II)V @ 20

Internal exceptions (10 events):
Event: 4684.519 Thread 0x000000001af49800 Exception <a 'java/security/PrivilegedActionException'> (0x00000000eb03c1e0) thrown at [C:\workspace\8-2-build-windows-amd64-cygwin\jdk8u31\2394\hotspot\src\share\vm\prims\jvm.cpp, line 1312]
Event: 4684.519 Thread 0x000000001af49800 Exception <a 'java/security/PrivilegedActionException'> (0x00000000eb046250) thrown at [C:\workspace\8-2-build-windows-amd64-cygwin\jdk8u31\2394\hotspot\src\share\vm\prims\jvm.cpp, line 1312]
Event: 4684.519 Thread 0x000000001af49800 Exception <a 'java/security/PrivilegedActionException'> (0x00000000eb047340) thrown at [C:\workspace\8-2-build-windows-amd64-cygwin\jdk8u31\2394\hotspot\src\share\vm\prims\jvm.cpp, line 1312]
Event: 4684.519 Thread 0x000000001af49800 Exception <a 'java/security/PrivilegedActionException'> (0x00000000eb04fae8) thrown at [C:\workspace\8-2-build-windows-amd64-cygwin\jdk8u31\2394\hotspot\src\share\vm\prims\jvm.cpp, line 1312]
Event: 4684.520 Thread 0x000000001af49800 Exception <a 'java/security/PrivilegedActionException'> (0x00000000eb054028) thrown at [C:\workspace\8-2-build-windows-amd64-cygwin\jdk8u31\2394\hotspot\src\share\vm\prims\jvm.cpp, line 1312]
Event: 4684.521 Thread 0x000000001af49800 Exception <a 'java/security/PrivilegedActionException'> (0x00000000eb05e800) thrown at [C:\workspace\8-2-build-windows-amd64-cygwin\jdk8u31\2394\hotspot\src\share\vm\prims\jvm.cpp, line 1312]
Event: 4684.521 Thread 0x000000001af49800 Exception <a 'java/security/PrivilegedActionException'> (0x00000000eb05fcc8) thrown at [C:\workspace\8-2-build-windows-amd64-cygwin\jdk8u31\2394\hotspot\src\share\vm\prims\jvm.cpp, line 1312]
Event: 4684.521 Thread 0x000000001af49800 Exception <a 'java/security/PrivilegedActionException'> (0x00000000eb0694f0) thrown at [C:\workspace\8-2-build-windows-amd64-cygwin\jdk8u31\2394\hotspot\src\share\vm\prims\jvm.cpp, line 1312]
Event: 4684.883 Thread 0x000000001af49800 Exception <a 'java/lang/reflect/InvocationTargetException'> (0x00000000ed96b468) thrown at [C:\workspace\8-2-build-windows-amd64-cygwin\jdk8u31\2394\hotspot\src\share\vm\runtime\reflection.cpp, line 1080]
Event: 4684.886 Thread 0x000000001af49800 Exception <a 'java/lang/reflect/InvocationTargetException'> (0x00000000ed9b87a8) thrown at [C:\workspace\8-2-build-windows-amd64-cygwin\jdk8u31\2394\hotspot\src\share\vm\runtime\reflection.cpp, line 1080]

Events (10 events):
Event: 4684.520 loading class groovy/runtime/metaclass/asLocalRepo251_1g7l1h7tdgtm1utt3e1fkqx4y$_run_closure1$_closure3$_closure6MetaClass
Event: 4684.520 loading class groovy/runtime/metaclass/asLocalRepo251_1g7l1h7tdgtm1utt3e1fkqx4y$_run_closure1$_closure3$_closure6MetaClass done
Event: 4684.536 Executing VM operation: ForceSafepoint
Event: 4684.536 Executing VM operation: ForceSafepoint done
Event: 4684.870 Executing VM operation: ForceSafepoint
Event: 4684.870 Executing VM operation: ForceSafepoint done
Event: 4685.235 Executing VM operation: ForceSafepoint
Event: 4685.236 Executing VM operation: ForceSafepoint done
Event: 4685.756 Executing VM operation: ForceSafepoint
Event: 4685.757 Executing VM operation: ForceSafepoint done


Dynamic libraries:
0x00007ff6e1d60000 - 0x00007ff6e1d94000 	C:\Program Files\Java\jdk1.8.0_31\bin\java.exe
0x00007fff86ee0000 - 0x00007fff870a1000 	C:\WINDOWS\SYSTEM32\ntdll.dll
0x00007fff86a00000 - 0x00007fff86aad000 	C:\WINDOWS\system32\KERNEL32.DLL
0x00007fff83c80000 - 0x00007fff83e68000 	C:\WINDOWS\system32\KERNELBASE.dll
0x00007fff86e20000 - 0x00007fff86ec7000 	C:\WINDOWS\system32\ADVAPI32.dll
0x00007fff86420000 - 0x00007fff864bd000 	C:\WINDOWS\system32\msvcrt.dll
0x00007fff86c10000 - 0x00007fff86c6b000 	C:\WINDOWS\system32\sechost.dll
0x00007fff860f0000 - 0x00007fff8620c000 	C:\WINDOWS\system32\RPCRT4.dll
0x00007fff86ab0000 - 0x00007fff86c06000 	C:\WINDOWS\system32\USER32.dll
0x00007fff84450000 - 0x00007fff845d6000 	C:\WINDOWS\system32\GDI32.dll
0x00007fff7da70000 - 0x00007fff7dce4000 	C:\WINDOWS\WinSxS\amd64_microsoft.windows.common-controls_6595b64144ccf1df_6.0.10586.0_none_8c15ae12515e1c22\COMCTL32.dll
0x00007fff845e0000 - 0x00007fff8485d000 	C:\WINDOWS\system32\combase.dll
0x00007fff83fd0000 - 0x00007fff8403a000 	C:\WINDOWS\system32\bcryptPrimitives.dll
0x00007fff84410000 - 0x00007fff8444b000 	C:\WINDOWS\system32\IMM32.DLL
0x000000005a410000 - 0x000000005a4e2000 	C:\Program Files\Java\jdk1.8.0_31\jre\bin\msvcr100.dll
0x0000000059bb0000 - 0x000000005a40a000 	C:\Program Files\Java\jdk1.8.0_31\jre\bin\server\jvm.dll
0x00007fff84860000 - 0x00007fff84868000 	C:\WINDOWS\system32\PSAPI.DLL
0x00007fff78800000 - 0x00007fff78809000 	C:\WINDOWS\SYSTEM32\WSOCK32.dll
0x00007fff81bc0000 - 0x00007fff81be3000 	C:\WINDOWS\SYSTEM32\WINMM.dll
0x00007fff84870000 - 0x00007fff848db000 	C:\WINDOWS\system32\WS2_32.dll
0x00007fff81b90000 - 0x00007fff81bbc000 	C:\WINDOWS\SYSTEM32\WINMMBASE.dll
0x00007fff84040000 - 0x00007fff84083000 	C:\WINDOWS\system32\cfgmgr32.dll
0x0000000059ba0000 - 0x0000000059baf000 	C:\Program Files\Java\jdk1.8.0_31\jre\bin\verify.dll
0x0000000059b70000 - 0x0000000059b98000 	C:\Program Files\Java\jdk1.8.0_31\jre\bin\java.dll
0x0000000059b50000 - 0x0000000059b66000 	C:\Program Files\Java\jdk1.8.0_31\jre\bin\zip.dll
0x00007fff84970000 - 0x00007fff85ecc000 	C:\WINDOWS\system32\SHELL32.dll
0x00007fff83570000 - 0x00007fff83bb4000 	C:\WINDOWS\system32\windows.storage.dll
0x00007fff86090000 - 0x00007fff860e2000 	C:\WINDOWS\system32\shlwapi.dll
0x00007fff83510000 - 0x00007fff8351f000 	C:\WINDOWS\system32\kernel.appcore.dll
0x00007fff83bc0000 - 0x00007fff83c75000 	C:\WINDOWS\system32\shcore.dll
0x00007fff83520000 - 0x00007fff8356b000 	C:\WINDOWS\system32\powrprof.dll
0x00007fff834e0000 - 0x00007fff834f4000 	C:\WINDOWS\system32\profapi.dll
0x0000000059b30000 - 0x0000000059b4a000 	C:\Program Files\Java\jdk1.8.0_31\jre\bin\net.dll
0x00007fff82db0000 - 0x00007fff82e0c000 	C:\WINDOWS\system32\mswsock.dll
0x0000000059b10000 - 0x0000000059b21000 	C:\Program Files\Java\jdk1.8.0_31\jre\bin\nio.dll
0x00007fff77260000 - 0x00007fff77272000 	C:\Users\Administrator\.gradle\native\19\windows-amd64\native-platform.dll
0x00007fff7d940000 - 0x00007fff7d978000 	C:\WINDOWS\SYSTEM32\IPHLPAPI.DLL
0x00007fff848e0000 - 0x00007fff848e8000 	C:\WINDOWS\system32\NSI.dll
0x00007fff7d6d0000 - 0x00007fff7d6e6000 	C:\WINDOWS\SYSTEM32\dhcpcsvc6.DLL
0x00007fff7d6b0000 - 0x00007fff7d6ca000 	C:\WINDOWS\SYSTEM32\dhcpcsvc.DLL
0x00007fff82e60000 - 0x00007fff82e77000 	C:\WINDOWS\SYSTEM32\CRYPTSP.dll
0x00007fff82af0000 - 0x00007fff82b24000 	C:\WINDOWS\system32\rsaenh.dll
0x00007fff83410000 - 0x00007fff83439000 	C:\WINDOWS\SYSTEM32\bcrypt.dll
0x00007fff82c40000 - 0x00007fff82c5f000 	C:\WINDOWS\SYSTEM32\USERENV.dll
0x00007fff83400000 - 0x00007fff8340b000 	C:\WINDOWS\SYSTEM32\CRYPTBASE.dll
0x0000000059b00000 - 0x0000000059b0d000 	C:\Program Files\Java\jdk1.8.0_31\jre\bin\management.dll
0x00007fff75eb0000 - 0x00007fff75ec6000 	C:\WINDOWS\system32\napinsp.dll
0x00007fff74b70000 - 0x00007fff74b8a000 	C:\WINDOWS\system32\pnrpnsp.dll
0x00007fff81370000 - 0x00007fff81388000 	C:\WINDOWS\system32\NLAapi.dll
0x00007fff81e60000 - 0x00007fff81f0a000 	C:\WINDOWS\SYSTEM32\DNSAPI.dll
0x00007fff76040000 - 0x00007fff7604d000 	C:\WINDOWS\System32\winrnr.dll
0x00007fff76050000 - 0x00007fff76065000 	C:\WINDOWS\System32\wshbth.dll
0x00007fff7bef0000 - 0x00007fff7befa000 	C:\Windows\System32\rasadhlp.dll
0x00007fff7d990000 - 0x00007fff7d9f7000 	C:\WINDOWS\System32\fwpuclnt.dll
0x0000000059840000 - 0x0000000059864000 	C:\Program Files\Java\jdk1.8.0_31\jre\bin\sunec.dll
0x0000000059830000 - 0x0000000059839000 	C:\Program Files\Java\jdk1.8.0_31\jre\bin\attach.dll
0x0000000059800000 - 0x0000000059823000 	C:\Program Files\Java\jdk1.8.0_31\jre\bin\instrument.dll
0x00007fff5bf40000 - 0x00007fff5c0cc000 	C:\WINDOWS\SYSTEM32\dbghelp.dll

VM Arguments:
jvm_args: -XX:MaxPermSize=256m -XX:+HeapDumpOnOutOfMemoryError -Xmx1024m -Dfile.encoding=GBK -Duser.country=CN -Duser.language=zh -Duser.variant 
java_command: org.gradle.launcher.daemon.bootstrap.GradleDaemon 2.10
java_class_path (initial): C:\Users\Administrator\.gradle\wrapper\dists\gradle-2.10-all\a4w5fzrkeut1ox71xslb49gst\gradle-2.10\lib\gradle-launcher-2.10.jar
Launcher Type: SUN_STANDARD

Environment Variables:
JAVA_HOME=C:\Program Files\Java\jdk1.8.0_31
CLASSPATH=C:\Program Files\Java\jdk1.8.0_31/lib/rt.jar;C:\Program Files\Java\jdk1.8.0_31/lib/tools.jar
PATH=C:\ProgramData\Oracle\Java\javapath;C:\WINDOWS\system32;C:\WINDOWS;C:\WINDOWS\System32\Wbem;C:\WINDOWS\System32\WindowsPowerShell\v1.0\;C:\Program Files (x86)\Intel\OpenCL SDK\2.0\bin\x86;C:\Program Files (x86)\Intel\OpenCL SDK\2.0\bin\x64;C:\Program Files (x86)\ATI Technologies\ATI.ACE\Core-Static;C:\Program Files (x86)\Skype\Phone\;C:\Program Files\Java\jdk1.8.0_31/bin;C:\Program Files\TortoiseSVN\bin;C:\Program Files (x86)\SSH Communications Security\SSH Secure Shell;F:\cubieboard\PhoenixSuit1.0.7\
USERNAME=Administrator
OS=Windows_NT
PROCESSOR_IDENTIFIER=Intel64 Family 6 Model 58 Stepping 9, GenuineIntel



---------------  S Y S T E M  ---------------

OS: Windows 8.1 , 64 bit Build 9600 

CPU:total 4 (2 cores per cpu, 2 threads per core) family 6 model 58 stepping 9, cmov, cx8, fxsr, mmx, sse, sse2, sse3, ssse3, sse4.1, sse4.2, popcnt, avx, aes, clmul, erms, ht, tsc, tscinvbit, tscinv

Memory: 4k page, physical 8260968k(1690920k free), swap 16649576k(8633508k free)

vm_info: Java HotSpot(TM) 64-Bit Server VM (25.31-b07) for windows-amd64 JRE (1.8.0_31-b13), built on Dec 17 2014 21:00:28 by "java_re" with MS VC++ 10.0 (VS2010)

time: Tue Jun 21 20:26:49 2016
elapsed time: 4686 seconds (0d 1h 18m 6s)

