#
# A fatal error has been detected by the Java Runtime Environment:
#
#  EXCEPTION_ACCESS_VIOLATION (0xc0000005) at pc=0x0000000000000003, pid=7972, tid=7808
#
# JRE version: Java(TM) SE Runtime Environment (8.0_31-b13) (build 1.8.0_31-b13)
# Java VM: Java HotSpot(TM) 64-Bit Server VM (25.31-b07 mixed mode windows-amd64 compressed oops)
# Problematic frame:
# C  0x0000000000000003
#
# Failed to write core dump. Minidumps are not enabled by default on client versions of Windows
#
# If you would like to submit a bug report, please visit:
#   http://bugreport.java.com/bugreport/crash.jsp
#

---------------  T H R E A D  ---------------

Current thread (0x000000001a661800):  JavaThread "Daemon worker Thread 9" [_thread_in_Java, id=7808, stack(0x000000002aca0000,0x000000002ada0000)]

siginfo: ExceptionCode=0xc0000005, ExceptionInformation=0x0000000000000008 0x0000000000000003

Registers:
RAX=0x00000000f6223968, RBX=0x00000000046cb99c, RCX=0x0000000000000000, RDX=0x000000000045d550
RSP=0x000000002ad9c800, RBP=0x00000000f6223350, RSI=0x0000000011ae0000, RDI=0x00000000f6223980
R8 =0x0000000014a50488, R9 =0x00000000c062a628, R10=0x00000000c1e04390, R11=0x0000000002e9b000
R12=0x0000000000000000, R13=0x000000002ad9c730, R14=0x0000000000000001, R15=0x000000001a661800
RIP=0x0000000000000003, EFLAGS=0x0000000000010246

Top of Stack: (sp=0x000000002ad9c800)
0x000000002ad9c800:   00000000f621fb98 00000000c05cb168
0x000000002ad9c810:   00000000f6223350 0000000000000003
0x000000002ad9c820:   000000002ad9c850 00000000030f0e94
0x000000002ad9c830:   00000000030f0e94 00000000f6223950
0x000000002ad9c840:   00000000c004e6d0 00000000c0601300
0x000000002ad9c850:   000000001903c820 00000000151f2578
0x000000002ad9c860:   000000010000fe08 000000002ad9c8e0
0x000000002ad9c870:   0000000000000000 000000000361a1f1
0x000000002ad9c880:   0000000000000001 0000000000000000
0x000000002ad9c890:   0000000019778b38 0000000000000000
0x000000002ad9c8a0:   0000000000000000 000000000339694c
0x000000002ad9c8b0:   00000000f6223350 00000000f6221d68
0x000000002ad9c8c0:   00000000f6223950 000000000430468d
0x000000002ad9c8d0:   00000000c00019f0 0000000017e33d60
0x000000002ad9c8e0:   000000002ad9ccb8 0000000004cfc9d4
0x000000002ad9c8f0:   000000002ad9ca38 00000000c1e04330 

Instructions: (pc=0x0000000000000003)
0xffffffffffffffe3:   


Register to memory mapping:

RAX=0x00000000f6223968 is an oop
org.gradle.internal.service.DefaultServiceRegistry$ParentServices$1 
 - klass: 'org/gradle/internal/service/DefaultServiceRegistry$ParentServices$1'
RBX=0x00000000046cb99c is at entry_point+636 in (nmethod*)0x00000000046cb590
RCX=0x0000000000000000 is an unknown value
RDX=0x000000000045d550 is an unknown value
RSP=0x000000002ad9c800 is pointing into the stack for thread: 0x000000001a661800
RBP=0x00000000f6223350 is an oop
[Ljava.lang.Class; 
 - klass: 'java/lang/Class'[]
 - length: 1
RSI=0x0000000011ae0000 is an unknown value
RDI=0x00000000f6223980 is an oop

[error occurred during error reporting (printing register info), id 0xc0000005]

Stack: [0x000000002aca0000,0x000000002ada0000],  sp=0x000000002ad9c800,  free space=1010k
Native frames: (J=compiled Java code, j=interpreted, Vv=VM code, C=native code)
C  0x0000000000000003


---------------  P R O C E S S  ---------------

Java Threads: ( => current thread )
  0x000000001a65f800 JavaThread "Stdin handler" [_thread_blocked, id=984, stack(0x000000002ada0000,0x000000002aea0000)]
=>0x000000001a661800 JavaThread "Daemon worker Thread 9" [_thread_in_Java, id=7808, stack(0x000000002aca0000,0x000000002ada0000)]
  0x000000001a664800 JavaThread "Cancel handler" [_thread_blocked, id=11316, stack(0x000000002aba0000,0x000000002aca0000)]
  0x000000001a662800 JavaThread "Handler for socket connection from /127.0.0.1:61011 to /127.0.0.1:59332" [_thread_in_native, id=8104, stack(0x000000002aaa0000,0x000000002aba0000)]
  0x000000001a666000 JavaThread "Daemon Thread 9" [_thread_blocked, id=11952, stack(0x000000002a9a0000,0x000000002aaa0000)]
  0x000000001a669000 JavaThread "pool-2-thread-4" [_thread_blocked, id=11764, stack(0x00000000238a0000,0x00000000239a0000)]
  0x000000001a664000 JavaThread "pool-2-thread-3" [_thread_blocked, id=12188, stack(0x00000000228a0000,0x00000000229a0000)]
  0x000000001a663000 JavaThread "pool-2-thread-2" [_thread_blocked, id=5020, stack(0x0000000021aa0000,0x0000000021ba0000)]
  0x00000000199c8000 JavaThread "pool-2-thread-1" [_thread_blocked, id=1364, stack(0x0000000020aa0000,0x0000000020ba0000)]
  0x000000001b52b800 JavaThread "File lock request listener" [_thread_in_native, id=12264, stack(0x000000001d2b0000,0x000000001d3b0000)]
  0x0000000017fca800 JavaThread "Incoming local TCP Connector on port 61011" [_thread_in_native, id=4236, stack(0x0000000017a50000,0x0000000017b50000)]
  0x0000000016ae2800 JavaThread "Service Thread" daemon [_thread_blocked, id=5004, stack(0x0000000017050000,0x0000000017150000)]
  0x0000000016a55000 JavaThread "C1 CompilerThread2" daemon [_thread_blocked, id=6612, stack(0x0000000016f50000,0x0000000017050000)]
  0x0000000016a51000 JavaThread "C2 CompilerThread1" daemon [_thread_blocked, id=12228, stack(0x0000000016e50000,0x0000000016f50000)]
  0x000000001544b800 JavaThread "C2 CompilerThread0" daemon [_thread_blocked, id=1796, stack(0x0000000016950000,0x0000000016a50000)]
  0x0000000015449800 JavaThread "Attach Listener" daemon [_thread_blocked, id=3180, stack(0x0000000016850000,0x0000000016950000)]
  0x00000000153fd800 JavaThread "Signal Dispatcher" daemon [_thread_blocked, id=11836, stack(0x0000000016750000,0x0000000016850000)]
  0x0000000002d15800 JavaThread "Finalizer" daemon [_thread_blocked, id=11152, stack(0x0000000016650000,0x0000000016750000)]
  0x0000000002d0d000 JavaThread "Reference Handler" daemon [_thread_blocked, id=7628, stack(0x0000000016550000,0x0000000016650000)]
  0x0000000002c22800 JavaThread "main" [_thread_blocked, id=11936, stack(0x0000000002a90000,0x0000000002b90000)]

Other Threads:
  0x00000000153b6800 VMThread [stack: 0x0000000016450000,0x0000000016550000] [id=7184]
  0x0000000016ae7000 WatcherThread [stack: 0x0000000017150000,0x0000000017250000] [id=7264]

VM state:not at safepoint (normal execution)

VM Mutex/Monitor currently owned by a thread: None

Heap:
 PSYoungGen      total 213504K, used 187573K [0x00000000eab00000, 0x00000000fa480000, 0x0000000100000000)
  eden space 207360K, 90% used [0x00000000eab00000,0x00000000f622d6d0,0x00000000f7580000)
  from space 6144K, 0% used [0x00000000f7580000,0x00000000f7580000,0x00000000f7b80000)
  to   space 24064K, 0% used [0x00000000f8d00000,0x00000000f8d00000,0x00000000fa480000)
 ParOldGen       total 102912K, used 42560K [0x00000000c0000000, 0x00000000c6480000, 0x00000000eab00000)
  object space 102912K, 41% used [0x00000000c0000000,0x00000000c29901f0,0x00000000c6480000)
 Metaspace       used 63777K, capacity 66862K, committed 67072K, reserved 1107968K
  class space    used 8048K, capacity 8446K, committed 8448K, reserved 1048576K

Card table byte_map: [0x00000000120e0000,0x00000000122f0000] byte_map_base: 0x0000000011ae0000

Marking Bits: (ParMarkBitMap*) 0x000000006441d4f0
 Begin Bits: [0x0000000012850000, 0x0000000013850000)
 End Bits:   [0x0000000013850000, 0x0000000014850000)

Polling page: 0x0000000000fc0000

CodeCache: size=245760Kb used=48643Kb max_used=48646Kb free=197116Kb
 bounds [0x0000000002d20000, 0x0000000005cf0000, 0x0000000011d20000]
 total_blobs=13771 nmethods=13045 adapters=637
 compilation: enabled

Compilation events (10 events):
Event: 2354.892 Thread 0x0000000016a55000 25750       3       com.android.build.gradle.internal.incremental.IncrementalChangeVisitor$ISVisitor::visitTypeInsn (60 bytes)
Event: 2354.893 Thread 0x0000000016a55000 nmethod 25750 0x0000000005cd1390 code [0x0000000005cd15c0, 0x0000000005cd23b8]
Event: 2354.903 Thread 0x000000001544b800 25752       4       java.io.File::getCanonicalFile (21 bytes)
Event: 2354.910 Thread 0x000000001544b800 nmethod 25752 0x0000000005cdbe10 code [0x0000000005cdbfa0, 0x0000000005cdc378]
Event: 2354.930 Thread 0x0000000016a55000 25753       3       com.android.build.gradle.internal.pipeline.TransformTask_Decorated::getOtherInputs (25 bytes)
Event: 2354.931 Thread 0x0000000016a55000 nmethod 25753 0x0000000005ce4250 code [0x0000000005ce4420, 0x0000000005ce4d58]
Event: 2354.931 Thread 0x0000000016a55000 25754       3       com.android.build.gradle.internal.pipeline.TransformTask::getOtherInputs (8 bytes)
Event: 2354.931 Thread 0x0000000016a55000 nmethod 25754 0x0000000005ce3e10 code [0x0000000005ce3f80, 0x0000000005ce41a8]
Event: 2354.931 Thread 0x0000000016a55000 25755       3       com.android.build.gradle.internal.pipeline.TransformTask_Decorated::getAndroidGradlePluginVersion (25 bytes)
Event: 2354.931 Thread 0x0000000016a55000 nmethod 25755 0x0000000005ce0310 code [0x0000000005ce04e0, 0x0000000005ce0d28]

GC Heap History (10 events):
Event: 1718.622 GC heap before
{Heap before GC invocations=30 (full 7):
 PSYoungGen      total 223744K, used 45465K [0x00000000eab00000, 0x00000000fb500000, 0x0000000100000000)
  eden space 215040K, 17% used [0x00000000eab00000,0x00000000ecf1a808,0x00000000f7d00000)
  from space 8704K, 97% used [0x00000000fac80000,0x00000000fb4cbc80,0x00000000fb500000)
  to   space 26624K, 0% used [0x00000000f8100000,0x00000000f8100000,0x00000000f9b00000)
 ParOldGen       total 102912K, used 42923K [0x00000000c0000000, 0x00000000c6480000, 0x00000000eab00000)
  object space 102912K, 41% used [0x00000000c0000000,0x00000000c29ead60,0x00000000c6480000)
 Metaspace       used 63390K, capacity 66382K, committed 66560K, reserved 1107968K
  class space    used 8036K, capacity 8438K, committed 8448K, reserved 1048576K
Event: 1718.630 GC heap after
Heap after GC invocations=30 (full 7):
 PSYoungGen      total 220672K, used 5328K [0x00000000eab00000, 0x00000000fb000000, 0x0000000100000000)
  eden space 215040K, 0% used [0x00000000eab00000,0x00000000eab00000,0x00000000f7d00000)
  from space 5632K, 94% used [0x00000000f8100000,0x00000000f8634030,0x00000000f8680000)
  to   space 26112K, 0% used [0x00000000f9680000,0x00000000f9680000,0x00000000fb000000)
 ParOldGen       total 102912K, used 42931K [0x00000000c0000000, 0x00000000c6480000, 0x00000000eab00000)
  object space 102912K, 41% used [0x00000000c0000000,0x00000000c29ecd60,0x00000000c6480000)
 Metaspace       used 63390K, capacity 66382K, committed 66560K, reserved 1107968K
  class space    used 8036K, capacity 8438K, committed 8448K, reserved 1048576K
}
Event: 1718.630 GC heap before
{Heap before GC invocations=31 (full 8):
 PSYoungGen      total 220672K, used 5328K [0x00000000eab00000, 0x00000000fb000000, 0x0000000100000000)
  eden space 215040K, 0% used [0x00000000eab00000,0x00000000eab00000,0x00000000f7d00000)
  from space 5632K, 94% used [0x00000000f8100000,0x00000000f8634030,0x00000000f8680000)
  to   space 26112K, 0% used [0x00000000f9680000,0x00000000f9680000,0x00000000fb000000)
 ParOldGen       total 102912K, used 42931K [0x00000000c0000000, 0x00000000c6480000, 0x00000000eab00000)
  object space 102912K, 41% used [0x00000000c0000000,0x00000000c29ecd60,0x00000000c6480000)
 Metaspace       used 63390K, capacity 66382K, committed 66560K, reserved 1107968K
  class space    used 8036K, capacity 8438K, committed 8448K, reserved 1048576K
Event: 1719.012 GC heap after
Heap after GC invocations=31 (full 8):
 PSYoungGen      total 220672K, used 0K [0x00000000eab00000, 0x00000000fb000000, 0x0000000100000000)
  eden space 215040K, 0% used [0x00000000eab00000,0x00000000eab00000,0x00000000f7d00000)
  from space 5632K, 0% used [0x00000000f8100000,0x00000000f8100000,0x00000000f8680000)
  to   space 26112K, 0% used [0x00000000f9680000,0x00000000f9680000,0x00000000fb000000)
 ParOldGen       total 102912K, used 42098K [0x00000000c0000000, 0x00000000c6480000, 0x00000000eab00000)
  object space 102912K, 40% used [0x00000000c0000000,0x00000000c291cb40,0x00000000c6480000)
 Metaspace       used 63330K, capacity 66194K, committed 66560K, reserved 1107968K
  class space    used 8019K, capacity 8420K, committed 8448K, reserved 1048576K
}
Event: 2227.843 GC heap before
{Heap before GC invocations=32 (full 8):
 PSYoungGen      total 220672K, used 215040K [0x00000000eab00000, 0x00000000fb000000, 0x0000000100000000)
  eden space 215040K, 100% used [0x00000000eab00000,0x00000000f7d00000,0x00000000f7d00000)
  from space 5632K, 0% used [0x00000000f8100000,0x00000000f8100000,0x00000000f8680000)
  to   space 26112K, 0% used [0x00000000f9680000,0x00000000f9680000,0x00000000fb000000)
 ParOldGen       total 102912K, used 42098K [0x00000000c0000000, 0x00000000c6480000, 0x00000000eab00000)
  object space 102912K, 40% used [0x00000000c0000000,0x00000000c291cb40,0x00000000c6480000)
 Metaspace       used 63488K, capacity 66440K, committed 66560K, reserved 1107968K
  class space    used 8036K, capacity 8437K, committed 8448K, reserved 1048576K
Event: 2227.860 GC heap after
Heap after GC invocations=32 (full 8):
 PSYoungGen      total 223744K, used 7136K [0x00000000eab00000, 0x00000000fa680000, 0x0000000100000000)
  eden space 207360K, 0% used [0x00000000eab00000,0x00000000eab00000,0x00000000f7580000)
  from space 16384K, 43% used [0x00000000f9680000,0x00000000f9d78020,0x00000000fa680000)
  to   space 25088K, 0% used [0x00000000f7580000,0x00000000f7580000,0x00000000f8e00000)
 ParOldGen       total 102912K, used 42106K [0x00000000c0000000, 0x00000000c6480000, 0x00000000eab00000)
  object space 102912K, 40% used [0x00000000c0000000,0x00000000c291eb40,0x00000000c6480000)
 Metaspace       used 63488K, capacity 66440K, committed 66560K, reserved 1107968K
  class space    used 8036K, capacity 8437K, committed 8448K, reserved 1048576K
}
Event: 2237.119 GC heap before
{Heap before GC invocations=33 (full 8):
 PSYoungGen      total 223744K, used 183776K [0x00000000eab00000, 0x00000000fa680000, 0x0000000100000000)
  eden space 207360K, 85% used [0x00000000eab00000,0x00000000f57800d0,0x00000000f7580000)
  from space 16384K, 43% used [0x00000000f9680000,0x00000000f9d78020,0x00000000fa680000)
  to   space 25088K, 0% used [0x00000000f7580000,0x00000000f7580000,0x00000000f8e00000)
 ParOldGen       total 102912K, used 42106K [0x00000000c0000000, 0x00000000c6480000, 0x00000000eab00000)
  object space 102912K, 40% used [0x00000000c0000000,0x00000000c291eb40,0x00000000c6480000)
 Metaspace       used 63690K, capacity 66640K, committed 66816K, reserved 1107968K
  class space    used 8039K, capacity 8437K, committed 8448K, reserved 1048576K
Event: 2237.128 GC heap after
Heap after GC invocations=33 (full 8):
 PSYoungGen      total 213504K, used 5823K [0x00000000eab00000, 0x00000000fa480000, 0x0000000100000000)
  eden space 207360K, 0% used [0x00000000eab00000,0x00000000eab00000,0x00000000f7580000)
  from space 6144K, 94% used [0x00000000f7580000,0x00000000f7b2fc70,0x00000000f7b80000)
  to   space 24064K, 0% used [0x00000000f8d00000,0x00000000f8d00000,0x00000000fa480000)
 ParOldGen       total 102912K, used 42114K [0x00000000c0000000, 0x00000000c6480000, 0x00000000eab00000)
  object space 102912K, 40% used [0x00000000c0000000,0x00000000c2920b40,0x00000000c6480000)
 Metaspace       used 63690K, capacity 66640K, committed 66816K, reserved 1107968K
  class space    used 8039K, capacity 8437K, committed 8448K, reserved 1048576K
}
Event: 2237.128 GC heap before
{Heap before GC invocations=34 (full 9):
 PSYoungGen      total 213504K, used 5823K [0x00000000eab00000, 0x00000000fa480000, 0x0000000100000000)
  eden space 207360K, 0% used [0x00000000eab00000,0x00000000eab00000,0x00000000f7580000)
  from space 6144K, 94% used [0x00000000f7580000,0x00000000f7b2fc70,0x00000000f7b80000)
  to   space 24064K, 0% used [0x00000000f8d00000,0x00000000f8d00000,0x00000000fa480000)
 ParOldGen       total 102912K, used 42114K [0x00000000c0000000, 0x00000000c6480000, 0x00000000eab00000)
  object space 102912K, 40% used [0x00000000c0000000,0x00000000c2920b40,0x00000000c6480000)
 Metaspace       used 63690K, capacity 66640K, committed 66816K, reserved 1107968K
  class space    used 8039K, capacity 8437K, committed 8448K, reserved 1048576K
Event: 2237.490 GC heap after
Heap after GC invocations=34 (full 9):
 PSYoungGen      total 213504K, used 0K [0x00000000eab00000, 0x00000000fa480000, 0x0000000100000000)
  eden space 207360K, 0% used [0x00000000eab00000,0x00000000eab00000,0x00000000f7580000)
  from space 6144K, 0% used [0x00000000f7580000,0x00000000f7580000,0x00000000f7b80000)
  to   space 24064K, 0% used [0x00000000f8d00000,0x00000000f8d00000,0x00000000fa480000)
 ParOldGen       total 102912K, used 42560K [0x00000000c0000000, 0x00000000c6480000, 0x00000000eab00000)
  object space 102912K, 41% used [0x00000000c0000000,0x00000000c29901f0,0x00000000c6480000)
 Metaspace       used 63690K, capacity 66640K, committed 66816K, reserved 1107968K
  class space    used 8039K, capacity 8437K, committed 8448K, reserved 1048576K
}

Deoptimization events (10 events):
Event: 1259.714 Thread 0x000000001a65e000 Uncommon trap: reason=speculate_class_check action=maybe_recompile pc=0x0000000003e487a8 method=com.sun.org.apache.xerces.internal.dom.ParentNode.internalInsertBefore(Lorg/w3c/dom/Node;Lorg/w3c/dom/Node;Z)Lorg/w3c/dom/Node; @ 565
Event: 1718.274 Thread 0x000000001a666000 Uncommon trap: reason=speculate_class_check action=maybe_recompile pc=0x0000000003e487a8 method=com.sun.org.apache.xerces.internal.dom.ParentNode.internalInsertBefore(Lorg/w3c/dom/Node;Lorg/w3c/dom/Node;Z)Lorg/w3c/dom/Node; @ 565
Event: 1718.567 Thread 0x000000001a65e000 Uncommon trap: reason=speculate_class_check action=maybe_recompile pc=0x0000000003e487a8 method=com.sun.org.apache.xerces.internal.dom.ParentNode.internalInsertBefore(Lorg/w3c/dom/Node;Lorg/w3c/dom/Node;Z)Lorg/w3c/dom/Node; @ 565
Event: 1788.686 Thread 0x000000001a661000 Uncommon trap: reason=class_check action=maybe_recompile pc=0x0000000003095ee0 method=java.util.concurrent.ConcurrentHashMap.putVal(Ljava/lang/Object;Ljava/lang/Object;Z)Ljava/lang/Object; @ 192
Event: 2227.464 Thread 0x000000001a664800 Uncommon trap: reason=predicate action=maybe_recompile pc=0x00000000031d2974 method=java.util.ComparableTimSort.binarySort([Ljava/lang/Object;III)V @ 37
Event: 2236.839 Thread 0x000000001a664000 Uncommon trap: reason=null_check action=make_not_entrant pc=0x0000000003103fa8 method=java.lang.ThreadLocal$ThreadLocalMap.getEntryAfterMiss(Ljava/lang/ThreadLocal;ILjava/lang/ThreadLocal$ThreadLocalMap$Entry;)Ljava/lang/ThreadLocal$ThreadLocalMap$Entry; @Cº»`¢@
Event: 2352.367 Thread 0x000000001a661800 Uncommon trap: reason=array_check action=maybe_recompile pc=0x00000000044d4d58 method=java.util.ComparableTimSort.binarySort([Ljava/lang/Object;III)V @ 193
Event: 2352.377 Thread 0x000000001a661800 Uncommon trap: reason=array_check action=maybe_recompile pc=0x00000000044d4e20 method=java.util.ComparableTimSort.binarySort([Ljava/lang/Object;III)V @ 183
Event: 2352.411 Thread 0x000000001a661800 Uncommon trap: reason=array_check action=maybe_recompile pc=0x00000000044d4e20 method=java.util.ComparableTimSort.binarySort([Ljava/lang/Object;III)V @ 183
Event: 2352.412 Thread 0x000000001a661800 Uncommon trap: reason=array_check action=maybe_recompile pc=0x00000000044d4e20 method=java.util.ComparableTimSort.binarySort([Ljava/lang/Object;III)V @ 183

Internal exceptions (10 events):
Event: 2352.420 Thread 0x000000001a661800 Exception <a 'java/security/PrivilegedActionException'> (0x00000000eb019b10) thrown at [C:\workspace\8-2-build-windows-amd64-cygwin\jdk8u31\2394\hotspot\src\share\vm\prims\jvm.cpp, line 1312]
Event: 2352.420 Thread 0x000000001a661800 Exception <a 'java/security/PrivilegedActionException'> (0x00000000eb01ac00) thrown at [C:\workspace\8-2-build-windows-amd64-cygwin\jdk8u31\2394\hotspot\src\share\vm\prims\jvm.cpp, line 1312]
Event: 2352.420 Thread 0x000000001a661800 Exception <a 'java/security/PrivilegedActionException'> (0x00000000eb0233a8) thrown at [C:\workspace\8-2-build-windows-amd64-cygwin\jdk8u31\2394\hotspot\src\share\vm\prims\jvm.cpp, line 1312]
Event: 2352.421 Thread 0x000000001a661800 Exception <a 'java/security/PrivilegedActionException'> (0x00000000eb027758) thrown at [C:\workspace\8-2-build-windows-amd64-cygwin\jdk8u31\2394\hotspot\src\share\vm\prims\jvm.cpp, line 1312]
Event: 2352.422 Thread 0x000000001a661800 Exception <a 'java/security/PrivilegedActionException'> (0x00000000eb03c980) thrown at [C:\workspace\8-2-build-windows-amd64-cygwin\jdk8u31\2394\hotspot\src\share\vm\prims\jvm.cpp, line 1312]
Event: 2352.422 Thread 0x000000001a661800 Exception <a 'java/security/PrivilegedActionException'> (0x00000000eb03de48) thrown at [C:\workspace\8-2-build-windows-amd64-cygwin\jdk8u31\2394\hotspot\src\share\vm\prims\jvm.cpp, line 1312]
Event: 2352.422 Thread 0x000000001a661800 Exception <a 'java/security/PrivilegedActionException'> (0x00000000eb047670) thrown at [C:\workspace\8-2-build-windows-amd64-cygwin\jdk8u31\2394\hotspot\src\share\vm\prims\jvm.cpp, line 1312]
Event: 2353.231 Thread 0x000000001a661800 Exception <a 'java/security/PrivilegedActionException'> (0x00000000efc795a0) thrown at [C:\workspace\8-2-build-windows-amd64-cygwin\jdk8u31\2394\hotspot\src\share\vm\prims\jvm.cpp, line 1312]
Event: 2353.231 Thread 0x000000001a661800 Exception <a 'java/security/PrivilegedActionException'> (0x00000000efc7ab50) thrown at [C:\workspace\8-2-build-windows-amd64-cygwin\jdk8u31\2394\hotspot\src\share\vm\prims\jvm.cpp, line 1312]
Event: 2353.231 Thread 0x000000001a661800 Exception <a 'java/security/PrivilegedActionException'> (0x00000000efc81e90) thrown at [C:\workspace\8-2-build-windows-amd64-cygwin\jdk8u31\2394\hotspot\src\share\vm\prims\jvm.cpp, line 1312]

Events (10 events):
Event: 2354.234 Thread 0x000000001a661800 DEOPT PACKING pc=0x000000000534f547 sp=0x000000002ad9b930
Event: 2354.234 Thread 0x000000001a661800 DEOPT UNPACKING pc=0x0000000002d675bf sp=0x000000002ad9b6c0 mode 0
Event: 2354.261 Thread 0x000000001a661800 DEOPT PACKING pc=0x00000000040595b6 sp=0x000000002ad9b4d0
Event: 2354.261 Thread 0x000000001a661800 DEOPT UNPACKING pc=0x0000000002d675bf sp=0x000000002ad9b220 mode 0
Event: 2354.305 Executing VM operation: ForceSafepoint
Event: 2354.305 Executing VM operation: ForceSafepoint done
Event: 2354.656 Thread 0x000000001a661800 DEOPT PACKING pc=0x00000000045b2a37 sp=0x000000002ad9b950
Event: 2354.656 Thread 0x000000001a661800 DEOPT UNPACKING pc=0x0000000002d675bf sp=0x000000002ad9b7d0 mode 0
Event: 2354.700 Executing VM operation: ForceSafepoint
Event: 2354.701 Executing VM operation: ForceSafepoint done


Dynamic libraries:
0x00007ff6fbac0000 - 0x00007ff6fbaf4000 	C:\Program Files\Java\jdk1.8.0_31\bin\java.exe
0x00007ff9c91e0000 - 0x00007ff9c93a1000 	C:\WINDOWS\SYSTEM32\ntdll.dll
0x00007ff9c8380000 - 0x00007ff9c842d000 	C:\WINDOWS\system32\KERNEL32.DLL
0x00007ff9c5cb0000 - 0x00007ff9c5e98000 	C:\WINDOWS\system32\KERNELBASE.dll
0x00007ff9c9090000 - 0x00007ff9c9137000 	C:\WINDOWS\system32\ADVAPI32.dll
0x00007ff9c9140000 - 0x00007ff9c91dd000 	C:\WINDOWS\system32\msvcrt.dll
0x00007ff9c6bc0000 - 0x00007ff9c6c1b000 	C:\WINDOWS\system32\sechost.dll
0x00007ff9c8580000 - 0x00007ff9c869c000 	C:\WINDOWS\system32\RPCRT4.dll
0x00007ff9c6ca0000 - 0x00007ff9c6df6000 	C:\WINDOWS\system32\USER32.dll
0x00007ff9c6a30000 - 0x00007ff9c6bb6000 	C:\WINDOWS\system32\GDI32.dll
0x00007ff9bfc10000 - 0x00007ff9bfe84000 	C:\WINDOWS\WinSxS\amd64_microsoft.windows.common-controls_6595b64144ccf1df_6.0.10586.0_none_8c15ae12515e1c22\COMCTL32.dll
0x00007ff9c67b0000 - 0x00007ff9c6a2d000 	C:\WINDOWS\system32\combase.dll
0x00007ff9c5920000 - 0x00007ff9c598a000 	C:\WINDOWS\system32\bcryptPrimitives.dll
0x00007ff9c8930000 - 0x00007ff9c896b000 	C:\WINDOWS\system32\IMM32.DLL
0x00000000644a0000 - 0x0000000064572000 	C:\Program Files\Java\jdk1.8.0_31\jre\bin\msvcr100.dll
0x0000000063c40000 - 0x000000006449a000 	C:\Program Files\Java\jdk1.8.0_31\jre\bin\server\jvm.dll
0x00007ff9c6690000 - 0x00007ff9c6698000 	C:\WINDOWS\system32\PSAPI.DLL
0x00007ff9bb060000 - 0x00007ff9bb069000 	C:\WINDOWS\SYSTEM32\WSOCK32.dll
0x00007ff9c3f60000 - 0x00007ff9c3f83000 	C:\WINDOWS\SYSTEM32\WINMM.dll
0x00007ff9c65c0000 - 0x00007ff9c662b000 	C:\WINDOWS\system32\WS2_32.dll
0x00007ff9c3f00000 - 0x00007ff9c3f2c000 	C:\WINDOWS\SYSTEM32\WINMMBASE.dll
0x00007ff9c6570000 - 0x00007ff9c65b3000 	C:\WINDOWS\system32\cfgmgr32.dll
0x0000000063c30000 - 0x0000000063c3f000 	C:\Program Files\Java\jdk1.8.0_31\jre\bin\verify.dll
0x0000000063c00000 - 0x0000000063c28000 	C:\Program Files\Java\jdk1.8.0_31\jre\bin\java.dll
0x0000000063be0000 - 0x0000000063bf6000 	C:\Program Files\Java\jdk1.8.0_31\jre\bin\zip.dll
0x00007ff9c6e00000 - 0x00007ff9c835c000 	C:\WINDOWS\system32\SHELL32.dll
0x00007ff9c5ec0000 - 0x00007ff9c6504000 	C:\WINDOWS\system32\windows.storage.dll
0x00007ff9c9030000 - 0x00007ff9c9082000 	C:\WINDOWS\system32\shlwapi.dll
0x00007ff9c5830000 - 0x00007ff9c583f000 	C:\WINDOWS\system32\kernel.appcore.dll
0x00007ff9c5990000 - 0x00007ff9c5a45000 	C:\WINDOWS\system32\shcore.dll
0x00007ff9c57e0000 - 0x00007ff9c582b000 	C:\WINDOWS\system32\powrprof.dll
0x00007ff9c5840000 - 0x00007ff9c5854000 	C:\WINDOWS\system32\profapi.dll
0x0000000063bc0000 - 0x0000000063bda000 	C:\Program Files\Java\jdk1.8.0_31\jre\bin\net.dll
0x00007ff9c50b0000 - 0x00007ff9c510c000 	C:\WINDOWS\system32\mswsock.dll
0x0000000063ba0000 - 0x0000000063bb1000 	C:\Program Files\Java\jdk1.8.0_31\jre\bin\nio.dll
0x00007ff9b08f0000 - 0x00007ff9b0902000 	C:\Users\Administrator\.gradle\native\19\windows-amd64\native-platform.dll
0x00007ff9c0190000 - 0x00007ff9c01c8000 	C:\WINDOWS\SYSTEM32\IPHLPAPI.DLL
0x00007ff9c8920000 - 0x00007ff9c8928000 	C:\WINDOWS\system32\NSI.dll
0x00007ff9bfb60000 - 0x00007ff9bfb76000 	C:\WINDOWS\SYSTEM32\dhcpcsvc6.DLL
0x00007ff9bf600000 - 0x00007ff9bf61a000 	C:\WINDOWS\SYSTEM32\dhcpcsvc.DLL
0x00007ff9c5160000 - 0x00007ff9c5177000 	C:\WINDOWS\SYSTEM32\CRYPTSP.dll
0x00007ff9c4df0000 - 0x00007ff9c4e24000 	C:\WINDOWS\system32\rsaenh.dll
0x00007ff9c5720000 - 0x00007ff9c5749000 	C:\WINDOWS\SYSTEM32\bcrypt.dll
0x00007ff9c4f40000 - 0x00007ff9c4f5f000 	C:\WINDOWS\SYSTEM32\USERENV.dll
0x00007ff9c5700000 - 0x00007ff9c570b000 	C:\WINDOWS\SYSTEM32\CRYPTBASE.dll
0x0000000063b90000 - 0x0000000063b9d000 	C:\Program Files\Java\jdk1.8.0_31\jre\bin\management.dll
0x00007ff9b7420000 - 0x00007ff9b7436000 	C:\WINDOWS\system32\napinsp.dll
0x00007ff9b7440000 - 0x00007ff9b745a000 	C:\WINDOWS\system32\pnrpnsp.dll
0x00007ff9c1ef0000 - 0x00007ff9c1f08000 	C:\WINDOWS\system32\NLAapi.dll
0x00007ff9c4200000 - 0x00007ff9c42aa000 	C:\WINDOWS\SYSTEM32\DNSAPI.dll
0x00007ff9b8d60000 - 0x00007ff9b8d6d000 	C:\WINDOWS\System32\winrnr.dll
0x00007ff9b7460000 - 0x00007ff9b7475000 	C:\WINDOWS\System32\wshbth.dll
0x00007ff9beef0000 - 0x00007ff9beefa000 	C:\Windows\System32\rasadhlp.dll
0x00007ff9bfb90000 - 0x00007ff9bfbf7000 	C:\WINDOWS\System32\fwpuclnt.dll
0x00000000638f0000 - 0x00000000638f9000 	C:\Program Files\Java\jdk1.8.0_31\jre\bin\attach.dll
0x00000000638c0000 - 0x00000000638e3000 	C:\Program Files\Java\jdk1.8.0_31\jre\bin\instrument.dll
0x00007ff9945b0000 - 0x00007ff99473c000 	C:\WINDOWS\SYSTEM32\dbghelp.dll

VM Arguments:
jvm_args: -XX:MaxPermSize=256m -XX:+HeapDumpOnOutOfMemoryError -Xmx1024m -Dfile.encoding=GBK -Duser.country=CN -Duser.language=zh -Duser.variant 
java_command: org.gradle.launcher.daemon.bootstrap.GradleDaemon 2.10
java_class_path (initial): C:\Users\Administrator\.gradle\wrapper\dists\gradle-2.10-all\a4w5fzrkeut1ox71xslb49gst\gradle-2.10\lib\gradle-launcher-2.10.jar
Launcher Type: SUN_STANDARD

Environment Variables:
JAVA_HOME=C:\Program Files\Java\jdk1.8.0_31
CLASSPATH=C:\Program Files\Java\jdk1.8.0_31/lib/rt.jar;C:\Program Files\Java\jdk1.8.0_31/lib/tools.jar
PATH=C:\ProgramData\Oracle\Java\javapath;C:\WINDOWS\system32;C:\WINDOWS;C:\WINDOWS\System32\Wbem;C:\WINDOWS\System32\WindowsPowerShell\v1.0\;C:\Program Files (x86)\Intel\OpenCL SDK\2.0\bin\x86;C:\Program Files (x86)\Intel\OpenCL SDK\2.0\bin\x64;C:\Program Files (x86)\ATI Technologies\ATI.ACE\Core-Static;C:\Program Files (x86)\Skype\Phone\;C:\Program Files\Java\jdk1.8.0_31/bin;C:\Program Files\TortoiseSVN\bin;C:\Program Files (x86)\SSH Communications Security\SSH Secure Shell;F:\cubieboard\PhoenixSuit1.0.7\
USERNAME=Administrator
OS=Windows_NT
PROCESSOR_IDENTIFIER=Intel64 Family 6 Model 58 Stepping 9, GenuineIntel



---------------  S Y S T E M  ---------------

OS: Windows 8.1 , 64 bit Build 9600 

CPU:total 4 (2 cores per cpu, 2 threads per core) family 6 model 58 stepping 9, cmov, cx8, fxsr, mmx, sse, sse2, sse3, ssse3, sse4.1, sse4.2, popcnt, avx, aes, clmul, erms, ht, tsc, tscinvbit, tscinv

Memory: 4k page, physical 8260968k(1968596k free), swap 16649576k(8432980k free)

vm_info: Java HotSpot(TM) 64-Bit Server VM (25.31-b07) for windows-amd64 JRE (1.8.0_31-b13), built on Dec 17 2014 21:00:28 by "java_re" with MS VC++ 10.0 (VS2010)

time: Wed Jun 22 17:47:16 2016
elapsed time: 2355 seconds (0d 0h 39m 15s)

