#
# A fatal error has been detected by the Java Runtime Environment:
#
#  EXCEPTION_ACCESS_VIOLATION (0xc0000005) at pc=0x0000000000000000, pid=10512, tid=9276
#
# JRE version: Java(TM) SE Runtime Environment (8.0_31-b13) (build 1.8.0_31-b13)
# Java VM: Java HotSpot(TM) 64-Bit Server VM (25.31-b07 mixed mode windows-amd64 compressed oops)
# Problematic frame:
# C  0x0000000000000000
#
# Failed to write core dump. Minidumps are not enabled by default on client versions of Windows
#
# If you would like to submit a bug report, please visit:
#   http://bugreport.java.com/bugreport/crash.jsp
#

---------------  T H R E A D  ---------------

Current thread (0x0000000017456800):  JavaThread "Daemon worker Thread 6" [_thread_in_Java, id=9276, stack(0x0000000029eb0000,0x0000000029fb0000)]

siginfo: ExceptionCode=0xc0000005, ExceptionInformation=0x0000000000000008 0x0000000000000000

Registers:
RAX=0x00000000c0aadf48, RBX=0x0000000018bca7b0, RCX=0x0000000002ea3740, RDX=0x00000000c0aadf48
RSP=0x0000000029fac5f0, RBP=0x000000001f800f58, RSI=0x000000010014b228, RDI=0x000000001f6a4028
R8 =0x00000000c0057fd0, R9 =0x000000000000000a, R10=0x00000000c0aadf48, R11=0x0000000002ef7cc0
R12=0x0000000000000000, R13=0x0000000029fac5e0, R14=0x0000000029fac688, R15=0x0000000017456800
RIP=0x0000000000000000, EFLAGS=0x0000000000010246

Top of Stack: (sp=0x0000000029fac5f0)
0x0000000029fac5f0:   0000000029fac620 0000000029fac6c8
0x0000000029fac600:   0000000029fac670 0000000002da77b0
0x0000000029fac610:   00000000f1c7ed60 0000000002da77b0
0x0000000029fac620:   00000000c0aadf48 00000000c0057fb0
0x0000000029fac630:   0000000029fac630 000000001f65c5e6
0x0000000029fac640:   0000000029fac688 000000001f65c668
0x0000000029fac650:   0000000000000000 000000001f65c5f8
0x0000000029fac660:   0000000029fac620 0000000029fac690
0x0000000029fac670:   0000000029fac690 0000000002f32cc4
0x0000000029fac680:   00000000c0aadf48 00000000c0aade48
0x0000000029fac690:   0000000011b60000 00000000f19df1e0
0x0000000029fac6a0:   00000000f161e3d0 00000000f19db070
0x0000000029fac6b0:   000000001d92b268 0000000000000000
0x0000000029fac6c0:   0000000029fac738 0000000002da7958
0x0000000029fac6d0:   0000000029fac738 0000000002da7958
0x0000000029fac6e0:   00000000c0aade48 00000000ef53c3a0 

Instructions: (pc=0x0000000000000000)
0xffffffffffffffe0:   


Register to memory mapping:

RAX=0x00000000c0aadf48 is an oop
com.android.build.gradle.internal.TaskManager$$Lambda$115/881326065 
 - klass: 'com/android/build/gradle/internal/TaskManager$$Lambda$115'
RBX={method} {0x0000000018bca7b8} 'identity' '(Ljava/lang/Object;)Ljava/lang/Object;' in 'sun/invoke/util/ValueConversions'
RCX=0x0000000002ea3740 is at begin+12 in a stub
MethodHandle::interpreter_entry::_linkToStatic [0x0000000002ea3734, 0x0000000002ea3758[ (36 bytes)
RDX=0x00000000c0aadf48 is an oop
com.android.build.gradle.internal.TaskManager$$Lambda$115/881326065 
 - klass: 'com/android/build/gradle/internal/TaskManager$$Lambda$115'
RSP=0x0000000029fac5f0 is pointing into the stack for thread: 0x0000000017456800
RBP={method} {0x000000001f800f60} 'execute' '(Ljava/lang/Object;)V' in 'com/android/build/gradle/internal/TaskManager$$Lambda$114'
RSI=0x000000010014b228 is pointing into metadata
RDI=0x000000001f6a4028 is pointing into metadata
R8 =0x00000000c0057fd0 is an oop
java.lang.invoke.MemberName 
 - klass: 'java/lang/invoke/MemberName'
R9 =0x000000000000000a is an unknown value
R10=0x00000000c0aadf48 is an oop
com.android.build.gradle.internal.TaskManager$$Lambda$115/881326065 
 - klass: 'com/android/build/gradle/internal/TaskManager$$Lambda$115'
R11=0x0000000002ef7cc0 is at entry_point+0 in (nmethod*)0x0000000002ef7b90
R12=0x0000000000000000 is an unknown value
R13=0x0000000029fac5e0 is pointing into the stack for thread: 0x0000000017456800
R14=0x0000000029fac688 is pointing into the stack for thread: 0x0000000017456800
R15=0x0000000017456800 is a thread


Stack: [0x0000000029eb0000,0x0000000029fb0000],  sp=0x0000000029fac5f0,  free space=1009k
Native frames: (J=compiled Java code, j=interpreted, Vv=VM code, C=native code)


---------------  P R O C E S S  ---------------

Java Threads: ( => current thread )
  0x000000001745c800 JavaThread "Stdin handler" [_thread_blocked, id=9500, stack(0x000000002b6b0000,0x000000002b7b0000)]
  0x0000000017455000 JavaThread "Cancel handler" [_thread_blocked, id=7160, stack(0x000000002b5b0000,0x000000002b6b0000)]
  0x0000000017458000 JavaThread "Handler for socket connection from /127.0.0.1:60708 to /127.0.0.1:58151" [_thread_in_native, id=10228, stack(0x000000002b4b0000,0x000000002b5b0000)]
=>0x0000000017456800 JavaThread "Daemon worker Thread 6" [_thread_in_Java, id=9276, stack(0x0000000029eb0000,0x0000000029fb0000)]
  0x0000000017453800 JavaThread "Daemon Thread 6" [_thread_blocked, id=11044, stack(0x0000000029bb0000,0x0000000029cb0000)]
  0x0000000017454000 JavaThread "pool-6-thread-4" [_thread_blocked, id=8572, stack(0x00000000239b0000,0x0000000023ab0000)]
  0x0000000017457800 JavaThread "pool-6-thread-2" [_thread_blocked, id=992, stack(0x00000000238b0000,0x00000000239b0000)]
  0x0000000017459800 JavaThread "pool-6-thread-3" [_thread_blocked, id=9684, stack(0x00000000237b0000,0x00000000238b0000)]
  0x000000001745b000 JavaThread "pool-6-thread-1" [_thread_blocked, id=11032, stack(0x00000000236b0000,0x00000000237b0000)]
  0x0000000017fd3800 JavaThread "File lock request listener" [_thread_in_native, id=11488, stack(0x000000001a860000,0x000000001a960000)]
  0x0000000017836000 JavaThread "Incoming local TCP Connector on port 60708" [_thread_in_native, id=7964, stack(0x0000000018a90000,0x0000000018b90000)]
  0x0000000016b2e000 JavaThread "Service Thread" daemon [_thread_blocked, id=772, stack(0x00000000170c0000,0x00000000171c0000)]
  0x0000000016ae0000 JavaThread "C1 CompilerThread2" daemon [_thread_blocked, id=9564, stack(0x0000000016fc0000,0x00000000170c0000)]
  0x00000000154cd800 JavaThread "C2 CompilerThread1" daemon [_thread_in_native, id=3148, stack(0x0000000016ec0000,0x0000000016fc0000)]
  0x00000000154cb800 JavaThread "C2 CompilerThread0" daemon [_thread_blocked, id=10572, stack(0x00000000169c0000,0x0000000016ac0000)]
  0x00000000154c9000 JavaThread "Attach Listener" daemon [_thread_blocked, id=7928, stack(0x00000000168c0000,0x00000000169c0000)]
  0x00000000154c8800 JavaThread "Signal Dispatcher" daemon [_thread_blocked, id=5200, stack(0x00000000167c0000,0x00000000168c0000)]
  0x0000000002d90000 JavaThread "Finalizer" daemon [_thread_blocked, id=10960, stack(0x00000000166c0000,0x00000000167c0000)]
  0x0000000002d8d000 JavaThread "Reference Handler" daemon [_thread_blocked, id=7792, stack(0x00000000165c0000,0x00000000166c0000)]
  0x0000000002ca2800 JavaThread "main" [_thread_blocked, id=10012, stack(0x0000000002ba0000,0x0000000002ca0000)]

Other Threads:
  0x0000000015436800 VMThread [stack: 0x00000000164c0000,0x00000000165c0000] [id=212]
  0x0000000016b32800 WatcherThread [stack: 0x00000000171c0000,0x00000000172c0000] [id=10144]

VM state:not at safepoint (normal execution)

VM Mutex/Monitor currently owned by a thread: None

Heap:
 PSYoungGen      total 152576K, used 123396K [0x00000000eab00000, 0x00000000f6280000, 0x0000000100000000)
  eden space 132608K, 88% used [0x00000000eab00000,0x00000000f1d23aa8,0x00000000f2c80000)
  from space 19968K, 32% used [0x00000000f4000000,0x00000000f465d7d8,0x00000000f5380000)
  to   space 19968K, 0% used [0x00000000f2c80000,0x00000000f2c80000,0x00000000f4000000)
 ParOldGen       total 98304K, used 48064K [0x00000000c0000000, 0x00000000c6000000, 0x00000000eab00000)
  object space 98304K, 48% used [0x00000000c0000000,0x00000000c2ef0018,0x00000000c6000000)
 Metaspace       used 69890K, capacity 72732K, committed 73984K, reserved 1114112K
  class space    used 9014K, capacity 9468K, committed 9984K, reserved 1048576K

Card table byte_map: [0x0000000012160000,0x0000000012370000] byte_map_base: 0x0000000011b60000

Marking Bits: (ParMarkBitMap*) 0x0000000077f7d4f0
 Begin Bits: [0x00000000128d0000, 0x00000000138d0000)
 End Bits:   [0x00000000138d0000, 0x00000000148d0000)

Polling page: 0x0000000000c00000

CodeCache: size=245760Kb used=38944Kb max_used=38958Kb free=206815Kb
 bounds [0x0000000002da0000, 0x00000000053f0000, 0x0000000011da0000]
 total_blobs=13071 nmethods=12312 adapters=670
 compilation: enabled

Compilation events (10 events):
Event: 11773.321 Thread 0x0000000016ae0000 nmethod 30439 0x000000000502be50 code [0x000000000502bfc0, 0x000000000502c1a8]
Event: 11773.321 Thread 0x0000000016ae0000 30440       3       org.gradle.internal.component.model.DefaultDependencyMetaData::getDependencyConfigurations (12 bytes)
Event: 11773.321 Thread 0x0000000016ae0000 nmethod 30440 0x000000000502ba10 code [0x000000000502bb80, 0x000000000502bd48]
Event: 11773.330 Thread 0x0000000016ae0000 30441       3       org.gradle.api.internal.file.copy.DefaultCopySpec$DefaultCopySpecResolver::getAllIncludes (50 bytes)
Event: 11773.331 Thread 0x0000000016ae0000 nmethod 30441 0x000000000502af50 code [0x000000000502b100, 0x000000000502b748]
Event: 11773.331 Thread 0x0000000016ae0000 30442       3       org.gradle.api.internal.file.copy.DefaultCopySpec$DefaultCopySpecResolver::getAllIncludeSpecs (50 bytes)
Event: 11773.331 Thread 0x0000000016ae0000 nmethod 30442 0x000000000502a490 code [0x000000000502a640, 0x000000000502ac88]
Event: 11773.331 Thread 0x0000000016ae0000 30443       3       org.gradle.api.internal.file.copy.DefaultCopySpec$DefaultCopySpecResolver::getAllExcludes (50 bytes)
Event: 11773.332 Thread 0x0000000016ae0000 nmethod 30443 0x00000000050299d0 code [0x0000000005029b80, 0x000000000502a1c8]
Event: 11773.339 Thread 0x00000000154cb800 nmethod 30438 0x0000000005023190 code [0x00000000050233a0, 0x0000000005023db0]

GC Heap History (10 events):
Event: 11700.508 GC heap before
{Heap before GC invocations=33 (full 6):
 PSYoungGen      total 157184K, used 151360K [0x00000000eab00000, 0x00000000f5f80000, 0x0000000100000000)
  eden space 140800K, 100% used [0x00000000eab00000,0x00000000f3480000,0x00000000f3480000)
  from space 16384K, 64% used [0x00000000f4f80000,0x00000000f59d0020,0x00000000f5f80000)
  to   space 22016K, 0% used [0x00000000f3480000,0x00000000f3480000,0x00000000f4a00000)
 ParOldGen       total 98304K, used 43025K [0x00000000c0000000, 0x00000000c6000000, 0x00000000eab00000)
  object space 98304K, 43% used [0x00000000c0000000,0x00000000c2a04788,0x00000000c6000000)
 Metaspace       used 69096K, capacity 71608K, committed 73472K, reserved 1112064K
  class space    used 8937K, capacity 9340K, committed 9984K, reserved 1048576K
Event: 11700.528 GC heap after
Heap after GC invocations=33 (full 6):
 PSYoungGen      total 144896K, used 8160K [0x00000000eab00000, 0x00000000f5a80000, 0x0000000100000000)
  eden space 136704K, 0% used [0x00000000eab00000,0x00000000eab00000,0x00000000f3080000)
  from space 8192K, 99% used [0x00000000f3480000,0x00000000f3c78020,0x00000000f3c80000)
  to   space 21504K, 0% used [0x00000000f4580000,0x00000000f4580000,0x00000000f5a80000)
 ParOldGen       total 98304K, used 43025K [0x00000000c0000000, 0x00000000c6000000, 0x00000000eab00000)
  object space 98304K, 43% used [0x00000000c0000000,0x00000000c2a04788,0x00000000c6000000)
 Metaspace       used 69096K, capacity 71608K, committed 73472K, reserved 1112064K
  class space    used 8937K, capacity 9340K, committed 9984K, reserved 1048576K
}
Event: 11702.920 GC heap before
{Heap before GC invocations=34 (full 6):
 PSYoungGen      total 144896K, used 144864K [0x00000000eab00000, 0x00000000f5a80000, 0x0000000100000000)
  eden space 136704K, 100% used [0x00000000eab00000,0x00000000f3080000,0x00000000f3080000)
  from space 8192K, 99% used [0x00000000f3480000,0x00000000f3c78020,0x00000000f3c80000)
  to   space 21504K, 0% used [0x00000000f4580000,0x00000000f4580000,0x00000000f5a80000)
 ParOldGen       total 98304K, used 43025K [0x00000000c0000000, 0x00000000c6000000, 0x00000000eab00000)
  object space 98304K, 43% used [0x00000000c0000000,0x00000000c2a04788,0x00000000c6000000)
 Metaspace       used 69270K, capacity 71756K, committed 73472K, reserved 1112064K
  class space    used 8945K, capacity 9354K, committed 9984K, reserved 1048576K
Event: 11702.977 GC heap after
Heap after GC invocations=34 (full 6):
 PSYoungGen      total 148992K, used 11999K [0x00000000eab00000, 0x00000000f5580000, 0x0000000100000000)
  eden space 132608K, 0% used [0x00000000eab00000,0x00000000eab00000,0x00000000f2c80000)
  from space 16384K, 73% used [0x00000000f4580000,0x00000000f5137c70,0x00000000f5580000)
  to   space 20992K, 0% used [0x00000000f2c80000,0x00000000f2c80000,0x00000000f4100000)
 ParOldGen       total 98304K, used 43025K [0x00000000c0000000, 0x00000000c6000000, 0x00000000eab00000)
  object space 98304K, 43% used [0x00000000c0000000,0x00000000c2a04788,0x00000000c6000000)
 Metaspace       used 69270K, capacity 71756K, committed 73472K, reserved 1112064K
  class space    used 8945K, capacity 9354K, committed 9984K, reserved 1048576K
}
Event: 11704.209 GC heap before
{Heap before GC invocations=35 (full 6):
 PSYoungGen      total 148992K, used 41474K [0x00000000eab00000, 0x00000000f5580000, 0x0000000100000000)
  eden space 132608K, 22% used [0x00000000eab00000,0x00000000ec7c8d80,0x00000000f2c80000)
  from space 16384K, 73% used [0x00000000f4580000,0x00000000f5137c70,0x00000000f5580000)
  to   space 20992K, 0% used [0x00000000f2c80000,0x00000000f2c80000,0x00000000f4100000)
 ParOldGen       total 98304K, used 43025K [0x00000000c0000000, 0x00000000c6000000, 0x00000000eab00000)
  object space 98304K, 43% used [0x00000000c0000000,0x00000000c2a04788,0x00000000c6000000)
 Metaspace       used 69457K, capacity 72008K, committed 73728K, reserved 1114112K
  class space    used 8958K, capacity 9392K, committed 9984K, reserved 1048576K
Event: 11704.232 GC heap after
Heap after GC invocations=35 (full 6):
 PSYoungGen      total 142848K, used 10016K [0x00000000eab00000, 0x00000000f5380000, 0x0000000100000000)
  eden space 132608K, 0% used [0x00000000eab00000,0x00000000eab00000,0x00000000f2c80000)
  from space 10240K, 97% used [0x00000000f2c80000,0x00000000f3648020,0x00000000f3680000)
  to   space 19968K, 0% used [0x00000000f4000000,0x00000000f4000000,0x00000000f5380000)
 ParOldGen       total 98304K, used 43025K [0x00000000c0000000, 0x00000000c6000000, 0x00000000eab00000)
  object space 98304K, 43% used [0x00000000c0000000,0x00000000c2a04788,0x00000000c6000000)
 Metaspace       used 69457K, capacity 72008K, committed 73728K, reserved 1114112K
  class space    used 8958K, capacity 9392K, committed 9984K, reserved 1048576K
}
Event: 11704.232 GC heap before
{Heap before GC invocations=36 (full 7):
 PSYoungGen      total 142848K, used 10016K [0x00000000eab00000, 0x00000000f5380000, 0x0000000100000000)
  eden space 132608K, 0% used [0x00000000eab00000,0x00000000eab00000,0x00000000f2c80000)
  from space 10240K, 97% used [0x00000000f2c80000,0x00000000f3648020,0x00000000f3680000)
  to   space 19968K, 0% used [0x00000000f4000000,0x00000000f4000000,0x00000000f5380000)
 ParOldGen       total 98304K, used 43025K [0x00000000c0000000, 0x00000000c6000000, 0x00000000eab00000)
  object space 98304K, 43% used [0x00000000c0000000,0x00000000c2a04788,0x00000000c6000000)
 Metaspace       used 69457K, capacity 72008K, committed 73728K, reserved 1114112K
  class space    used 8958K, capacity 9392K, committed 9984K, reserved 1048576K
Event: 11704.795 GC heap after
Heap after GC invocations=36 (full 7):
 PSYoungGen      total 142848K, used 0K [0x00000000eab00000, 0x00000000f5380000, 0x0000000100000000)
  eden space 132608K, 0% used [0x00000000eab00000,0x00000000eab00000,0x00000000f2c80000)
  from space 10240K, 0% used [0x00000000f2c80000,0x00000000f2c80000,0x00000000f3680000)
  to   space 19968K, 0% used [0x00000000f4000000,0x00000000f4000000,0x00000000f5380000)
 ParOldGen       total 98304K, used 48056K [0x00000000c0000000, 0x00000000c6000000, 0x00000000eab00000)
  object space 98304K, 48% used [0x00000000c0000000,0x00000000c2eee018,0x00000000c6000000)
 Metaspace       used 69440K, capacity 71954K, committed 73728K, reserved 1114112K
  class space    used 8953K, capacity 9383K, committed 9984K, reserved 1048576K
}
Event: 11711.073 GC heap before
{Heap before GC invocations=37 (full 7):
 PSYoungGen      total 142848K, used 132608K [0x00000000eab00000, 0x00000000f5380000, 0x0000000100000000)
  eden space 132608K, 100% used [0x00000000eab00000,0x00000000f2c80000,0x00000000f2c80000)
  from space 10240K, 0% used [0x00000000f2c80000,0x00000000f2c80000,0x00000000f3680000)
  to   space 19968K, 0% used [0x00000000f4000000,0x00000000f4000000,0x00000000f5380000)
 ParOldGen       total 98304K, used 48056K [0x00000000c0000000, 0x00000000c6000000, 0x00000000eab00000)
  object space 98304K, 48% used [0x00000000c0000000,0x00000000c2eee018,0x00000000c6000000)
 Metaspace       used 69668K, capacity 72336K, committed 73728K, reserved 1114112K
  class space    used 8988K, capacity 9430K, committed 9984K, reserved 1048576K
Event: 11711.096 GC heap after
Heap after GC invocations=37 (full 7):
 PSYoungGen      total 152576K, used 6517K [0x00000000eab00000, 0x00000000f6280000, 0x0000000100000000)
  eden space 132608K, 0% used [0x00000000eab00000,0x00000000eab00000,0x00000000f2c80000)
  from space 19968K, 32% used [0x00000000f4000000,0x00000000f465d7d8,0x00000000f5380000)
  to   space 19968K, 0% used [0x00000000f2c80000,0x00000000f2c80000,0x00000000f4000000)
 ParOldGen       total 98304K, used 48064K [0x00000000c0000000, 0x00000000c6000000, 0x00000000eab00000)
  object space 98304K, 48% used [0x00000000c0000000,0x00000000c2ef0018,0x00000000c6000000)
 Metaspace       used 69668K, capacity 72336K, committed 73728K, reserved 1114112K
  class space    used 8988K, capacity 9430K, committed 9984K, reserved 1048576K
}

Deoptimization events (10 events):
Event: 11704.820 Thread 0x0000000017453800 Uncommon trap: reason=unreached action=reinterpret pc=0x0000000005021334 method=java.io.ObjectOutputStream.isCustomSubclass()Z @ 12
Event: 11704.845 Thread 0x0000000017453800 Uncommon trap: reason=unreached action=reinterpret pc=0x000000000503bf28 method=java.io.ObjectOutputStream.isCustomSubclass()Z @ 12
Event: 11709.705 Thread 0x0000000017456800 Uncommon trap: reason=speculate_class_check action=maybe_recompile pc=0x000000000441d0a0 method=org.codehaus.groovy.runtime.callsite.PojoMetaMethodSite.call(Ljava/lang/Object;[Ljava/lang/Object;)Ljava/lang/Object; @ 12
Event: 11709.719 Thread 0x0000000017456800 Uncommon trap: reason=speculate_class_check action=maybe_recompile pc=0x000000000441d0a0 method=org.codehaus.groovy.runtime.callsite.PojoMetaMethodSite.call(Ljava/lang/Object;[Ljava/lang/Object;)Ljava/lang/Object; @ 12
Event: 11709.730 Thread 0x0000000017456800 Uncommon trap: reason=null_check action=make_not_entrant pc=0x00000000047a7970 method=org.gradle.api.internal.collections.CollectionFilter.filter(Ljava/lang/Object;)Ljava/lang/Object; @ 5
Event: 11709.795 Thread 0x0000000017456800 Uncommon trap: reason=bimorphic action=maybe_recompile pc=0x0000000003672944 method=com.sun.org.apache.xerces.internal.parsers.AbstractSAXParser.startElement(Lcom/sun/org/apache/xerces/internal/xni/QName;Lcom/sun/org/apache/xerces/internal/xni/XMLAttribute’‚(Y5þÆ@
Event: 11772.417 Thread 0x0000000017456800 Uncommon trap: reason=array_check action=maybe_recompile pc=0x0000000003ea6458 method=java.util.TimSort.reverseRange([Ljava/lang/Object;II)V @ 20
Event: 11772.930 Thread 0x0000000017456800 Uncommon trap: reason=speculate_class_check action=maybe_recompile pc=0x000000000441d0a0 method=org.codehaus.groovy.runtime.callsite.PojoMetaMethodSite.call(Ljava/lang/Object;[Ljava/lang/Object;)Ljava/lang/Object; @ 12
Event: 11772.945 Thread 0x0000000017456800 Uncommon trap: reason=speculate_class_check action=maybe_recompile pc=0x000000000441d0a0 method=org.codehaus.groovy.runtime.callsite.PojoMetaMethodSite.call(Ljava/lang/Object;[Ljava/lang/Object;)Ljava/lang/Object; @ 12
Event: 11773.016 Thread 0x0000000017456800 Uncommon trap: reason=bimorphic action=maybe_recompile pc=0x0000000003672944 method=com.sun.org.apache.xerces.internal.parsers.AbstractSAXParser.startElement(Lcom/sun/org/apache/xerces/internal/xni/QName;Lcom/sun/org/apache/xerces/internal/xni/XMLAttribute;ÒëhÜÆ@

Internal exceptions (10 events):
Event: 11772.478 Thread 0x0000000017456800 Exception <a 'java/security/PrivilegedActionException'> (0x00000000ec8da4f0) thrown at [C:\workspace\8-2-build-windows-amd64-cygwin\jdk8u31\2394\hotspot\src\share\vm\prims\jvm.cpp, line 1312]
Event: 11772.480 Thread 0x0000000017456800 Exception <a 'java/security/PrivilegedActionException'> (0x00000000ec8e65b8) thrown at [C:\workspace\8-2-build-windows-amd64-cygwin\jdk8u31\2394\hotspot\src\share\vm\prims\jvm.cpp, line 1312]
Event: 11772.480 Thread 0x0000000017456800 Exception <a 'java/security/PrivilegedActionException'> (0x00000000ec8e76a8) thrown at [C:\workspace\8-2-build-windows-amd64-cygwin\jdk8u31\2394\hotspot\src\share\vm\prims\jvm.cpp, line 1312]
Event: 11772.480 Thread 0x0000000017456800 Exception <a 'java/security/PrivilegedActionException'> (0x00000000ec8efe50) thrown at [C:\workspace\8-2-build-windows-amd64-cygwin\jdk8u31\2394\hotspot\src\share\vm\prims\jvm.cpp, line 1312]
Event: 11772.481 Thread 0x0000000017456800 Exception <a 'java/security/PrivilegedActionException'> (0x00000000ec8f4390) thrown at [C:\workspace\8-2-build-windows-amd64-cygwin\jdk8u31\2394\hotspot\src\share\vm\prims\jvm.cpp, line 1312]
Event: 11772.482 Thread 0x0000000017456800 Exception <a 'java/security/PrivilegedActionException'> (0x00000000ec900b78) thrown at [C:\workspace\8-2-build-windows-amd64-cygwin\jdk8u31\2394\hotspot\src\share\vm\prims\jvm.cpp, line 1312]
Event: 11772.482 Thread 0x0000000017456800 Exception <a 'java/security/PrivilegedActionException'> (0x00000000ec902040) thrown at [C:\workspace\8-2-build-windows-amd64-cygwin\jdk8u31\2394\hotspot\src\share\vm\prims\jvm.cpp, line 1312]
Event: 11772.482 Thread 0x0000000017456800 Exception <a 'java/security/PrivilegedActionException'> (0x00000000ec90b868) thrown at [C:\workspace\8-2-build-windows-amd64-cygwin\jdk8u31\2394\hotspot\src\share\vm\prims\jvm.cpp, line 1312]
Event: 11772.956 Thread 0x0000000017456800 Exception <a 'java/lang/reflect/InvocationTargetException'> (0x00000000ef4c74f8) thrown at [C:\workspace\8-2-build-windows-amd64-cygwin\jdk8u31\2394\hotspot\src\share\vm\runtime\reflection.cpp, line 1080]
Event: 11772.959 Thread 0x0000000017456800 Exception <a 'java/lang/reflect/InvocationTargetException'> (0x00000000ef51c470) thrown at [C:\workspace\8-2-build-windows-amd64-cygwin\jdk8u31\2394\hotspot\src\share\vm\runtime\reflection.cpp, line 1080]

Events (10 events):
Event: 11772.945 Thread 0x0000000017456800 DEOPT UNPACKING pc=0x0000000002de556a sp=0x0000000029fac628 mode 2
Event: 11772.947 Executing VM operation: ForceSafepoint
Event: 11772.947 Executing VM operation: ForceSafepoint done
Event: 11773.016 Thread 0x0000000017456800 Uncommon trap: trap_request=0xffffffc6 fr.pc=0x0000000003672944
Event: 11773.016 Thread 0x0000000017456800 DEOPT PACKING pc=0x0000000003672944 sp=0x0000000029fa9b20
Event: 11773.016 Thread 0x0000000017456800 DEOPT UNPACKING pc=0x0000000002de556a sp=0x0000000029fa9a58 mode 2
Event: 11773.044 Executing VM operation: ForceSafepoint
Event: 11773.044 Executing VM operation: ForceSafepoint done
Event: 11773.304 Executing VM operation: ForceSafepoint
Event: 11773.304 Executing VM operation: ForceSafepoint done


Dynamic libraries:
0x00007ff782fb0000 - 0x00007ff782fe4000 	C:\Program Files\Java\jdk1.8.0_31\bin\java.exe
0x00007ff908e40000 - 0x00007ff909001000 	C:\WINDOWS\SYSTEM32\ntdll.dll
0x00007ff908230000 - 0x00007ff9082dd000 	C:\WINDOWS\system32\KERNEL32.DLL
0x00007ff906030000 - 0x00007ff906218000 	C:\WINDOWS\system32\KERNELBASE.dll
0x00007ff906920000 - 0x00007ff9069c7000 	C:\WINDOWS\system32\ADVAPI32.dll
0x00007ff9069d0000 - 0x00007ff906a6d000 	C:\WINDOWS\system32\msvcrt.dll
0x00007ff907fd0000 - 0x00007ff90802b000 	C:\WINDOWS\system32\sechost.dll
0x00007ff906650000 - 0x00007ff90676c000 	C:\WINDOWS\system32\RPCRT4.dll
0x00007ff9082e0000 - 0x00007ff908436000 	C:\WINDOWS\system32\USER32.dll
0x00007ff906790000 - 0x00007ff906916000 	C:\WINDOWS\system32\GDI32.dll
0x00007ff8fffd0000 - 0x00007ff900244000 	C:\WINDOWS\WinSxS\amd64_microsoft.windows.common-controls_6595b64144ccf1df_6.0.10586.0_none_8c15ae12515e1c22\COMCTL32.dll
0x00007ff9088a0000 - 0x00007ff908b1d000 	C:\WINDOWS\system32\combase.dll
0x00007ff9054d0000 - 0x00007ff90553a000 	C:\WINDOWS\system32\bcryptPrimitives.dll
0x00007ff9081f0000 - 0x00007ff90822b000 	C:\WINDOWS\system32\IMM32.DLL
0x00000000507f0000 - 0x00000000508c2000 	C:\Program Files\Java\jdk1.8.0_31\jre\bin\msvcr100.dll
0x00000000777a0000 - 0x0000000077ffa000 	C:\Program Files\Java\jdk1.8.0_31\jre\bin\server\jvm.dll
0x00007ff908b20000 - 0x00007ff908b28000 	C:\WINDOWS\system32\PSAPI.DLL
0x00007ff8fa220000 - 0x00007ff8fa229000 	C:\WINDOWS\SYSTEM32\WSOCK32.dll
0x00007ff903330000 - 0x00007ff903353000 	C:\WINDOWS\SYSTEM32\WINMM.dll
0x00007ff9087c0000 - 0x00007ff90882b000 	C:\WINDOWS\system32\WS2_32.dll
0x00007ff903300000 - 0x00007ff90332c000 	C:\WINDOWS\SYSTEM32\WINMMBASE.dll
0x00007ff905ca0000 - 0x00007ff905ce3000 	C:\WINDOWS\system32\cfgmgr32.dll
0x00000000507e0000 - 0x00000000507ef000 	C:\Program Files\Java\jdk1.8.0_31\jre\bin\verify.dll
0x00000000507b0000 - 0x00000000507d8000 	C:\Program Files\Java\jdk1.8.0_31\jre\bin\java.dll
0x0000000050790000 - 0x00000000507a6000 	C:\Program Files\Java\jdk1.8.0_31\jre\bin\zip.dll
0x00007ff906a70000 - 0x00007ff907fcc000 	C:\WINDOWS\system32\SHELL32.dll
0x00007ff905650000 - 0x00007ff905c94000 	C:\WINDOWS\system32\windows.storage.dll
0x00007ff908c60000 - 0x00007ff908cb2000 	C:\WINDOWS\system32\shlwapi.dll
0x00007ff9054c0000 - 0x00007ff9054cf000 	C:\WINDOWS\system32\kernel.appcore.dll
0x00007ff905da0000 - 0x00007ff905e55000 	C:\WINDOWS\system32\shcore.dll
0x00007ff905440000 - 0x00007ff90548b000 	C:\WINDOWS\system32\powrprof.dll
0x00007ff9054a0000 - 0x00007ff9054b4000 	C:\WINDOWS\system32\profapi.dll
0x0000000050770000 - 0x000000005078a000 	C:\Program Files\Java\jdk1.8.0_31\jre\bin\net.dll
0x00007ff904d10000 - 0x00007ff904d6c000 	C:\WINDOWS\system32\mswsock.dll
0x0000000050750000 - 0x0000000050761000 	C:\Program Files\Java\jdk1.8.0_31\jre\bin\nio.dll
0x00007ff8fafc0000 - 0x00007ff8fafd2000 	C:\Users\Administrator\.gradle\native\19\windows-amd64\native-platform.dll
0x00007ff8fe430000 - 0x00007ff8fe468000 	C:\WINDOWS\SYSTEM32\IPHLPAPI.DLL
0x00007ff908030000 - 0x00007ff908038000 	C:\WINDOWS\system32\NSI.dll
0x00007ff8fe4b0000 - 0x00007ff8fe4c6000 	C:\WINDOWS\SYSTEM32\dhcpcsvc6.DLL
0x00007ff8fe490000 - 0x00007ff8fe4aa000 	C:\WINDOWS\SYSTEM32\dhcpcsvc.DLL
0x00007ff904dc0000 - 0x00007ff904dd7000 	C:\WINDOWS\SYSTEM32\CRYPTSP.dll
0x00007ff904a50000 - 0x00007ff904a84000 	C:\WINDOWS\system32\rsaenh.dll
0x00007ff905370000 - 0x00007ff905399000 	C:\WINDOWS\SYSTEM32\bcrypt.dll
0x00007ff904ba0000 - 0x00007ff904bbf000 	C:\WINDOWS\SYSTEM32\USERENV.dll
0x00007ff904ee0000 - 0x00007ff904eeb000 	C:\WINDOWS\SYSTEM32\CRYPTBASE.dll
0x0000000050720000 - 0x0000000050744000 	C:\Program Files\Java\jdk1.8.0_31\jre\bin\sunec.dll
0x00007ff903e60000 - 0x00007ff903f0a000 	C:\WINDOWS\SYSTEM32\DNSAPI.dll
0x00007ff8fd3c0000 - 0x00007ff8fd3ca000 	C:\Windows\System32\rasadhlp.dll
0x00007ff8fe030000 - 0x00007ff8fe097000 	C:\WINDOWS\System32\fwpuclnt.dll
0x00007ff8f6610000 - 0x00007ff8f6626000 	C:\WINDOWS\system32\napinsp.dll
0x00007ff8f65f0000 - 0x00007ff8f660a000 	C:\WINDOWS\system32\pnrpnsp.dll
0x00007ff902f20000 - 0x00007ff902f38000 	C:\WINDOWS\system32\NLAapi.dll
0x00007ff8f7a70000 - 0x00007ff8f7a7d000 	C:\WINDOWS\System32\winrnr.dll
0x00007ff8f6630000 - 0x00007ff8f6645000 	C:\WINDOWS\System32\wshbth.dll
0x0000000050710000 - 0x000000005071d000 	C:\Program Files\Java\jdk1.8.0_31\jre\bin\management.dll
0x0000000050700000 - 0x0000000050709000 	C:\Program Files\Java\jdk1.8.0_31\jre\bin\attach.dll
0x00000000506d0000 - 0x00000000506f3000 	C:\Program Files\Java\jdk1.8.0_31\jre\bin\instrument.dll
0x00007ff8dc390000 - 0x00007ff8dc51c000 	C:\WINDOWS\SYSTEM32\dbghelp.dll

VM Arguments:
jvm_args: -XX:MaxPermSize=256m -XX:+HeapDumpOnOutOfMemoryError -Xmx1024m -Dfile.encoding=GBK -Duser.country=CN -Duser.language=zh -Duser.variant 
java_command: org.gradle.launcher.daemon.bootstrap.GradleDaemon 2.10
java_class_path (initial): C:\Users\Administrator\.gradle\wrapper\dists\gradle-2.10-all\a4w5fzrkeut1ox71xslb49gst\gradle-2.10\lib\gradle-launcher-2.10.jar
Launcher Type: SUN_STANDARD

Environment Variables:
JAVA_HOME=C:\Program Files\Java\jdk1.8.0_31
CLASSPATH=C:\Program Files\Java\jdk1.8.0_31/lib/rt.jar;C:\Program Files\Java\jdk1.8.0_31/lib/tools.jar
PATH=C:\ProgramData\Oracle\Java\javapath;C:\WINDOWS\system32;C:\WINDOWS;C:\WINDOWS\System32\Wbem;C:\WINDOWS\System32\WindowsPowerShell\v1.0\;C:\Program Files (x86)\Intel\OpenCL SDK\2.0\bin\x86;C:\Program Files (x86)\Intel\OpenCL SDK\2.0\bin\x64;C:\Program Files (x86)\ATI Technologies\ATI.ACE\Core-Static;C:\Program Files (x86)\Skype\Phone\;C:\Program Files\Java\jdk1.8.0_31/bin;C:\Program Files\TortoiseSVN\bin;C:\Program Files (x86)\SSH Communications Security\SSH Secure Shell;F:\cubieboard\PhoenixSuit1.0.7\
USERNAME=Administrator
OS=Windows_NT
PROCESSOR_IDENTIFIER=Intel64 Family 6 Model 58 Stepping 9, GenuineIntel



---------------  S Y S T E M  ---------------

OS: Windows 8.1 , 64 bit Build 9600 

CPU:total 4 (2 cores per cpu, 2 threads per core) family 6 model 58 stepping 9, cmov, cx8, fxsr, mmx, sse, sse2, sse3, ssse3, sse4.1, sse4.2, popcnt, avx, aes, clmul, erms, ht, tsc, tscinvbit, tscinv

Memory: 4k page, physical 8260968k(2312652k free), swap 16649576k(8975072k free)

vm_info: Java HotSpot(TM) 64-Bit Server VM (25.31-b07) for windows-amd64 JRE (1.8.0_31-b13), built on Dec 17 2014 21:00:28 by "java_re" with MS VC++ 10.0 (VS2010)

time: Wed Jul 06 14:13:25 2016
elapsed time: 11773 seconds (0d 3h 16m 13s)

