#
# A fatal error has been detected by the Java Runtime Environment:
#
#  EXCEPTION_ACCESS_VIOLATION (0xc0000005) at pc=0x00000000c211f780, pid=9532, tid=9952
#
# JRE version: Java(TM) SE Runtime Environment (8.0_31-b13) (build 1.8.0_31-b13)
# Java VM: Java HotSpot(TM) 64-Bit Server VM (25.31-b07 mixed mode windows-amd64 compressed oops)
# Problematic frame:
# C  0x00000000c211f780
#
# Failed to write core dump. Minidumps are not enabled by default on client versions of Windows
#
# If you would like to submit a bug report, please visit:
#   http://bugreport.java.com/bugreport/crash.jsp
#

---------------  T H R E A D  ---------------

Current thread (0x0000000019f76000):  JavaThread "pool-5-thread-2" [_thread_in_Java, id=9952, stack(0x0000000022f40000,0x0000000023040000)]

siginfo: ExceptionCode=0xc0000005, ExceptionInformation=0x0000000000000008 0x00000000c211f780

Registers:
RAX=0x00000000c1dc27f8, RBX=0x0000000018f1c510, RCX=0x00000000031e3c40, RDX=0x00000000c1dc27f8
RSP=0x000000002303e570, RBP=0x00000000c211f780, RSI=0x000000010000b4b8, RDI=0x000000001e234620
R8 =0x00000000c00500e0, R9 =0x00000000c0694f68, R10=0x00000000c1dc27f8, R11=0x0000000003258c40
R12=0x0000000000000000, R13=0x000000002303e560, R14=0x0000000000000001, R15=0x0000000019f76000
RIP=0x00000000c211f780, EFLAGS=0x0000000000010246

Top of Stack: (sp=0x000000002303e570)
0x000000002303e570:   00000000eb44fb28 0000000003aa5dd4
0x000000002303e580:   000000002303e5b0 000000000352db1c
0x000000002303e590:   000000000352db1c 00000000c1dc27f8
0x000000002303e5a0:   00000000c00500c0 000000000352db1c
0x000000002303e5b0:   0000000015427610 0000000000000000
0x000000002303e5c0:   000000010006ce70 00000000eb44ff40
0x000000002303e5d0:   0000000100000003 0000000200000001
0x000000002303e5e0:   000000002303e610 0000000004348d3c
0x000000002303e5f0:   0000000004348d3c 0000000004348d3c
0x000000002303e600:   00000000eb450148 00000000c00500c0
0x000000002303e610:   00000000eb44fb08 0000000700000073
0x000000002303e620:   00000001eb44fdf8 0000000700000002
0x000000002303e630:   00000000eb44fdf8 00000000eb44fe78
0x000000002303e640:   0000000280000018 00000000c0001768
0x000000002303e650:   000000002303e680 00000000044ca194
0x000000002303e660:   00000000044ca194 00000000eb450148 

Instructions: (pc=0x00000000c211f780)
0x00000000c211f760:   65 00 61 00 64 00 79 00 20 00 73 00 65 00 74 00
0x00000000c211f770:   20 00 74 00 6f 00 20 00 25 00 73 00 00 00 00 00
0x00000000c211f780:   0d 00 00 00 00 00 00 00 da 02 00 20 98 f7 11 c2
0x00000000c211f790:   00 00 00 00 00 00 00 00 09 00 00 00 00 00 00 00 


Register to memory mapping:

RAX=0x00000000c1dc27f8 is an oop
com.android.builder.core.AndroidBuilder$$Lambda$153/1682571798 
 - klass: 'com/android/builder/core/AndroidBuilder$$Lambda$153'
RBX={method} {0x0000000018f1c518} 'identity' '(Ljava/lang/Object;)Ljava/lang/Object;' in 'sun/invoke/util/ValueConversions'
RCX=0x00000000031e3c40 is at begin+12 in a stub
MethodHandle::interpreter_entry::_linkToStatic [0x00000000031e3c34, 0x00000000031e3c58[ (36 bytes)
RDX=0x00000000c1dc27f8 is an oop
com.android.builder.core.AndroidBuilder$$Lambda$153/1682571798 
 - klass: 'com/android/builder/core/AndroidBuilder$$Lambda$153'
RSP=0x000000002303e570 is pointing into the stack for thread: 0x0000000019f76000
RBP=0x00000000c211f780 is an oop
java.lang.String 
 - klass: 'java/lang/String'
RSI=0x000000010000b4b8 is pointing into metadata
RDI=0x000000001e234620 is pointing into metadata
R8 =0x00000000c00500e0 is an oop
java.lang.invoke.MemberName 
 - klass: 'java/lang/invoke/MemberName'
R9 =0x00000000c0694f68 is an oop
java.lang.invoke.MemberName 
 - klass: 'java/lang/invoke/MemberName'
R10=0x00000000c1dc27f8 is an oop
com.android.builder.core.AndroidBuilder$$Lambda$153/1682571798 
 - klass: 'com/android/builder/core/AndroidBuilder$$Lambda$153'
R11=0x0000000003258c40 is at entry_point+0 in (nmethod*)0x0000000003258b10
R12=0x0000000000000000 is an unknown value
R13=0x000000002303e560 is pointing into the stack for thread: 0x0000000019f76000
R14=0x0000000000000001 is an unknown value
R15=0x0000000019f76000 is a thread


Stack: [0x0000000022f40000,0x0000000023040000],  sp=0x000000002303e570,  free space=1017k
Native frames: (J=compiled Java code, j=interpreted, Vv=VM code, C=native code)
C  0x00000000c211f780


---------------  P R O C E S S  ---------------

Java Threads: ( => current thread )
  0x000000001a37d800 JavaThread "Run command 'C:\Program Files\Java\jdk1.8.0_31\bin\java.exe'" [_thread_in_native, id=7204, stack(0x000000002a640000,0x000000002a740000)]
  0x000000001a382000 JavaThread "Forward streams with process: command 'C:\Program Files\Java\jdk1.8.0_31\bin\java.exe' Thread 3" [_thread_in_native, id=3416, stack(0x000000002a540000,0x000000002a640000)]
  0x000000001a381000 JavaThread "Forward streams with process: command 'C:\Program Files\Java\jdk1.8.0_31\bin\java.exe' Thread 2" [_thread_in_native, id=9756, stack(0x000000002a440000,0x000000002a540000)]
  0x000000001a379800 JavaThread "Forward streams with process: command 'C:\Program Files\Java\jdk1.8.0_31\bin\java.exe'" [_thread_blocked, id=9736, stack(0x000000002a340000,0x000000002a440000)]
  0x000000001a376000 JavaThread "Run command 'C:\Program Files\Java\jdk1.8.0_31\bin\java.exe'" [_thread_in_native, id=11432, stack(0x000000002a140000,0x000000002a240000)]
  0x000000001a37c800 JavaThread "Forward streams with process: command 'C:\Program Files\Java\jdk1.8.0_31\bin\java.exe' Thread 3" [_thread_in_native, id=11356, stack(0x0000000029c40000,0x0000000029d40000)]
  0x000000001a37c000 JavaThread "Forward streams with process: command 'C:\Program Files\Java\jdk1.8.0_31\bin\java.exe' Thread 2" [_thread_in_native, id=9940, stack(0x0000000029b40000,0x0000000029c40000)]
  0x000000001a37b000 JavaThread "Forward streams with process: command 'C:\Program Files\Java\jdk1.8.0_31\bin\java.exe'" [_thread_blocked, id=9520, stack(0x0000000029a40000,0x0000000029b40000)]
  0x000000001a37a800 JavaThread "Run command 'C:\Program Files\Java\jdk1.8.0_31\bin\java.exe'" [_thread_in_native, id=8924, stack(0x0000000029740000,0x0000000029840000)]
  0x0000000019f77000 JavaThread "pool-2-thread-4" [_thread_blocked, id=10100, stack(0x0000000026e40000,0x0000000026f40000)]
  0x0000000019f7c000 JavaThread "pool-5-thread-4" [_thread_blocked, id=5968, stack(0x0000000023140000,0x0000000023240000)]
  0x0000000019f6f800 JavaThread "pool-5-thread-3" [_thread_blocked, id=1660, stack(0x0000000023040000,0x0000000023140000)]
=>0x0000000019f76000 JavaThread "pool-5-thread-2" [_thread_in_Java, id=9952, stack(0x0000000022f40000,0x0000000023040000)]
  0x0000000019f73000 JavaThread "pool-5-thread-1" [_thread_blocked, id=3644, stack(0x0000000022e40000,0x0000000022f40000)]
  0x0000000019f74000 JavaThread "Stdin handler" [_thread_blocked, id=11188, stack(0x0000000022d40000,0x0000000022e40000)]
  0x0000000019f6e000 JavaThread "Cancel handler" [_thread_blocked, id=5500, stack(0x0000000022c40000,0x0000000022d40000)]
  0x0000000019f72800 JavaThread "Handler for socket connection from /127.0.0.1:59813 to /127.0.0.1:62165" [_thread_in_native, id=1596, stack(0x0000000022b40000,0x0000000022c40000)]
  0x0000000019f74800 JavaThread "pool-2-thread-3" [_thread_blocked, id=9556, stack(0x0000000021c40000,0x0000000021d40000)]
  0x0000000019f6d000 JavaThread "Daemon worker Thread 2" [_thread_blocked, id=8056, stack(0x0000000021740000,0x0000000021840000)]
  0x0000000019f71800 JavaThread "Daemon Thread 2" [_thread_blocked, id=4660, stack(0x0000000021440000,0x0000000021540000)]
  0x0000000019f70000 JavaThread "pool-2-thread-2" [_thread_blocked, id=8992, stack(0x0000000020c40000,0x0000000020d40000)]
  0x000000001b3bd800 JavaThread "pool-2-thread-1" [_thread_blocked, id=8572, stack(0x000000001ec70000,0x000000001ed70000)]
  0x0000000018c47800 JavaThread "File lock request listener" [_thread_in_native, id=4440, stack(0x000000001cf50000,0x000000001d050000)]
  0x0000000018032800 JavaThread "Incoming local TCP Connector on port 59813" [_thread_in_native, id=10832, stack(0x0000000018de0000,0x0000000018ee0000)]
  0x0000000016ea2800 JavaThread "Service Thread" daemon [_thread_blocked, id=4868, stack(0x0000000017410000,0x0000000017510000)]
  0x0000000016e14800 JavaThread "C1 CompilerThread2" daemon [_thread_blocked, id=11240, stack(0x0000000017310000,0x0000000017410000)]
  0x000000001580d800 JavaThread "C2 CompilerThread1" daemon [_thread_blocked, id=4224, stack(0x0000000017210000,0x0000000017310000)]
  0x000000001580b000 JavaThread "C2 CompilerThread0" daemon [_thread_blocked, id=11084, stack(0x0000000016d10000,0x0000000016e10000)]
  0x0000000015809800 JavaThread "Attach Listener" daemon [_thread_blocked, id=2344, stack(0x0000000016c10000,0x0000000016d10000)]
  0x00000000157be800 JavaThread "Signal Dispatcher" daemon [_thread_blocked, id=9292, stack(0x0000000016b10000,0x0000000016c10000)]
  0x0000000003045800 JavaThread "Finalizer" daemon [_thread_blocked, id=10812, stack(0x0000000016a10000,0x0000000016b10000)]
  0x000000000303d000 JavaThread "Reference Handler" daemon [_thread_blocked, id=9848, stack(0x0000000016910000,0x0000000016a10000)]
  0x0000000002f52800 JavaThread "main" [_thread_blocked, id=8308, stack(0x0000000002ac0000,0x0000000002bc0000)]

Other Threads:
  0x0000000015776800 VMThread [stack: 0x0000000016810000,0x0000000016910000] [id=11700]
  0x0000000016ea8000 WatcherThread [stack: 0x0000000017510000,0x0000000017610000] [id=10044]

VM state:not at safepoint (normal execution)

VM Mutex/Monitor currently owned by a thread: None

Heap:
 PSYoungGen      total 210944K, used 20804K [0x00000000eab00000, 0x00000000f9500000, 0x0000000100000000)
  eden space 187392K, 5% used [0x00000000eab00000,0x00000000eb4833b0,0x00000000f6200000)
  from space 23552K, 46% used [0x00000000f6200000,0x00000000f6ccde00,0x00000000f7900000)
  to   space 22528K, 0% used [0x00000000f7f00000,0x00000000f7f00000,0x00000000f9500000)
 ParOldGen       total 111616K, used 45710K [0x00000000c0000000, 0x00000000c6d00000, 0x00000000eab00000)
  object space 111616K, 40% used [0x00000000c0000000,0x00000000c2ca3ad8,0x00000000c6d00000)
 Metaspace       used 63737K, capacity 66230K, committed 66432K, reserved 1107968K
  class space    used 8121K, capacity 8542K, committed 8576K, reserved 1048576K

Card table byte_map: [0x00000000124a0000,0x00000000126b0000] byte_map_base: 0x0000000011ea0000

Marking Bits: (ParMarkBitMap*) 0x0000000077f7d4f0
 Begin Bits: [0x0000000012c10000, 0x0000000013c10000)
 End Bits:   [0x0000000013c10000, 0x0000000014c10000)

Polling page: 0x00000000012e0000

CodeCache: size=245760Kb used=36852Kb max_used=36955Kb free=208907Kb
 bounds [0x00000000030e0000, 0x0000000005530000, 0x00000000120e0000]
 total_blobs=12129 nmethods=11400 adapters=640
 compilation: enabled

Compilation events (10 events):
Event: 265.060 Thread 0x0000000016e14800 21949       3       com.google.common.collect.EmptyImmutableSortedSet::hashCode (2 bytes)
Event: 265.060 Thread 0x0000000016e14800 nmethod 21949 0x00000000035edbd0 code [0x00000000035edd20, 0x00000000035ede70]
Event: 265.061 Thread 0x0000000016e14800 21950       3       java.io.FileInputStream::finalize (22 bytes)
Event: 265.061 Thread 0x0000000016e14800 nmethod 21950 0x00000000035ed7d0 code [0x00000000035ed940, 0x00000000035edb48]
Event: 273.159 Thread 0x000000001580b000 21951       4       java.lang.invoke.LambdaForm$DMH/1560063598::invokeStatic_L_L (14 bytes)
Event: 273.161 Thread 0x000000001580b000 nmethod 21951 0x0000000003cbf990 code [0x0000000003cbfae0, 0x0000000003cbfb88]
Event: 273.274 Thread 0x0000000016e14800 21952       3       java.lang.String::getBytes (27 bytes)
Event: 273.274 Thread 0x0000000016e14800 nmethod 21952 0x00000000035ed2d0 code [0x00000000035ed440, 0x00000000035ed6b8]
Event: 273.276 Thread 0x0000000016e14800 21953   !   3       java.lang.StringCoding::encode (216 bytes)
Event: 273.279 Thread 0x0000000016e14800 nmethod 21953 0x0000000003eb2850 code [0x0000000003eb2c00, 0x0000000003eb4f18]

GC Heap History (10 events):
Event: 149.779 GC heap before
{Heap before GC invocations=19 (full 4):
 PSYoungGen      total 196096K, used 11448K [0x00000000eab00000, 0x00000000f8080000, 0x0000000100000000)
  eden space 174080K, 0% used [0x00000000eab00000,0x00000000eab00000,0x00000000f5500000)
  from space 22016K, 52% used [0x00000000f5500000,0x00000000f602e338,0x00000000f6a80000)
  to   space 20992K, 0% used [0x00000000f6c00000,0x00000000f6c00000,0x00000000f8080000)
 ParOldGen       total 111616K, used 41486K [0x00000000c0000000, 0x00000000c6d00000, 0x00000000eab00000)
  object space 111616K, 37% used [0x00000000c0000000,0x00000000c28838d8,0x00000000c6d00000)
 Metaspace       used 59717K, capacity 61656K, committed 61824K, reserved 1103872K
  class space    used 7695K, capacity 8007K, committed 8064K, reserved 1048576K
Event: 150.135 GC heap after
Heap after GC invocations=19 (full 4):
 PSYoungGen      total 196096K, used 0K [0x00000000eab00000, 0x00000000f8080000, 0x0000000100000000)
  eden space 174080K, 0% used [0x00000000eab00000,0x00000000eab00000,0x00000000f5500000)
  from space 22016K, 0% used [0x00000000f5500000,0x00000000f5500000,0x00000000f6a80000)
  to   space 20992K, 0% used [0x00000000f6c00000,0x00000000f6c00000,0x00000000f8080000)
 ParOldGen       total 111616K, used 45686K [0x00000000c0000000, 0x00000000c6d00000, 0x00000000eab00000)
  object space 111616K, 40% used [0x00000000c0000000,0x00000000c2c9dad8,0x00000000c6d00000)
 Metaspace       used 59690K, capacity 61568K, committed 61824K, reserved 1103872K
  class space    used 7687K, capacity 7999K, committed 8064K, reserved 1048576K
}
Event: 226.416 GC heap before
{Heap before GC invocations=20 (full 4):
 PSYoungGen      total 196096K, used 174080K [0x00000000eab00000, 0x00000000f8080000, 0x0000000100000000)
  eden space 174080K, 100% used [0x00000000eab00000,0x00000000f5500000,0x00000000f5500000)
  from space 22016K, 0% used [0x00000000f5500000,0x00000000f5500000,0x00000000f6a80000)
  to   space 20992K, 0% used [0x00000000f6c00000,0x00000000f6c00000,0x00000000f8080000)
 ParOldGen       total 111616K, used 45686K [0x00000000c0000000, 0x00000000c6d00000, 0x00000000eab00000)
  object space 111616K, 40% used [0x00000000c0000000,0x00000000c2c9dad8,0x00000000c6d00000)
 Metaspace       used 60235K, capacity 62490K, committed 62720K, reserved 1103872K
  class space    used 7766K, capacity 8118K, committed 8192K, reserved 1048576K
Event: 226.435 GC heap after
Heap after GC invocations=20 (full 4):
 PSYoungGen      total 197632K, used 6688K [0x00000000eab00000, 0x00000000f8c80000, 0x0000000100000000)
  eden space 176640K, 0% used [0x00000000eab00000,0x00000000eab00000,0x00000000f5780000)
  from space 20992K, 31% used [0x00000000f6c00000,0x00000000f7288000,0x00000000f8080000)
  to   space 20992K, 0% used [0x00000000f5780000,0x00000000f5780000,0x00000000f6c00000)
 ParOldGen       total 111616K, used 45694K [0x00000000c0000000, 0x00000000c6d00000, 0x00000000eab00000)
  object space 111616K, 40% used [0x00000000c0000000,0x00000000c2c9fad8,0x00000000c6d00000)
 Metaspace       used 60235K, capacity 62490K, committed 62720K, reserved 1103872K
  class space    used 7766K, capacity 8118K, committed 8192K, reserved 1048576K
}
Event: 235.887 GC heap before
{Heap before GC invocations=21 (full 4):
 PSYoungGen      total 197632K, used 183328K [0x00000000eab00000, 0x00000000f8c80000, 0x0000000100000000)
  eden space 176640K, 100% used [0x00000000eab00000,0x00000000f5780000,0x00000000f5780000)
  from space 20992K, 31% used [0x00000000f6c00000,0x00000000f7288000,0x00000000f8080000)
  to   space 20992K, 0% used [0x00000000f5780000,0x00000000f5780000,0x00000000f6c00000)
 ParOldGen       total 111616K, used 45694K [0x00000000c0000000, 0x00000000c6d00000, 0x00000000eab00000)
  object space 111616K, 40% used [0x00000000c0000000,0x00000000c2c9fad8,0x00000000c6d00000)
 Metaspace       used 61516K, capacity 63864K, committed 64128K, reserved 1105920K
  class space    used 7900K, capacity 8289K, committed 8320K, reserved 1048576K
Event: 235.910 GC heap after
Heap after GC invocations=21 (full 4):
 PSYoungGen      total 197632K, used 14658K [0x00000000eab00000, 0x00000000f8e00000, 0x0000000100000000)
  eden space 176640K, 0% used [0x00000000eab00000,0x00000000eab00000,0x00000000f5780000)
  from space 20992K, 69% used [0x00000000f5780000,0x00000000f65d0bd0,0x00000000f6c00000)
  to   space 21504K, 0% used [0x00000000f7900000,0x00000000f7900000,0x00000000f8e00000)
 ParOldGen       total 111616K, used 45702K [0x00000000c0000000, 0x00000000c6d00000, 0x00000000eab00000)
  object space 111616K, 40% used [0x00000000c0000000,0x00000000c2ca1ad8,0x00000000c6d00000)
 Metaspace       used 61516K, capacity 63864K, committed 64128K, reserved 1105920K
  class space    used 7900K, capacity 8289K, committed 8320K, reserved 1048576K
}
Event: 240.477 GC heap before
{Heap before GC invocations=22 (full 4):
 PSYoungGen      total 197632K, used 191298K [0x00000000eab00000, 0x00000000f8e00000, 0x0000000100000000)
  eden space 176640K, 100% used [0x00000000eab00000,0x00000000f5780000,0x00000000f5780000)
  from space 20992K, 69% used [0x00000000f5780000,0x00000000f65d0bd0,0x00000000f6c00000)
  to   space 21504K, 0% used [0x00000000f7900000,0x00000000f7900000,0x00000000f8e00000)
 ParOldGen       total 111616K, used 45702K [0x00000000c0000000, 0x00000000c6d00000, 0x00000000eab00000)
  object space 111616K, 40% used [0x00000000c0000000,0x00000000c2ca1ad8,0x00000000c6d00000)
 Metaspace       used 63200K, capacity 65664K, committed 65920K, reserved 1105920K
  class space    used 8104K, capacity 8533K, committed 8576K, reserved 1048576K
Event: 240.508 GC heap after
Heap after GC invocations=22 (full 4):
 PSYoungGen      total 208896K, used 20498K [0x00000000eab00000, 0x00000000f9200000, 0x0000000100000000)
  eden space 187392K, 0% used [0x00000000eab00000,0x00000000eab00000,0x00000000f6200000)
  from space 21504K, 95% used [0x00000000f7900000,0x00000000f8d04ae0,0x00000000f8e00000)
  to   space 23552K, 0% used [0x00000000f6200000,0x00000000f6200000,0x00000000f7900000)
 ParOldGen       total 111616K, used 45702K [0x00000000c0000000, 0x00000000c6d00000, 0x00000000eab00000)
  object space 111616K, 40% used [0x00000000c0000000,0x00000000c2ca1ad8,0x00000000c6d00000)
 Metaspace       used 63200K, capacity 65664K, committed 65920K, reserved 1105920K
  class space    used 8104K, capacity 8533K, committed 8576K, reserved 1048576K
}
Event: 265.040 GC heap before
{Heap before GC invocations=23 (full 4):
 PSYoungGen      total 208896K, used 207890K [0x00000000eab00000, 0x00000000f9200000, 0x0000000100000000)
  eden space 187392K, 100% used [0x00000000eab00000,0x00000000f6200000,0x00000000f6200000)
  from space 21504K, 95% used [0x00000000f7900000,0x00000000f8d04ae0,0x00000000f8e00000)
  to   space 23552K, 0% used [0x00000000f6200000,0x00000000f6200000,0x00000000f7900000)
 ParOldGen       total 111616K, used 45702K [0x00000000c0000000, 0x00000000c6d00000, 0x00000000eab00000)
  object space 111616K, 40% used [0x00000000c0000000,0x00000000c2ca1ad8,0x00000000c6d00000)
 Metaspace       used 63731K, capacity 66224K, committed 66432K, reserved 1107968K
  class space    used 8120K, capacity 8541K, committed 8576K, reserved 1048576K
Event: 265.058 GC heap after
Heap after GC invocations=23 (full 4):
 PSYoungGen      total 210944K, used 11063K [0x00000000eab00000, 0x00000000f9500000, 0x0000000100000000)
  eden space 187392K, 0% used [0x00000000eab00000,0x00000000eab00000,0x00000000f6200000)
  from space 23552K, 46% used [0x00000000f6200000,0x00000000f6ccde00,0x00000000f7900000)
  to   space 22528K, 0% used [0x00000000f7f00000,0x00000000f7f00000,0x00000000f9500000)
 ParOldGen       total 111616K, used 45710K [0x00000000c0000000, 0x00000000c6d00000, 0x00000000eab00000)
  object space 111616K, 40% used [0x00000000c0000000,0x00000000c2ca3ad8,0x00000000c6d00000)
 Metaspace       used 63731K, capacity 66224K, committed 66432K, reserved 1107968K
  class space    used 8120K, capacity 8541K, committed 8576K, reserved 1048576K
}

Deoptimization events (10 events):
Event: 242.013 Thread 0x0000000019f6d000 Uncommon trap: reason=bimorphic action=maybe_recompile pc=0x000000000421b580 method=java.nio.charset.CharsetEncoder.encode(Ljava/nio/CharBuffer;Ljava/nio/ByteBuffer;Z)Ljava/nio/charset/CoderResult; @ 57
Event: 242.409 Thread 0x0000000019f6d000 Uncommon trap: reason=bimorphic action=maybe_recompile pc=0x000000000421b580 method=java.nio.charset.CharsetEncoder.encode(Ljava/nio/CharBuffer;Ljava/nio/ByteBuffer;Z)Ljava/nio/charset/CoderResult; @ 57
Event: 242.409 Thread 0x0000000019f6d000 Uncommon trap: reason=bimorphic action=maybe_recompile pc=0x000000000421b580 method=java.nio.charset.CharsetEncoder.encode(Ljava/nio/CharBuffer;Ljava/nio/ByteBuffer;Z)Ljava/nio/charset/CoderResult; @ 57
Event: 242.409 Thread 0x0000000019f6d000 Uncommon trap: reason=bimorphic action=maybe_recompile pc=0x000000000421b580 method=java.nio.charset.CharsetEncoder.encode(Ljava/nio/CharBuffer;Ljava/nio/ByteBuffer;Z)Ljava/nio/charset/CoderResult; @ 57
Event: 244.014 Thread 0x0000000019f6d000 Uncommon trap: reason=unreached action=reinterpret pc=0x00000000050008b0 method=org.objectweb.asm.Frame.a(Lorg/objectweb/asm/ClassWriter;Lorg/objectweb/asm/Frame;I)Z @ 378
Event: 245.929 Thread 0x0000000019f6d000 Uncommon trap: reason=unreached action=reinterpret pc=0x0000000004710e88 method=org.objectweb.asm.ClassReader.a(Lorg/objectweb/asm/MethodVisitor;Lorg/objectweb/asm/Context;I)V @ 694
Event: 246.141 Thread 0x0000000019f6d000 Uncommon trap: reason=unloaded action=reinterpret pc=0x000000000401d014 method=org.objectweb.asm.commons.LocalVariablesSorter.remap(ILorg/objectweb/asm/Type;)I @ 46
Event: 246.210 Thread 0x0000000019f6d000 Uncommon trap: reason=unloaded action=reinterpret pc=0x0000000004638680 method=org.objectweb.asm.commons.LocalVariablesSorter.remap(ILorg/objectweb/asm/Type;)I @ 46
Event: 246.306 Thread 0x0000000019f6d000 Uncommon trap: reason=unloaded action=reinterpret pc=0x0000000004402304 method=org.objectweb.asm.ClassReader.readConst(I[C)Ljava/lang/Object; @ 140
Event: 247.316 Thread 0x0000000019f6d000 Uncommon trap: reason=predicate action=maybe_recompile pc=0x00000000050c8a5c method=com.google.common.collect.RegularImmutableMap.checkNoConflictInBucket(Ljava/lang/Object;Lcom/google/common/collect/ImmutableMapEntry;Lcom/google/common/collect/ImmutableMapø…ám@n@

Internal exceptions (10 events):
Event: 241.251 Thread 0x0000000019f6d000 Implicit null exception at 0x0000000005326af4 to 0x0000000005329611
Event: 241.928 Thread 0x0000000019f6d000 Exception <a 'java/security/PrivilegedActionException'> (0x00000000ecfa64d8) thrown at [C:\workspace\8-2-build-windows-amd64-cygwin\jdk8u31\2394\hotspot\src\share\vm\prims\jvm.cpp, line 1312]
Event: 241.929 Thread 0x0000000019f6d000 Exception <a 'java/security/PrivilegedActionException'> (0x00000000ed9e3128) thrown at [C:\workspace\8-2-build-windows-amd64-cygwin\jdk8u31\2394\hotspot\src\share\vm\prims\jvm.cpp, line 1312]
Event: 242.426 Thread 0x0000000019f6d000 Exception <a 'java/security/PrivilegedActionException'> (0x00000000ee433258) thrown at [C:\workspace\8-2-build-windows-amd64-cygwin\jdk8u31\2394\hotspot\src\share\vm\prims\jvm.cpp, line 1312]
Event: 242.576 Thread 0x0000000019f6d000 Exception <a 'java/security/PrivilegedActionException'> (0x00000000ee7c9ca8) thrown at [C:\workspace\8-2-build-windows-amd64-cygwin\jdk8u31\2394\hotspot\src\share\vm\prims\jvm.cpp, line 1312]
Event: 242.577 Thread 0x0000000019f6d000 Exception <a 'java/security/PrivilegedActionException'> (0x00000000ee7e14f8) thrown at [C:\workspace\8-2-build-windows-amd64-cygwin\jdk8u31\2394\hotspot\src\share\vm\prims\jvm.cpp, line 1312]
Event: 243.138 Thread 0x0000000019f6d000 Exception <a 'java/security/PrivilegedActionException'> (0x00000000eee6efd0) thrown at [C:\workspace\8-2-build-windows-amd64-cygwin\jdk8u31\2394\hotspot\src\share\vm\prims\jvm.cpp, line 1312]
Event: 243.900 Thread 0x0000000019f6d000 Exception <a 'java/security/PrivilegedActionException'> (0x00000000f0a2a5d0) thrown at [C:\workspace\8-2-build-windows-amd64-cygwin\jdk8u31\2394\hotspot\src\share\vm\prims\jvm.cpp, line 1312]
Event: 243.912 Thread 0x0000000019f6d000 Exception <a 'java/security/PrivilegedActionException'> (0x00000000f0ab6f78) thrown at [C:\workspace\8-2-build-windows-amd64-cygwin\jdk8u31\2394\hotspot\src\share\vm\prims\jvm.cpp, line 1312]
Event: 253.269 Thread 0x0000000019f6d000 Exception <a 'java/security/PrivilegedActionException'> (0x00000000f44f4d10) thrown at [C:\workspace\8-2-build-windows-amd64-cygwin\jdk8u31\2394\hotspot\src\share\vm\prims\jvm.cpp, line 1312]

Events (10 events):
Event: 273.280 Thread 0x0000000016e14800 flushing nmethod 0x0000000003741250
Event: 273.280 Thread 0x0000000016e14800 flushing nmethod 0x0000000003743150
Event: 273.699 Thread 0x000000001a376800 Thread exited: 0x000000001a376800
Event: 273.699 Thread 0x000000001a37f800 Thread exited: 0x000000001a37f800
Event: 273.699 Thread 0x000000001a378000 Thread exited: 0x000000001a378000
Event: 273.699 Executing VM operation: RevokeBias
Event: 273.699 Executing VM operation: RevokeBias done
Event: 273.699 Executing VM operation: RevokeBias
Event: 273.700 Executing VM operation: RevokeBias done
Event: 273.700 Thread 0x000000001a377800 Thread exited: 0x000000001a377800


Dynamic libraries:
0x00007ff782fb0000 - 0x00007ff782fe4000 	C:\Program Files\Java\jdk1.8.0_31\bin\java.exe
0x00007ff908e40000 - 0x00007ff909001000 	C:\WINDOWS\SYSTEM32\ntdll.dll
0x00007ff908230000 - 0x00007ff9082dd000 	C:\WINDOWS\system32\KERNEL32.DLL
0x00007ff906030000 - 0x00007ff906218000 	C:\WINDOWS\system32\KERNELBASE.dll
0x00007ff906920000 - 0x00007ff9069c7000 	C:\WINDOWS\system32\ADVAPI32.dll
0x00007ff9069d0000 - 0x00007ff906a6d000 	C:\WINDOWS\system32\msvcrt.dll
0x00007ff907fd0000 - 0x00007ff90802b000 	C:\WINDOWS\system32\sechost.dll
0x00007ff906650000 - 0x00007ff90676c000 	C:\WINDOWS\system32\RPCRT4.dll
0x00007ff9082e0000 - 0x00007ff908436000 	C:\WINDOWS\system32\USER32.dll
0x00007ff906790000 - 0x00007ff906916000 	C:\WINDOWS\system32\GDI32.dll
0x00007ff8fffd0000 - 0x00007ff900244000 	C:\WINDOWS\WinSxS\amd64_microsoft.windows.common-controls_6595b64144ccf1df_6.0.10586.0_none_8c15ae12515e1c22\COMCTL32.dll
0x00007ff9088a0000 - 0x00007ff908b1d000 	C:\WINDOWS\system32\combase.dll
0x00007ff9054d0000 - 0x00007ff90553a000 	C:\WINDOWS\system32\bcryptPrimitives.dll
0x00007ff9081f0000 - 0x00007ff90822b000 	C:\WINDOWS\system32\IMM32.DLL
0x00000000507f0000 - 0x00000000508c2000 	C:\Program Files\Java\jdk1.8.0_31\jre\bin\msvcr100.dll
0x00000000777a0000 - 0x0000000077ffa000 	C:\Program Files\Java\jdk1.8.0_31\jre\bin\server\jvm.dll
0x00007ff908b20000 - 0x00007ff908b28000 	C:\WINDOWS\system32\PSAPI.DLL
0x00007ff8fa220000 - 0x00007ff8fa229000 	C:\WINDOWS\SYSTEM32\WSOCK32.dll
0x00007ff903330000 - 0x00007ff903353000 	C:\WINDOWS\SYSTEM32\WINMM.dll
0x00007ff9087c0000 - 0x00007ff90882b000 	C:\WINDOWS\system32\WS2_32.dll
0x00007ff903300000 - 0x00007ff90332c000 	C:\WINDOWS\SYSTEM32\WINMMBASE.dll
0x00007ff905ca0000 - 0x00007ff905ce3000 	C:\WINDOWS\system32\cfgmgr32.dll
0x00000000507e0000 - 0x00000000507ef000 	C:\Program Files\Java\jdk1.8.0_31\jre\bin\verify.dll
0x00000000507b0000 - 0x00000000507d8000 	C:\Program Files\Java\jdk1.8.0_31\jre\bin\java.dll
0x0000000050790000 - 0x00000000507a6000 	C:\Program Files\Java\jdk1.8.0_31\jre\bin\zip.dll
0x00007ff906a70000 - 0x00007ff907fcc000 	C:\WINDOWS\system32\SHELL32.dll
0x00007ff905650000 - 0x00007ff905c94000 	C:\WINDOWS\system32\windows.storage.dll
0x00007ff908c60000 - 0x00007ff908cb2000 	C:\WINDOWS\system32\shlwapi.dll
0x00007ff9054c0000 - 0x00007ff9054cf000 	C:\WINDOWS\system32\kernel.appcore.dll
0x00007ff905da0000 - 0x00007ff905e55000 	C:\WINDOWS\system32\shcore.dll
0x00007ff905440000 - 0x00007ff90548b000 	C:\WINDOWS\system32\powrprof.dll
0x00007ff9054a0000 - 0x00007ff9054b4000 	C:\WINDOWS\system32\profapi.dll
0x0000000050770000 - 0x000000005078a000 	C:\Program Files\Java\jdk1.8.0_31\jre\bin\net.dll
0x00007ff904d10000 - 0x00007ff904d6c000 	C:\WINDOWS\system32\mswsock.dll
0x0000000050750000 - 0x0000000050761000 	C:\Program Files\Java\jdk1.8.0_31\jre\bin\nio.dll
0x00007ff8fafc0000 - 0x00007ff8fafd2000 	C:\Users\Administrator\.gradle\native\19\windows-amd64\native-platform.dll
0x00007ff8fe430000 - 0x00007ff8fe468000 	C:\WINDOWS\SYSTEM32\IPHLPAPI.DLL
0x00007ff908030000 - 0x00007ff908038000 	C:\WINDOWS\system32\NSI.dll
0x00007ff8fe4b0000 - 0x00007ff8fe4c6000 	C:\WINDOWS\SYSTEM32\dhcpcsvc6.DLL
0x00007ff8fe490000 - 0x00007ff8fe4aa000 	C:\WINDOWS\SYSTEM32\dhcpcsvc.DLL
0x00007ff904dc0000 - 0x00007ff904dd7000 	C:\WINDOWS\SYSTEM32\CRYPTSP.dll
0x00007ff904a50000 - 0x00007ff904a84000 	C:\WINDOWS\system32\rsaenh.dll
0x00007ff905370000 - 0x00007ff905399000 	C:\WINDOWS\SYSTEM32\bcrypt.dll
0x00007ff904ba0000 - 0x00007ff904bbf000 	C:\WINDOWS\SYSTEM32\USERENV.dll
0x00007ff904ee0000 - 0x00007ff904eeb000 	C:\WINDOWS\SYSTEM32\CRYPTBASE.dll
0x0000000050740000 - 0x000000005074d000 	C:\Program Files\Java\jdk1.8.0_31\jre\bin\management.dll
0x00007ff8f6610000 - 0x00007ff8f6626000 	C:\WINDOWS\system32\napinsp.dll
0x00007ff8f65f0000 - 0x00007ff8f660a000 	C:\WINDOWS\system32\pnrpnsp.dll
0x00007ff902f20000 - 0x00007ff902f38000 	C:\WINDOWS\system32\NLAapi.dll
0x00007ff903e60000 - 0x00007ff903f0a000 	C:\WINDOWS\SYSTEM32\DNSAPI.dll
0x00007ff8f7a70000 - 0x00007ff8f7a7d000 	C:\WINDOWS\System32\winrnr.dll
0x00007ff8f6630000 - 0x00007ff8f6645000 	C:\WINDOWS\System32\wshbth.dll
0x00007ff8fd3c0000 - 0x00007ff8fd3ca000 	C:\Windows\System32\rasadhlp.dll
0x00007ff8fe030000 - 0x00007ff8fe097000 	C:\WINDOWS\System32\fwpuclnt.dll
0x0000000050730000 - 0x0000000050739000 	C:\Program Files\Java\jdk1.8.0_31\jre\bin\attach.dll
0x0000000050700000 - 0x0000000050723000 	C:\Program Files\Java\jdk1.8.0_31\jre\bin\instrument.dll
0x00007ff8dc390000 - 0x00007ff8dc51c000 	C:\WINDOWS\SYSTEM32\dbghelp.dll

VM Arguments:
jvm_args: -XX:MaxPermSize=256m -XX:+HeapDumpOnOutOfMemoryError -Xmx1024m -Dfile.encoding=GBK -Duser.country=CN -Duser.language=zh -Duser.variant 
java_command: org.gradle.launcher.daemon.bootstrap.GradleDaemon 2.10
java_class_path (initial): C:\Users\Administrator\.gradle\wrapper\dists\gradle-2.10-all\a4w5fzrkeut1ox71xslb49gst\gradle-2.10\lib\gradle-launcher-2.10.jar
Launcher Type: SUN_STANDARD

Environment Variables:
JAVA_HOME=C:\Program Files\Java\jdk1.8.0_31
CLASSPATH=C:\Program Files\Java\jdk1.8.0_31/lib/rt.jar;C:\Program Files\Java\jdk1.8.0_31/lib/tools.jar
PATH=C:\ProgramData\Oracle\Java\javapath;C:\WINDOWS\system32;C:\WINDOWS;C:\WINDOWS\System32\Wbem;C:\WINDOWS\System32\WindowsPowerShell\v1.0\;C:\Program Files (x86)\Intel\OpenCL SDK\2.0\bin\x86;C:\Program Files (x86)\Intel\OpenCL SDK\2.0\bin\x64;C:\Program Files (x86)\ATI Technologies\ATI.ACE\Core-Static;C:\Program Files (x86)\Skype\Phone\;C:\Program Files\Java\jdk1.8.0_31/bin;C:\Program Files\TortoiseSVN\bin;C:\Program Files (x86)\SSH Communications Security\SSH Secure Shell;F:\cubieboard\PhoenixSuit1.0.7\
USERNAME=Administrator
OS=Windows_NT
PROCESSOR_IDENTIFIER=Intel64 Family 6 Model 58 Stepping 9, GenuineIntel



---------------  S Y S T E M  ---------------

OS: Windows 8.1 , 64 bit Build 9600 

CPU:total 4 (2 cores per cpu, 2 threads per core) family 6 model 58 stepping 9, cmov, cx8, fxsr, mmx, sse, sse2, sse3, ssse3, sse4.1, sse4.2, popcnt, avx, aes, clmul, erms, ht, tsc, tscinvbit, tscinv

Memory: 4k page, physical 8260968k(2005564k free), swap 16649576k(8363224k free)

vm_info: Java HotSpot(TM) 64-Bit Server VM (25.31-b07) for windows-amd64 JRE (1.8.0_31-b13), built on Dec 17 2014 21:00:28 by "java_re" with MS VC++ 10.0 (VS2010)

time: Wed Jul 06 14:45:37 2016
elapsed time: 273 seconds (0d 0h 4m 33s)

