#
# A fatal error has been detected by the Java Runtime Environment:
#
#  EXCEPTION_ACCESS_VIOLATION (0xc0000005) at pc=0x0000000000000001, pid=4792, tid=6156
#
# JRE version: Java(TM) SE Runtime Environment (8.0_31-b13) (build 1.8.0_31-b13)
# Java VM: Java HotSpot(TM) 64-Bit Server VM (25.31-b07 mixed mode windows-amd64 compressed oops)
# Problematic frame:
# C  0x0000000000000001
#
# Failed to write core dump. Minidumps are not enabled by default on client versions of Windows
#
# If you would like to submit a bug report, please visit:
#   http://bugreport.java.com/bugreport/crash.jsp
#

---------------  T H R E A D  ---------------

Current thread (0x000000001a08a800):  JavaThread "Daemon worker Thread 9" [_thread_in_Java, id=6156, stack(0x000000004d080000,0x000000004d180000)]

siginfo: ExceptionCode=0xc0000005, ExceptionInformation=0x0000000000000008 0x0000000000000001

Registers:
RAX=0x00000000c35bdfe8, RBX=0x00000000184fa5a8, RCX=0x00000000027d3b40, RDX=0x0000000000000158
RSP=0x000000004d17c770, RBP=0x0000000000000000, RSI=0x00000000c35bdfe8, RDI=0x0000000000001276
R8 =0x000000001dfad170, R9 =0x00000000c03ba678, R10=0x00000000c35bdfe8, R11=0x00000000049cd4e0
R12=0x0000000000000000, R13=0x000000004d17c5e0, R14=0x0000000000000001, R15=0x000000001a08a800
RIP=0x0000000000000001, EFLAGS=0x0000000000010246

Top of Stack: (sp=0x000000004d17c770)
0x000000004d17c770:   00000000f0a823c8 0000000004a8da8d
0x000000004d17c780:   00000000f0837450 00000000f04b4910
0x000000004d17c790:   00000000216a04f2 000000001a08a800
0x000000004d17c7a0:   00000000f0837440 00000000c35bdf88
0x000000004d17c7b0:   00000000c35bdf70 00000000f0a823c8
0x000000004d17c7c0:   00000000c0371198 00000000f0a822f0
0x000000004d17c7d0:   000000004d17c920 00000000043ac9b4
0x000000004d17c7e0:   00000000f0837f80 00000000058a8458
0x000000004d17c7f0:   00000000c0a89fa0 00000000f0a82308
0x000000004d17c800:   0000000021d50028 00000000f0a82378
0x000000004d17c810:   00000000f0a82390 00000000c35bdf58
0x000000004d17c820:   00000000c35bdf08 000000004d17c888
0x000000004d17c830:   000000004d17c920 00000000043304c4
0x000000004d17c840:   00000000f0a82130 000000004d17c848
0x000000004d17c850:   00000000220b2b50 000000004d17c8a0
0x000000004d17c860:   0000000022077428 0000000000000000 

Instructions: (pc=0x0000000000000001)
0xffffffffffffffe1:   


Register to memory mapping:

RAX=0x00000000c35bdfe8 is an oop
com.android.build.gradle.internal.TaskManager$$Lambda$90/328108681 
 - klass: 'com/android/build/gradle/internal/TaskManager$$Lambda$90'
RBX={method} {0x00000000184fa5b0} 'identity' '(Ljava/lang/Object;)Ljava/lang/Object;' in 'sun/invoke/util/ValueConversions'
RCX=0x00000000027d3b40 is at begin+12 in a stub
MethodHandle::interpreter_entry::_linkToStatic [0x00000000027d3b34, 0x00000000027d3b58[ (36 bytes)
RDX=0x0000000000000158 is an unknown value
RSP=0x000000004d17c770 is pointing into the stack for thread: 0x000000001a08a800
RBP=0x0000000000000000 is an unknown value
RSI=0x00000000c35bdfe8 is an oop
com.android.build.gradle.internal.TaskManager$$Lambda$90/328108681 
 - klass: 'com/android/build/gradle/internal/TaskManager$$Lambda$90'
RDI=0x0000000000001276 is an unknown value
R8 =0x000000001dfad170 is pointing into metadata
R9 =0x00000000c03ba678 is an oop
java.lang.invoke.MemberName 
 - klass: 'java/lang/invoke/MemberName'
R10=0x00000000c35bdfe8 is an oop
com.android.build.gradle.internal.TaskManager$$Lambda$90/328108681 
 - klass: 'com/android/build/gradle/internal/TaskManager$$Lambda$90'
R11=0x00000000049cd4e0 is at entry_point+0 in (nmethod*)0x00000000049cd390
R12=0x0000000000000000 is an unknown value
R13=0x000000004d17c5e0 is pointing into the stack for thread: 0x000000001a08a800
R14=0x0000000000000001 is an unknown value
R15=0x000000001a08a800 is a thread


Stack: [0x000000004d080000,0x000000004d180000],  sp=0x000000004d17c770,  free space=1009k
Native frames: (J=compiled Java code, j=interpreted, Vv=VM code, C=native code)


---------------  P R O C E S S  ---------------

Java Threads: ( => current thread )
  0x000000001a091800 JavaThread "Stdin handler" [_thread_blocked, id=1136, stack(0x000000004d180000,0x000000004d280000)]
=>0x000000001a08a800 JavaThread "Daemon worker Thread 9" [_thread_in_Java, id=6156, stack(0x000000004d080000,0x000000004d180000)]
  0x000000001a091000 JavaThread "Cancel handler" [_thread_blocked, id=5580, stack(0x000000004cf80000,0x000000004d080000)]
  0x000000001a089000 JavaThread "Handler for socket connection from /127.0.0.1:50109 to /127.0.0.1:51347" [_thread_in_native, id=1064, stack(0x000000004ce80000,0x000000004cf80000)]
  0x000000001a090000 JavaThread "Daemon Thread 9" [_thread_blocked, id=6620, stack(0x000000004cd80000,0x000000004ce80000)]
  0x000000001a08e800 JavaThread "pool-13-thread-2" [_thread_blocked, id=11312, stack(0x0000000030080000,0x0000000030180000)]
  0x000000001a08b800 JavaThread "pool-13-thread-4" [_thread_blocked, id=4396, stack(0x000000002ff80000,0x0000000030080000)]
  0x000000001a08e000 JavaThread "pool-13-thread-3" [_thread_blocked, id=8572, stack(0x000000002fe80000,0x000000002ff80000)]
  0x000000001a08a000 JavaThread "pool-13-thread-1" [_thread_blocked, id=11448, stack(0x000000002fd80000,0x000000002fe80000)]
  0x000000001b82c800 JavaThread "pool-2-thread-4" [_thread_blocked, id=9436, stack(0x0000000021b80000,0x0000000021c80000)]
  0x000000001b82c000 JavaThread "pool-2-thread-3" [_thread_blocked, id=5516, stack(0x0000000021a80000,0x0000000021b80000)]
  0x000000001b832000 JavaThread "pool-2-thread-2" [_thread_blocked, id=10616, stack(0x0000000021980000,0x0000000021a80000)]
  0x000000001b830800 JavaThread "pool-2-thread-1" [_thread_blocked, id=11272, stack(0x0000000021880000,0x0000000021980000)]
  0x0000000017e43800 JavaThread "File lock request listener" [_thread_in_native, id=12568, stack(0x000000001a190000,0x000000001a290000)]
  0x0000000017795000 JavaThread "Incoming local TCP Connector on port 50109" [_thread_in_native, id=5764, stack(0x00000000183c0000,0x00000000184c0000)]
  0x000000001647e800 JavaThread "Service Thread" daemon [_thread_blocked, id=11508, stack(0x00000000169f0000,0x0000000016af0000)]
  0x00000000163f3800 JavaThread "C1 CompilerThread2" daemon [_thread_blocked, id=7452, stack(0x00000000168f0000,0x00000000169f0000)]
  0x0000000014dfe000 JavaThread "C2 CompilerThread1" daemon [_thread_blocked, id=10736, stack(0x00000000167f0000,0x00000000168f0000)]
  0x0000000014dfb800 JavaThread "C2 CompilerThread0" daemon [_thread_in_native, id=13148, stack(0x00000000162f0000,0x00000000163f0000)]
  0x0000000014df9800 JavaThread "Attach Listener" daemon [_thread_blocked, id=6600, stack(0x00000000161f0000,0x00000000162f0000)]
  0x0000000014dad800 JavaThread "Signal Dispatcher" daemon [_thread_blocked, id=7204, stack(0x00000000160f0000,0x00000000161f0000)]
  0x0000000002635800 JavaThread "Finalizer" daemon [_thread_blocked, id=1824, stack(0x0000000015ff0000,0x00000000160f0000)]
  0x000000000262d000 JavaThread "Reference Handler" daemon [_thread_blocked, id=12772, stack(0x0000000015ef0000,0x0000000015ff0000)]
  0x0000000002542800 JavaThread "main" [_thread_blocked, id=11160, stack(0x00000000020a0000,0x00000000021a0000)]

Other Threads:
  0x0000000014d66800 VMThread [stack: 0x0000000015df0000,0x0000000015ef0000] [id=12820]
  0x0000000016483800 WatcherThread [stack: 0x0000000016af0000,0x0000000016bf0000] [id=9648]

VM state:not at safepoint (normal execution)

VM Mutex/Monitor currently owned by a thread: None

Heap:
 PSYoungGen      total 291328K, used 98042K [0x00000000eab00000, 0x00000000fe900000, 0x0000000100000000)
  eden space 259072K, 37% used [0x00000000eab00000,0x00000000f0abeb38,0x00000000fa800000)
  from space 32256K, 0% used [0x00000000fc980000,0x00000000fc980000,0x00000000fe900000)
  to   space 33280K, 0% used [0x00000000fa800000,0x00000000fa800000,0x00000000fc880000)
 ParOldGen       total 208896K, used 68462K [0x00000000c0000000, 0x00000000ccc00000, 0x00000000eab00000)
  object space 208896K, 32% used [0x00000000c0000000,0x00000000c42dba68,0x00000000ccc00000)
 Metaspace       used 83814K, capacity 88682K, committed 92456K, reserved 1128448K
  class space    used 10847K, capacity 11483K, committed 12584K, reserved 1048576K

Card table byte_map: [0x0000000011a90000,0x0000000011ca0000] byte_map_base: 0x0000000011490000

Marking Bits: (ParMarkBitMap*) 0x000000007439d4f0
 Begin Bits: [0x0000000012200000, 0x0000000013200000)
 End Bits:   [0x0000000013200000, 0x0000000014200000)

Polling page: 0x00000000001f0000

CodeCache: size=245760Kb used=61675Kb max_used=61675Kb free=184084Kb
 bounds [0x00000000026d0000, 0x0000000006360000, 0x00000000116d0000]
 total_blobs=17666 nmethods=16877 adapters=699
 compilation: enabled

Compilation events (10 events):
Event: 5259.462 Thread 0x00000000163f3800 36616       3       com.google.common.collect.Sets$3::iterator (17 bytes)
Event: 5259.462 Thread 0x00000000163f3800 nmethod 36616 0x000000000634a810 code [0x000000000634a9e0, 0x000000000634b0e8]
Event: 5259.462 Thread 0x00000000163f3800 36617       3       com.google.common.collect.Sets$3::isEmpty (14 bytes)
Event: 5259.463 Thread 0x00000000163f3800 nmethod 36617 0x000000000634a3d0 code [0x000000000634a540, 0x000000000634a768]
Event: 5259.463 Thread 0x00000000163f3800 36618       3       org.gradle.api.internal.tasks.testing.logging.DefaultTestLogging_Decorated::<init> (5 bytes)
Event: 5259.463 Thread 0x00000000163f3800 nmethod 36618 0x000000000634a050 code [0x000000000634a1c0, 0x000000000634a348]
Event: 5259.463 Thread 0x00000000163f3800 36619       3       org.gradle.api.internal.tasks.testing.logging.DefaultTestLogging::<init> (62 bytes)
Event: 5259.464 Thread 0x00000000163f3800 nmethod 36619 0x0000000006349590 code [0x0000000006349740, 0x0000000006349d98]
Event: 5259.464 Thread 0x00000000163f3800 36620       3       org.gradle.api.internal.tasks.testing.DefaultJUnitXmlReport_Decorated::getName (25 bytes)
Event: 5259.465 Thread 0x00000000163f3800 nmethod 36620 0x00000000063534d0 code [0x0000000006353720, 0x0000000006354468]

GC Heap History (10 events):
Event: 3417.025 GC heap before
{Heap before GC invocations=49 (full 9):
 PSYoungGen      total 261120K, used 259822K [0x00000000eab00000, 0x00000000fe280000, 0x0000000100000000)
  eden space 247296K, 99% used [0x00000000eab00000,0x00000000f9b86028,0x00000000f9c80000)
  from space 13824K, 97% used [0x00000000fa500000,0x00000000fb2359a8,0x00000000fb280000)
  to   space 35840K, 0% used [0x00000000fbf80000,0x00000000fbf80000,0x00000000fe280000)
 ParOldGen       total 208896K, used 74028K [0x00000000c0000000, 0x00000000ccc00000, 0x00000000eab00000)
  object space 208896K, 35% used [0x00000000c0000000,0x00000000c484b078,0x00000000ccc00000)
 Metaspace       used 85303K, capacity 90682K, committed 92200K, reserved 1128448K
  class space    used 11198K, capacity 12039K, committed 12584K, reserved 1048576K
Event: 3417.047 GC heap after
Heap after GC invocations=49 (full 9):
 PSYoungGen      total 283648K, used 18181K [0x00000000eab00000, 0x00000000fed00000, 0x0000000100000000)
  eden space 247808K, 0% used [0x00000000eab00000,0x00000000eab00000,0x00000000f9d00000)
  from space 35840K, 50% used [0x00000000fbf80000,0x00000000fd1416d0,0x00000000fe280000)
  to   space 35328K, 0% used [0x00000000f9d00000,0x00000000f9d00000,0x00000000fbf80000)
 ParOldGen       total 208896K, used 74036K [0x00000000c0000000, 0x00000000ccc00000, 0x00000000eab00000)
  object space 208896K, 35% used [0x00000000c0000000,0x00000000c484d078,0x00000000ccc00000)
 Metaspace       used 85303K, capacity 90682K, committed 92200K, reserved 1128448K
  class space    used 11198K, capacity 12039K, committed 12584K, reserved 1048576K
}
Event: 3417.395 GC heap before
{Heap before GC invocations=50 (full 9):
 PSYoungGen      total 283648K, used 230191K [0x00000000eab00000, 0x00000000fed00000, 0x0000000100000000)
  eden space 247808K, 85% used [0x00000000eab00000,0x00000000f7a0a5a0,0x00000000f9d00000)
  from space 35840K, 50% used [0x00000000fbf80000,0x00000000fd1416d0,0x00000000fe280000)
  to   space 35328K, 0% used [0x00000000f9d00000,0x00000000f9d00000,0x00000000fbf80000)
 ParOldGen       total 208896K, used 74036K [0x00000000c0000000, 0x00000000ccc00000, 0x00000000eab00000)
  object space 208896K, 35% used [0x00000000c0000000,0x00000000c484d078,0x00000000ccc00000)
 Metaspace       used 85327K, capacity 90714K, committed 92200K, reserved 1128448K
  class space    used 11202K, capacity 12045K, committed 12584K, reserved 1048576K
Event: 3417.405 GC heap after
Heap after GC invocations=50 (full 9):
 PSYoungGen      total 283136K, used 9504K [0x00000000eab00000, 0x00000000feb00000, 0x0000000100000000)
  eden space 247808K, 0% used [0x00000000eab00000,0x00000000eab00000,0x00000000f9d00000)
  from space 35328K, 26% used [0x00000000f9d00000,0x00000000fa648040,0x00000000fbf80000)
  to   space 34304K, 0% used [0x00000000fc980000,0x00000000fc980000,0x00000000feb00000)
 ParOldGen       total 208896K, used 74044K [0x00000000c0000000, 0x00000000ccc00000, 0x00000000eab00000)
  object space 208896K, 35% used [0x00000000c0000000,0x00000000c484f078,0x00000000ccc00000)
 Metaspace       used 85327K, capacity 90714K, committed 92200K, reserved 1128448K
  class space    used 11202K, capacity 12045K, committed 12584K, reserved 1048576K
}
Event: 3417.405 GC heap before
{Heap before GC invocations=51 (full 10):
 PSYoungGen      total 283136K, used 9504K [0x00000000eab00000, 0x00000000feb00000, 0x0000000100000000)
  eden space 247808K, 0% used [0x00000000eab00000,0x00000000eab00000,0x00000000f9d00000)
  from space 35328K, 26% used [0x00000000f9d00000,0x00000000fa648040,0x00000000fbf80000)
  to   space 34304K, 0% used [0x00000000fc980000,0x00000000fc980000,0x00000000feb00000)
 ParOldGen       total 208896K, used 74044K [0x00000000c0000000, 0x00000000ccc00000, 0x00000000eab00000)
  object space 208896K, 35% used [0x00000000c0000000,0x00000000c484f078,0x00000000ccc00000)
 Metaspace       used 85327K, capacity 90714K, committed 92200K, reserved 1128448K
  class space    used 11202K, capacity 12045K, committed 12584K, reserved 1048576K
Event: 3418.413 GC heap after
Heap after GC invocations=51 (full 10):
 PSYoungGen      total 283136K, used 0K [0x00000000eab00000, 0x00000000feb00000, 0x0000000100000000)
  eden space 247808K, 0% used [0x00000000eab00000,0x00000000eab00000,0x00000000f9d00000)
  from space 35328K, 0% used [0x00000000f9d00000,0x00000000f9d00000,0x00000000fbf80000)
  to   space 34304K, 0% used [0x00000000fc980000,0x00000000fc980000,0x00000000feb00000)
 ParOldGen       total 208896K, used 80506K [0x00000000c0000000, 0x00000000ccc00000, 0x00000000eab00000)
  object space 208896K, 38% used [0x00000000c0000000,0x00000000c4e9e9a8,0x00000000ccc00000)
 Metaspace       used 85274K, capacity 90538K, committed 92200K, reserved 1128448K
  class space    used 11186K, capacity 12029K, committed 12584K, reserved 1048576K
}
Event: 4212.230 GC heap before
{Heap before GC invocations=52 (full 10):
 PSYoungGen      total 283136K, used 226466K [0x00000000eab00000, 0x00000000feb00000, 0x0000000100000000)
  eden space 247808K, 91% used [0x00000000eab00000,0x00000000f8828bf0,0x00000000f9d00000)
  from space 35328K, 0% used [0x00000000f9d00000,0x00000000f9d00000,0x00000000fbf80000)
  to   space 34304K, 0% used [0x00000000fc980000,0x00000000fc980000,0x00000000feb00000)
 ParOldGen       total 208896K, used 80506K [0x00000000c0000000, 0x00000000ccc00000, 0x00000000eab00000)
  object space 208896K, 38% used [0x00000000c0000000,0x00000000c4e9e9a8,0x00000000ccc00000)
 Metaspace       used 85771K, capacity 91522K, committed 92456K, reserved 1128448K
  class space    used 11267K, capacity 12147K, committed 12584K, reserved 1048576K
Event: 4212.241 GC heap after
Heap after GC invocations=52 (full 10):
 PSYoungGen      total 291328K, used 6445K [0x00000000eab00000, 0x00000000fe900000, 0x0000000100000000)
  eden space 259072K, 0% used [0x00000000eab00000,0x00000000eab00000,0x00000000fa800000)
  from space 32256K, 19% used [0x00000000fc980000,0x00000000fcfcb618,0x00000000fe900000)
  to   space 33280K, 0% used [0x00000000fa800000,0x00000000fa800000,0x00000000fc880000)
 ParOldGen       total 208896K, used 80514K [0x00000000c0000000, 0x00000000ccc00000, 0x00000000eab00000)
  object space 208896K, 38% used [0x00000000c0000000,0x00000000c4ea09a8,0x00000000ccc00000)
 Metaspace       used 85771K, capacity 91522K, committed 92456K, reserved 1128448K
  class space    used 11267K, capacity 12147K, committed 12584K, reserved 1048576K
}
Event: 4212.241 GC heap before
{Heap before GC invocations=53 (full 11):
 PSYoungGen      total 291328K, used 6445K [0x00000000eab00000, 0x00000000fe900000, 0x0000000100000000)
  eden space 259072K, 0% used [0x00000000eab00000,0x00000000eab00000,0x00000000fa800000)
  from space 32256K, 19% used [0x00000000fc980000,0x00000000fcfcb618,0x00000000fe900000)
  to   space 33280K, 0% used [0x00000000fa800000,0x00000000fa800000,0x00000000fc880000)
 ParOldGen       total 208896K, used 80514K [0x00000000c0000000, 0x00000000ccc00000, 0x00000000eab00000)
  object space 208896K, 38% used [0x00000000c0000000,0x00000000c4ea09a8,0x00000000ccc00000)
 Metaspace       used 85771K, capacity 91522K, committed 92456K, reserved 1128448K
  class space    used 11267K, capacity 12147K, committed 12584K, reserved 1048576K
Event: 4212.937 GC heap after
Heap after GC invocations=53 (full 11):
 PSYoungGen      total 291328K, used 0K [0x00000000eab00000, 0x00000000fe900000, 0x0000000100000000)
  eden space 259072K, 0% used [0x00000000eab00000,0x00000000eab00000,0x00000000fa800000)
  from space 32256K, 0% used [0x00000000fc980000,0x00000000fc980000,0x00000000fe900000)
  to   space 33280K, 0% used [0x00000000fa800000,0x00000000fa800000,0x00000000fc880000)
 ParOldGen       total 208896K, used 68462K [0x00000000c0000000, 0x00000000ccc00000, 0x00000000eab00000)
  object space 208896K, 32% used [0x00000000c0000000,0x00000000c42dba68,0x00000000ccc00000)
 Metaspace       used 83671K, capacity 88410K, committed 92456K, reserved 1128448K
  class space    used 10822K, capacity 11451K, committed 12584K, reserved 1048576K
}

Deoptimization events (10 events):
Event: 3416.938 Thread 0x000000001b834800 Uncommon trap: reason=class_check action=maybe_recompile pc=0x00000000060b1a34 method=java.io.SequenceInputStream.read([BII)I @ 58
Event: 3416.938 Thread 0x000000001b834800 Uncommon trap: reason=class_check action=maybe_recompile pc=0x00000000060b1a34 method=java.io.SequenceInputStream.read([BII)I @ 58
Event: 4204.791 Thread 0x000000001a090000 Uncommon trap: reason=predicate action=maybe_recompile pc=0x0000000003330d48 method=java.util.TimSort.reverseRange([Ljava/lang/Object;II)V @ 8
Event: 4206.120 Thread 0x000000001a090000 Uncommon trap: reason=bimorphic action=maybe_recompile pc=0x0000000006141c68 method=java.util.Collections.indexedBinarySearch(Ljava/util/List;Ljava/lang/Object;)I @ 39
Event: 4206.235 Thread 0x000000001a090000 Uncommon trap: reason=bimorphic action=maybe_recompile pc=0x0000000006141c68 method=java.util.Collections.indexedBinarySearch(Ljava/util/List;Ljava/lang/Object;)I @ 39
Event: 4206.619 Thread 0x000000001a090000 Uncommon trap: reason=bimorphic action=maybe_recompile pc=0x0000000006141c68 method=java.util.Collections.indexedBinarySearch(Ljava/util/List;Ljava/lang/Object;)I @ 39
Event: 4206.691 Thread 0x000000001a090000 Uncommon trap: reason=class_check action=maybe_recompile pc=0x0000000005355260 method=com.sun.tools.javac.comp.Check.checkConflicts(Lcom/sun/tools/javac/util/JCDiagnostic$DiagnosticPosition;Lcom/sun/tools/javac/code/Symbol;Lcom/sun/tools/javac/code/Symbol$ò(‡o°@
Event: 4207.528 Thread 0x000000001a090000 Uncommon trap: reason=unreached action=reinterpret pc=0x000000000293e488 method=org.objectweb.asm.MethodWriter.visitTypeInsn(ILjava/lang/String;)V @ 24
Event: 4208.258 Thread 0x000000001a090000 Uncommon trap: reason=bimorphic action=maybe_recompile pc=0x0000000005ff39d4 method=com.google.common.collect.ImmutableList.copyOf(Ljava/util/Collection;)Lcom/google/common/collect/ImmutableList; @ 11
Event: 5258.435 Thread 0x000000001a08a800 Uncommon trap: reason=array_check action=maybe_recompile pc=0x00000000060cc784 method=java.util.TimSort.reverseRange([Ljava/lang/Object;II)V @ 20

Internal exceptions (10 events):
Event: 5258.485 Thread 0x000000001a08a800 Exception <a 'java/security/PrivilegedActionException'> (0x00000000ebd186a0) thrown at [C:\workspace\8-2-build-windows-amd64-cygwin\jdk8u31\2394\hotspot\src\share\vm\prims\jvm.cpp, line 1312]
Event: 5258.486 Thread 0x000000001a08a800 Exception <a 'java/security/PrivilegedActionException'> (0x00000000ebd22478) thrown at [C:\workspace\8-2-build-windows-amd64-cygwin\jdk8u31\2394\hotspot\src\share\vm\prims\jvm.cpp, line 1312]
Event: 5258.486 Thread 0x000000001a08a800 Exception <a 'java/security/PrivilegedActionException'> (0x00000000ebd23568) thrown at [C:\workspace\8-2-build-windows-amd64-cygwin\jdk8u31\2394\hotspot\src\share\vm\prims\jvm.cpp, line 1312]
Event: 5258.486 Thread 0x000000001a08a800 Exception <a 'java/security/PrivilegedActionException'> (0x00000000ebd2bd10) thrown at [C:\workspace\8-2-build-windows-amd64-cygwin\jdk8u31\2394\hotspot\src\share\vm\prims\jvm.cpp, line 1312]
Event: 5258.487 Thread 0x000000001a08a800 Exception <a 'java/security/PrivilegedActionException'> (0x00000000ebd30208) thrown at [C:\workspace\8-2-build-windows-amd64-cygwin\jdk8u31\2394\hotspot\src\share\vm\prims\jvm.cpp, line 1312]
Event: 5258.488 Thread 0x000000001a08a800 Exception <a 'java/security/PrivilegedActionException'> (0x00000000ebd3a6f0) thrown at [C:\workspace\8-2-build-windows-amd64-cygwin\jdk8u31\2394\hotspot\src\share\vm\prims\jvm.cpp, line 1312]
Event: 5258.488 Thread 0x000000001a08a800 Exception <a 'java/security/PrivilegedActionException'> (0x00000000ebd3bbb8) thrown at [C:\workspace\8-2-build-windows-amd64-cygwin\jdk8u31\2394\hotspot\src\share\vm\prims\jvm.cpp, line 1312]
Event: 5258.488 Thread 0x000000001a08a800 Exception <a 'java/security/PrivilegedActionException'> (0x00000000ebd453e0) thrown at [C:\workspace\8-2-build-windows-amd64-cygwin\jdk8u31\2394\hotspot\src\share\vm\prims\jvm.cpp, line 1312]
Event: 5258.997 Thread 0x000000001a08a800 Exception <a 'java/lang/reflect/InvocationTargetException'> (0x00000000ee596340) thrown at [C:\workspace\8-2-build-windows-amd64-cygwin\jdk8u31\2394\hotspot\src\share\vm\runtime\reflection.cpp, line 1080]
Event: 5259.001 Thread 0x000000001a08a800 Exception <a 'java/lang/reflect/InvocationTargetException'> (0x00000000ee5e8128) thrown at [C:\workspace\8-2-build-windows-amd64-cygwin\jdk8u31\2394\hotspot\src\share\vm\runtime\reflection.cpp, line 1080]

Events (10 events):
Event: 5258.530 Executing VM operation: ForceSafepoint
Event: 5258.530 Executing VM operation: ForceSafepoint done
Event: 5258.533 Thread 0x00000000163f3800 flushing nmethod 0x0000000003f0ee90
Event: 5258.617 Thread 0x0000000014dfb800 flushing nmethod 0x0000000005248190
Event: 5258.739 Executing VM operation: ForceSafepoint
Event: 5258.740 Executing VM operation: ForceSafepoint done
Event: 5259.001 Executing VM operation: ForceSafepoint
Event: 5259.002 Executing VM operation: ForceSafepoint done
Event: 5259.382 Executing VM operation: ForceSafepoint
Event: 5259.382 Executing VM operation: ForceSafepoint done


Dynamic libraries:
0x00007ff658830000 - 0x00007ff658864000 	C:\Program Files\Java\jdk1.8.0_31\bin\java.exe
0x00007ffc6f4b0000 - 0x00007ffc6f671000 	C:\WINDOWS\SYSTEM32\ntdll.dll
0x00007ffc6d710000 - 0x00007ffc6d7bd000 	C:\WINDOWS\system32\KERNEL32.DLL
0x00007ffc6c3d0000 - 0x00007ffc6c5b8000 	C:\WINDOWS\system32\KERNELBASE.dll
0x00007ffc6ed80000 - 0x00007ffc6ee27000 	C:\WINDOWS\system32\ADVAPI32.dll
0x00007ffc6ce60000 - 0x00007ffc6cefd000 	C:\WINDOWS\system32\msvcrt.dll
0x00007ffc6d220000 - 0x00007ffc6d27b000 	C:\WINDOWS\system32\sechost.dll
0x00007ffc6d550000 - 0x00007ffc6d66c000 	C:\WINDOWS\system32\RPCRT4.dll
0x00007ffc6f350000 - 0x00007ffc6f4a6000 	C:\WINDOWS\system32\USER32.dll
0x00007ffc6ca70000 - 0x00007ffc6cbf6000 	C:\WINDOWS\system32\GDI32.dll
0x00007ffc662e0000 - 0x00007ffc66554000 	C:\WINDOWS\WinSxS\amd64_microsoft.windows.common-controls_6595b64144ccf1df_6.0.10586.0_none_8c15ae12515e1c22\COMCTL32.dll
0x00007ffc6cfa0000 - 0x00007ffc6d21d000 	C:\WINDOWS\system32\combase.dll
0x00007ffc6c360000 - 0x00007ffc6c3ca000 	C:\WINDOWS\system32\bcryptPrimitives.dll
0x00007ffc6cf00000 - 0x00007ffc6cf3b000 	C:\WINDOWS\system32\IMM32.DLL
0x0000000074710000 - 0x00000000747e2000 	C:\Program Files\Java\jdk1.8.0_31\jre\bin\msvcr100.dll
0x0000000073bc0000 - 0x000000007441a000 	C:\Program Files\Java\jdk1.8.0_31\jre\bin\server\jvm.dll
0x00007ffc6d670000 - 0x00007ffc6d678000 	C:\WINDOWS\system32\PSAPI.DLL
0x00007ffc63ef0000 - 0x00007ffc63ef9000 	C:\WINDOWS\SYSTEM32\WSOCK32.dll
0x00007ffc6ee50000 - 0x00007ffc6eebb000 	C:\WINDOWS\system32\WS2_32.dll
0x00007ffc69d00000 - 0x00007ffc69d23000 	C:\WINDOWS\SYSTEM32\WINMM.dll
0x00007ffc69cd0000 - 0x00007ffc69cfc000 	C:\WINDOWS\SYSTEM32\WINMMBASE.dll
0x00007ffc6c7b0000 - 0x00007ffc6c7f3000 	C:\WINDOWS\system32\cfgmgr32.dll
0x0000000074700000 - 0x000000007470f000 	C:\Program Files\Java\jdk1.8.0_31\jre\bin\verify.dll
0x00000000746d0000 - 0x00000000746f8000 	C:\Program Files\Java\jdk1.8.0_31\jre\bin\java.dll
0x00000000746b0000 - 0x00000000746c6000 	C:\Program Files\Java\jdk1.8.0_31\jre\bin\zip.dll
0x00007ffc6d7c0000 - 0x00007ffc6ed1c000 	C:\WINDOWS\system32\SHELL32.dll
0x00007ffc6bbf0000 - 0x00007ffc6c234000 	C:\WINDOWS\system32\windows.storage.dll
0x00007ffc6ed20000 - 0x00007ffc6ed72000 	C:\WINDOWS\system32\shlwapi.dll
0x00007ffc6bab0000 - 0x00007ffc6babf000 	C:\WINDOWS\system32\kernel.appcore.dll
0x00007ffc6c2a0000 - 0x00007ffc6c355000 	C:\WINDOWS\system32\shcore.dll
0x00007ffc6baf0000 - 0x00007ffc6bb3b000 	C:\WINDOWS\system32\powrprof.dll
0x00007ffc6bad0000 - 0x00007ffc6bae4000 	C:\WINDOWS\system32\profapi.dll
0x0000000074690000 - 0x00000000746aa000 	C:\Program Files\Java\jdk1.8.0_31\jre\bin\net.dll
0x00007ffc6b380000 - 0x00007ffc6b3dc000 	C:\WINDOWS\system32\mswsock.dll
0x0000000074670000 - 0x0000000074681000 	C:\Program Files\Java\jdk1.8.0_31\jre\bin\nio.dll
0x00007ffc61fc0000 - 0x00007ffc61fd2000 	C:\Users\Administrator\.gradle\native\19\windows-amd64\native-platform.dll
0x00007ffc66e00000 - 0x00007ffc66e38000 	C:\WINDOWS\SYSTEM32\IPHLPAPI.DLL
0x00007ffc6d540000 - 0x00007ffc6d548000 	C:\WINDOWS\system32\NSI.dll
0x00007ffc66b80000 - 0x00007ffc66b96000 	C:\WINDOWS\SYSTEM32\dhcpcsvc6.DLL
0x00007ffc66b00000 - 0x00007ffc66b1a000 	C:\WINDOWS\SYSTEM32\dhcpcsvc.DLL
0x00007ffc6b430000 - 0x00007ffc6b447000 	C:\WINDOWS\SYSTEM32\CRYPTSP.dll
0x00007ffc6b0c0000 - 0x00007ffc6b0f4000 	C:\WINDOWS\system32\rsaenh.dll
0x00007ffc6b9e0000 - 0x00007ffc6ba09000 	C:\WINDOWS\SYSTEM32\bcrypt.dll
0x00007ffc6b210000 - 0x00007ffc6b22f000 	C:\WINDOWS\SYSTEM32\USERENV.dll
0x00007ffc6b9d0000 - 0x00007ffc6b9db000 	C:\WINDOWS\SYSTEM32\CRYPTBASE.dll
0x0000000074660000 - 0x000000007466d000 	C:\Program Files\Java\jdk1.8.0_31\jre\bin\management.dll
0x00007ffc5e580000 - 0x00007ffc5e596000 	C:\WINDOWS\system32\napinsp.dll
0x00007ffc5b120000 - 0x00007ffc5b13a000 	C:\WINDOWS\system32\pnrpnsp.dll
0x00007ffc69520000 - 0x00007ffc69538000 	C:\WINDOWS\system32\NLAapi.dll
0x00007ffc6a4d0000 - 0x00007ffc6a57a000 	C:\WINDOWS\SYSTEM32\DNSAPI.dll
0x00007ffc5e5a0000 - 0x00007ffc5e5ad000 	C:\WINDOWS\System32\winrnr.dll
0x00007ffc5f5f0000 - 0x00007ffc5f605000 	C:\WINDOWS\System32\wshbth.dll
0x00007ffc64f80000 - 0x00007ffc64f8a000 	C:\Windows\System32\rasadhlp.dll
0x00007ffc66c30000 - 0x00007ffc66c97000 	C:\WINDOWS\System32\fwpuclnt.dll
0x00000000744d0000 - 0x00000000744d9000 	C:\Program Files\Java\jdk1.8.0_31\jre\bin\attach.dll
0x00000000744a0000 - 0x00000000744c3000 	C:\Program Files\Java\jdk1.8.0_31\jre\bin\instrument.dll
0x0000000074470000 - 0x0000000074494000 	C:\Program Files\Java\jdk1.8.0_31\jre\bin\sunec.dll
0x00007ffc47b60000 - 0x00007ffc47cec000 	C:\WINDOWS\SYSTEM32\dbghelp.dll

VM Arguments:
jvm_args: -XX:MaxPermSize=256m -XX:+HeapDumpOnOutOfMemoryError -Xmx1024m -Dfile.encoding=GBK -Duser.country=CN -Duser.language=zh -Duser.variant 
java_command: org.gradle.launcher.daemon.bootstrap.GradleDaemon 2.10
java_class_path (initial): C:\Users\Administrator\.gradle\wrapper\dists\gradle-2.10-all\a4w5fzrkeut1ox71xslb49gst\gradle-2.10\lib\gradle-launcher-2.10.jar
Launcher Type: SUN_STANDARD

Environment Variables:
JAVA_HOME=C:\Program Files\Java\jdk1.8.0_31
CLASSPATH=C:\Program Files\Java\jdk1.8.0_31/lib/rt.jar;C:\Program Files\Java\jdk1.8.0_31/lib/tools.jar
PATH=C:\ProgramData\Oracle\Java\javapath;C:\WINDOWS\system32;C:\WINDOWS;C:\WINDOWS\System32\Wbem;C:\WINDOWS\System32\WindowsPowerShell\v1.0\;C:\Program Files (x86)\Intel\OpenCL SDK\2.0\bin\x86;C:\Program Files (x86)\Intel\OpenCL SDK\2.0\bin\x64;C:\Program Files (x86)\ATI Technologies\ATI.ACE\Core-Static;C:\Program Files (x86)\Skype\Phone\;C:\Program Files\Java\jdk1.8.0_31/bin;C:\Program Files\TortoiseSVN\bin;C:\Program Files (x86)\SSH Communications Security\SSH Secure Shell;F:\cubieboard\PhoenixSuit1.0.7\
USERNAME=Administrator
OS=Windows_NT
PROCESSOR_IDENTIFIER=Intel64 Family 6 Model 58 Stepping 9, GenuineIntel



---------------  S Y S T E M  ---------------

OS: Windows 8.1 , 64 bit Build 9600 

CPU:total 4 (2 cores per cpu, 2 threads per core) family 6 model 58 stepping 9, cmov, cx8, fxsr, mmx, sse, sse2, sse3, ssse3, sse4.1, sse4.2, popcnt, avx, aes, clmul, erms, ht, tsc, tscinvbit, tscinv

Memory: 4k page, physical 8260968k(1798696k free), swap 16649576k(8040624k free)

vm_info: Java HotSpot(TM) 64-Bit Server VM (25.31-b07) for windows-amd64 JRE (1.8.0_31-b13), built on Dec 17 2014 21:00:28 by "java_re" with MS VC++ 10.0 (VS2010)

time: Tue May 24 17:56:53 2016
elapsed time: 5259 seconds (0d 1h 27m 39s)

